<?xml version="1.0" encoding="UTF-8"?>
<robot generator="Robot 7.3.2 (Python 3.13.1 on win32)" generated="2025-07-23T16:36:30.155974" rpa="false" schemaversion="5">
<suite id="s1" name="Hello" source="C:\Users\lenovo\E-commerce-App-main\robot-tests\hello.robot">
<kw name="Log" owner="BuiltIn" type="SETUP">
<msg time="2025-07-23T16:36:30.812657" level="INFO">Suite de tests e-commerce démarrée</msg>
<arg>Suite de tests e-commerce démarrée</arg>
<doc>Logs the given message with the given level.</doc>
<status status="PASS" start="2025-07-23T16:36:30.812096" elapsed="0.000629"/>
</kw>
<test id="s1-t1" name="TC001 - Vérifier le chargement de la page d'accueil" line="230">
<kw name="Open Browser Setup" type="SETUP">
<kw name="Open Browser" owner="SeleniumLibrary">
<msg time="2025-07-23T16:36:30.814471" level="INFO">Opening browser 'firefox' to base url 'http://localhost:4200'.</msg>
<msg time="2025-07-23T16:40:50.709500" level="INFO" html="true">&lt;/td&gt;&lt;/tr&gt;&lt;tr&gt;&lt;td colspan="3"&gt;&lt;a href="selenium-screenshot-100.png"&gt;&lt;img src="selenium-screenshot-100.png" width="800px"&gt;&lt;/a&gt;</msg>
<msg time="2025-07-23T16:40:50.713471" level="FAIL">WebDriverException: Message: Reached error page: about:neterror?e=connectionFailure&amp;u=http%3A//localhost%3A4200/&amp;c=UTF-8&amp;d=Firefox%20can%E2%80%99t%20establish%20a%20connection%20to%20the%20server%20at%20localhost%3A4200.
Stacktrace:
RemoteError@chrome://remote/content/shared/RemoteError.sys.mjs:8:8
WebDriverError@chrome://remote/content/shared/webdriver/Errors.sys.mjs:199:5
UnknownError@chrome://remote/content/shared/webdriver/Errors.sys.mjs:910:5
checkReadyState@chrome://remote/content/marionette/navigate.sys.mjs:59:24
onNavigation@chrome://remote/content/marionette/navigate.sys.mjs:348:39
emit@resource://gre/modules/EventEmitter.sys.mjs:156:19
receiveMessage@chrome://remote/content/marionette/actors/MarionetteEventsParent.sys.mjs:33:25
</msg>
<arg>${BASE_URL}</arg>
<arg>${BROWSER}</arg>
<doc>Opens a new browser instance to the optional ``url``.</doc>
<status status="FAIL" start="2025-07-23T16:36:30.814188" elapsed="260.156422">WebDriverException: Message: Reached error page: about:neterror?e=connectionFailure&amp;u=http%3A//localhost%3A4200/&amp;c=UTF-8&amp;d=Firefox%20can%E2%80%99t%20establish%20a%20connection%20to%20the%20server%20at%20localhost%3A4200.
Stacktrace:
RemoteError@chrome://remote/content/shared/RemoteError.sys.mjs:8:8
WebDriverError@chrome://remote/content/shared/webdriver/Errors.sys.mjs:199:5
UnknownError@chrome://remote/content/shared/webdriver/Errors.sys.mjs:910:5
checkReadyState@chrome://remote/content/marionette/navigate.sys.mjs:59:24
onNavigation@chrome://remote/content/marionette/navigate.sys.mjs:348:39
emit@resource://gre/modules/EventEmitter.sys.mjs:156:19
receiveMessage@chrome://remote/content/marionette/actors/MarionetteEventsParent.sys.mjs:33:25
</status>
</kw>
<kw name="Maximize Browser Window" owner="SeleniumLibrary">
<doc>Maximizes current browser window.</doc>
<status status="NOT RUN" start="2025-07-23T16:40:50.972862" elapsed="0.001481"/>
</kw>
<kw name="Set Selenium Timeout" owner="SeleniumLibrary">
<arg>${TIMEOUT}</arg>
<doc>Sets the timeout that is used by various keywords.</doc>
<status status="NOT RUN" start="2025-07-23T16:40:50.974538" elapsed="0.000039"/>
</kw>
<kw name="Wait Until Page Contains Element" owner="SeleniumLibrary">
<arg>css:body</arg>
<arg>timeout=${TIMEOUT}</arg>
<doc>Waits until the element ``locator`` appears on the current page.</doc>
<status status="NOT RUN" start="2025-07-23T16:40:50.974708" elapsed="0.000032"/>
</kw>
<status status="FAIL" start="2025-07-23T16:36:30.813931" elapsed="260.161296">WebDriverException: Message: Reached error page: about:neterror?e=connectionFailure&amp;u=http%3A//localhost%3A4200/&amp;c=UTF-8&amp;d=Firefox%20can%E2%80%99t%20establish%20a%20connection%20to%20the%20server%20at%20localhost%3A4200.
Stacktrace:
RemoteError@chrome://remote/content/shared/RemoteError.sys.mjs:8:8
WebDriverError@chrome://remote/content/shared/webdriver/Errors.sys.mjs:199:5
UnknownError@chrome://remote/content/shared/webdriver/Errors.sys.mjs:910:5
checkReadyState@chrome://remote/content/marionette/navigate.sys.mjs:59:24
onNavigation@chrome://remote/content/marionette/navigate.sys.mjs:348:39
emit@resource://gre/modules/EventEmitter.sys.mjs:156:19
receiveMessage@chrome://remote/content/marionette/actors/MarionetteEventsParent.sys.mjs:33:25
</status>
</kw>
<kw name="Close Browser And Capture On Failure" type="TEARDOWN">
<kw name="Run Keyword If Test Failed" owner="BuiltIn">
<kw name="Capture Page Screenshot" owner="SeleniumLibrary">
<msg time="2025-07-23T16:40:51.002376" level="INFO" html="true">&lt;/td&gt;&lt;/tr&gt;&lt;tr&gt;&lt;td colspan="3"&gt;&lt;a href="failure-10.png"&gt;&lt;img src="failure-10.png" width="800px"&gt;&lt;/a&gt;</msg>
<arg>failure-{index}.png</arg>
<doc>Takes a screenshot of the current page and embeds it into a log file.</doc>
<status status="PASS" start="2025-07-23T16:40:50.978766" elapsed="0.023918"/>
</kw>
<arg>Capture Page Screenshot</arg>
<arg>failure-{index}.png</arg>
<doc>Runs the given keyword with the given arguments, if the test failed.</doc>
<status status="PASS" start="2025-07-23T16:40:50.978438" elapsed="0.024342"/>
</kw>
<kw name="Run Keyword If Test Failed" owner="BuiltIn">
<kw name="Log Source" owner="SeleniumLibrary">
<msg time="2025-07-23T16:40:51.006576" level="INFO">&lt;html data-l10n-sync="true" lang="en-US" dir="ltr"&gt;&lt;head&gt;
    &lt;meta http-equiv="Content-Security-Policy" content="default-src chrome:; object-src 'none'"&gt;
    &lt;meta name="color-scheme" content="light dark"&gt;
    &lt;title data-l10n-id="neterror-page-title"&gt;Problem loading page&lt;/title&gt;
    &lt;link rel="stylesheet" href="chrome://global/skin/aboutNetError.css" type="text/css" media="all"&gt;
    &lt;link rel="icon" id="favicon" href="chrome://global/skin/icons/info.svg"&gt;
    &lt;link rel="localization" href="branding/brand.ftl"&gt;
    &lt;link rel="localization" href="toolkit/neterror/certError.ftl"&gt;
    &lt;link rel="localization" href="toolkit/neterror/netError.ftl"&gt;
  &lt;/head&gt;
  &lt;body class="neterror"&gt;
    &lt;div class="container"&gt;
      &lt;div id="text-container"&gt;
        &lt;!-- Error Title --&gt;
        &lt;div class="title"&gt;
          &lt;h1 class="title-text" data-l10n-id="connectionFailure-title"&gt;Unable to connect&lt;/h1&gt;
        &lt;/div&gt;

        &lt;!-- Short Description --&gt;
        &lt;p id="errorShortDesc"&gt;Firefox can’t establish a connection to the server at localhost:4200.&lt;/p&gt;
        &lt;p id="errorShortDesc2"&gt;&lt;/p&gt;

        &lt;div id="errorWhatToDo" hidden=""&gt;
          &lt;p id="errorWhatToDoTitle" data-l10n-id="certerror-what-can-you-do-about-it-title"&gt;What can you do about it?&lt;/p&gt;
          &lt;p id="badStsCertExplanation" hidden=""&gt;&lt;/p&gt;
          &lt;p id="errorWhatToDoText"&gt;&lt;/p&gt;
        &lt;/div&gt;

        &lt;!-- Long Description --&gt;
        &lt;div id="errorLongDesc"&gt;&lt;ul&gt;&lt;li data-l10n-id="neterror-load-error-try-again"&gt;The site could be temporarily unavailable or too busy. Try again in a few moments.&lt;/li&gt;&lt;li data-l10n-id="neterror-load-error-connection"&gt;If you are unable to load any pages, check your computer’s network connection.&lt;/li&gt;&lt;li data-l10n-id="neterror-load-error-firewall"&gt;If your computer or network is protected by a firewall or proxy, make sure that Firefox is permitted to access the web.&lt;/li&gt;&lt;/ul&gt;&lt;/div&gt;

        &lt;div id="trrOnlyContainer" hidden=""&gt;
          &lt;p id="trrOnlyMessage"&gt;&lt;/p&gt;
          &lt;div class="trr-message-container"&gt;
            &lt;span id="trrOnlyDescription"&gt;&lt;/span&gt;
            &lt;p id="trrLearnMoreContainer" hidden=""&gt;
              &lt;a id="trrOnlylearnMoreLink" target="_blank" rel="noopener noreferrer" data-l10n-id="neterror-learn-more-link"&gt;Learn more…&lt;/a&gt;
            &lt;/p&gt;
          &lt;/div&gt;
          &lt;p data-l10n-id="neterror-dns-not-found-trr-third-party-warning2"&gt;You can continue with your default DNS resolver. However, a third-party might be able to see what websites you visit.&lt;/p&gt;
        &lt;/div&gt;

        &lt;p id="tlsVersionNotice" hidden=""&gt;&lt;/p&gt;

        &lt;p id="learnMoreContainer" hidden=""&gt;
          &lt;a id="learnMoreLink" target="_blank" rel="noopener noreferrer" data-telemetry-id="learn_more_link" data-l10n-id="neterror-learn-more-link" href="https://support.mozilla.org/1/firefox/141.0/WINNT/en-US/connection-not-secure"&gt;Learn more…&lt;/a&gt;
        &lt;/p&gt;

        &lt;!-- UI for option to report certificate errors to Mozilla. Removed on
             init for other error types .--&gt;
        &lt;div id="prefChangeContainer" class="button-container" hidden=""&gt;
          &lt;p data-l10n-id="neterror-pref-reset"&gt;It looks like your network security settings might be causing this. Do you want the default settings to be restored?&lt;/p&gt;
          &lt;button id="prefResetButton" class="primary" data-l10n-id="neterror-pref-reset-button"&gt;Restore default settings&lt;/button&gt;
        &lt;/div&gt;

        &lt;div id="certErrorAndCaptivePortalButtonContainer" class="button-container" hidden=""&gt;
          &lt;button id="returnButton" class="primary" data-telemetry-id="return_button_top" data-l10n-id="neterror-return-to-previous-page-recommended-button"&gt;Go Back (Recommended)&lt;/button&gt;
          &lt;button id="openPortalLoginPageButton" class="primary" data-l10n-id="neterror-open-portal-login-page-button" hidden=""&gt;Open Network Login Page&lt;/button&gt;
          &lt;button id="certErrorTryAgainButton" class="primary try-again" data-l10n-id="neterror-try-again-button" hidden=""&gt;Try Again&lt;/button&gt;
          &lt;button id="advancedButton" data-telemetry-id="advanced_button" data-l10n-id="neterror-advanced-button"&gt;Advanced…&lt;/button&gt;
        &lt;/div&gt;
      &lt;/div&gt;

      &lt;div id="netErrorButtonContainer" class="button-container"&gt;&lt;button id="neterrorTryAgainButton" class="primary try-again" data-l10n-id="neterror-try-again-button" data-telemetry-id="try_again_button"&gt;Try Again&lt;/button&gt;
        
        &lt;button id="trrExceptionButton" data-l10n-id="neterror-add-exception-button" data-telemetry-id="add_exception_button" hidden=""&gt;Always continue for this site&lt;/button&gt;
        &lt;button id="trrSettingsButton" data-l10n-id="neterror-settings-button" data-telemetry-id="settings_button" hidden=""&gt;Change DNS settings&lt;/button&gt;
      &lt;/div&gt;

      &lt;div class="advanced-panel-container"&gt;
        &lt;div id="badCertAdvancedPanel" class="advanced-panel" hidden=""&gt;
          &lt;p id="badCertTechnicalInfo"&gt;&lt;/p&gt;
          &lt;a id="viewCertificate" href="javascript:void(0)" data-l10n-id="neterror-view-certificate-link"&gt;View Certificate&lt;/a&gt;
          &lt;div id="advancedPanelButtonContainer" class="button-container"&gt;
            &lt;button id="advancedPanelReturnButton" class="primary" data-telemetry-id="return_button_adv" data-l10n-id="neterror-return-to-previous-page-recommended-button"&gt;Go Back (Recommended)&lt;/button&gt;
            &lt;button id="advancedPanelTryAgainButton" class="primary try-again" data-l10n-id="neterror-try-again-button" hidden=""&gt;Try Again&lt;/button&gt;
            &lt;button id="exceptionDialogButton" data-telemetry-id="exception_button" data-l10n-id="neterror-override-exception-button"&gt;Accept the Risk and Continue&lt;/button&gt;
          &lt;/div&gt;
        &lt;/div&gt;

        &lt;div id="certificateErrorDebugInformation" class="advanced-panel" hidden=""&gt;
          &lt;button id="copyToClipboardTop" data-telemetry-id="clipboard_button_top" data-l10n-id="neterror-copy-to-clipboard-button"&gt;Copy text to clipboard&lt;/button&gt;
          &lt;div id="certificateErrorText"&gt;&lt;/div&gt;
          &lt;button id="copyToClipboardBottom" data-telemetry-id="clipboard_button_bot" data-l10n-id="neterror-copy-to-clipboard-button"&gt;Copy text to clipboard&lt;/button&gt;
        &lt;/div&gt;
      &lt;/div&gt;
    &lt;/div&gt;
    &lt;script src="chrome://global/content/neterror/aboutNetErrorCodes.js"&gt;&lt;/script&gt;
    &lt;script type="module" src="chrome://global/content/aboutNetError.mjs"&gt;&lt;/script&gt;
  

&lt;/body&gt;&lt;/html&gt;</msg>
<doc>Logs and returns the HTML source of the current page or frame.</doc>
<status status="PASS" start="2025-07-23T16:40:51.003124" elapsed="0.004291"/>
</kw>
<arg>Log Source</arg>
<doc>Runs the given keyword with the given arguments, if the test failed.</doc>
<status status="PASS" start="2025-07-23T16:40:51.002949" elapsed="0.004575"/>
</kw>
<kw name="Close Browser" owner="SeleniumLibrary">
<doc>Closes the current browser.</doc>
<status status="PASS" start="2025-07-23T16:40:51.007692" elapsed="3.307090"/>
</kw>
<status status="PASS" start="2025-07-23T16:40:50.977911" elapsed="3.337060"/>
</kw>
<doc>Vérifier que la page d'accueil se charge correctement</doc>
<tag>smoke</tag>
<tag>ui</tag>
<status status="FAIL" start="2025-07-23T16:36:30.812868" elapsed="263.502891">Setup failed:
WebDriverException: Message: Reached error page: about:neterror?e=connectionFailure&amp;u=http%3A//localhost%3A4200/&amp;c=UTF-8&amp;d=Firefox%20can%E2%80%99t%20establish%20a%20connection%20to%20the%20server%20at%20localhost%3A4200.
Stacktrace:
RemoteError@chrome://remote/content/shared/RemoteError.sys.mjs:8:8
WebDriverError@chrome://remote/content/shared/webdriver/Errors.sys.mjs:199:5
UnknownError@chrome://remote/content/shared/webdriver/Errors.sys.mjs:910:5
checkReadyState@chrome://remote/content/marionette/navigate.sys.mjs:59:24
onNavigation@chrome://remote/content/marionette/navigate.sys.mjs:348:39
emit@resource://gre/modules/EventEmitter.sys.mjs:156:19
receiveMessage@chrome://remote/content/marionette/actors/MarionetteEventsParent.sys.mjs:33:25
</status>
</test>
<test id="s1-t2" name="TC002 - Navigation vers la page de connexion" line="236">
<kw name="Open Browser Setup" type="SETUP">
<kw name="Open Browser" owner="SeleniumLibrary">
<msg time="2025-07-23T16:40:54.322667" level="INFO">Opening browser 'firefox' to base url 'http://localhost:4200'.</msg>
<msg time="2025-07-23T16:41:07.388432" level="INFO" html="true">&lt;/td&gt;&lt;/tr&gt;&lt;tr&gt;&lt;td colspan="3"&gt;&lt;a href="selenium-screenshot-101.png"&gt;&lt;img src="selenium-screenshot-101.png" width="800px"&gt;&lt;/a&gt;</msg>
<msg time="2025-07-23T16:41:07.388645" level="FAIL">WebDriverException: Message: Reached error page: about:neterror?e=connectionFailure&amp;u=http%3A//localhost%3A4200/&amp;c=UTF-8&amp;d=Firefox%20can%E2%80%99t%20establish%20a%20connection%20to%20the%20server%20at%20localhost%3A4200.
Stacktrace:
RemoteError@chrome://remote/content/shared/RemoteError.sys.mjs:8:8
WebDriverError@chrome://remote/content/shared/webdriver/Errors.sys.mjs:199:5
UnknownError@chrome://remote/content/shared/webdriver/Errors.sys.mjs:910:5
checkReadyState@chrome://remote/content/marionette/navigate.sys.mjs:59:24
onNavigation@chrome://remote/content/marionette/navigate.sys.mjs:348:39
emit@resource://gre/modules/EventEmitter.sys.mjs:156:19
receiveMessage@chrome://remote/content/marionette/actors/MarionetteEventsParent.sys.mjs:33:25
</msg>
<arg>${BASE_URL}</arg>
<arg>${BROWSER}</arg>
<doc>Opens a new browser instance to the optional ``url``.</doc>
<status status="FAIL" start="2025-07-23T16:40:54.322246" elapsed="13.068034">WebDriverException: Message: Reached error page: about:neterror?e=connectionFailure&amp;u=http%3A//localhost%3A4200/&amp;c=UTF-8&amp;d=Firefox%20can%E2%80%99t%20establish%20a%20connection%20to%20the%20server%20at%20localhost%3A4200.
Stacktrace:
RemoteError@chrome://remote/content/shared/RemoteError.sys.mjs:8:8
WebDriverError@chrome://remote/content/shared/webdriver/Errors.sys.mjs:199:5
UnknownError@chrome://remote/content/shared/webdriver/Errors.sys.mjs:910:5
checkReadyState@chrome://remote/content/marionette/navigate.sys.mjs:59:24
onNavigation@chrome://remote/content/marionette/navigate.sys.mjs:348:39
emit@resource://gre/modules/EventEmitter.sys.mjs:156:19
receiveMessage@chrome://remote/content/marionette/actors/MarionetteEventsParent.sys.mjs:33:25
</status>
</kw>
<kw name="Maximize Browser Window" owner="SeleniumLibrary">
<doc>Maximizes current browser window.</doc>
<status status="NOT RUN" start="2025-07-23T16:41:07.390477" elapsed="0.000041"/>
</kw>
<kw name="Set Selenium Timeout" owner="SeleniumLibrary">
<arg>${TIMEOUT}</arg>
<doc>Sets the timeout that is used by various keywords.</doc>
<status status="NOT RUN" start="2025-07-23T16:41:07.390622" elapsed="0.000030"/>
</kw>
<kw name="Wait Until Page Contains Element" owner="SeleniumLibrary">
<arg>css:body</arg>
<arg>timeout=${TIMEOUT}</arg>
<doc>Waits until the element ``locator`` appears on the current page.</doc>
<status status="NOT RUN" start="2025-07-23T16:41:07.390760" elapsed="0.000027"/>
</kw>
<status status="FAIL" start="2025-07-23T16:40:54.321857" elapsed="13.069045">WebDriverException: Message: Reached error page: about:neterror?e=connectionFailure&amp;u=http%3A//localhost%3A4200/&amp;c=UTF-8&amp;d=Firefox%20can%E2%80%99t%20establish%20a%20connection%20to%20the%20server%20at%20localhost%3A4200.
Stacktrace:
RemoteError@chrome://remote/content/shared/RemoteError.sys.mjs:8:8
WebDriverError@chrome://remote/content/shared/webdriver/Errors.sys.mjs:199:5
UnknownError@chrome://remote/content/shared/webdriver/Errors.sys.mjs:910:5
checkReadyState@chrome://remote/content/marionette/navigate.sys.mjs:59:24
onNavigation@chrome://remote/content/marionette/navigate.sys.mjs:348:39
emit@resource://gre/modules/EventEmitter.sys.mjs:156:19
receiveMessage@chrome://remote/content/marionette/actors/MarionetteEventsParent.sys.mjs:33:25
</status>
</kw>
<kw name="Close Browser And Capture On Failure" type="TEARDOWN">
<kw name="Run Keyword If Test Failed" owner="BuiltIn">
<kw name="Capture Page Screenshot" owner="SeleniumLibrary">
<msg time="2025-07-23T16:41:07.413388" level="INFO" html="true">&lt;/td&gt;&lt;/tr&gt;&lt;tr&gt;&lt;td colspan="3"&gt;&lt;a href="failure-11.png"&gt;&lt;img src="failure-11.png" width="800px"&gt;&lt;/a&gt;</msg>
<arg>failure-{index}.png</arg>
<doc>Takes a screenshot of the current page and embeds it into a log file.</doc>
<status status="PASS" start="2025-07-23T16:41:07.391826" elapsed="0.021814"/>
</kw>
<arg>Capture Page Screenshot</arg>
<arg>failure-{index}.png</arg>
<doc>Runs the given keyword with the given arguments, if the test failed.</doc>
<status status="PASS" start="2025-07-23T16:41:07.391675" elapsed="0.022178"/>
</kw>
<kw name="Run Keyword If Test Failed" owner="BuiltIn">
<kw name="Log Source" owner="SeleniumLibrary">
<msg time="2025-07-23T16:41:07.419077" level="INFO">&lt;html data-l10n-sync="true" lang="en-US" dir="ltr"&gt;&lt;head&gt;
    &lt;meta http-equiv="Content-Security-Policy" content="default-src chrome:; object-src 'none'"&gt;
    &lt;meta name="color-scheme" content="light dark"&gt;
    &lt;title data-l10n-id="neterror-page-title"&gt;Problem loading page&lt;/title&gt;
    &lt;link rel="stylesheet" href="chrome://global/skin/aboutNetError.css" type="text/css" media="all"&gt;
    &lt;link rel="icon" id="favicon" href="chrome://global/skin/icons/info.svg"&gt;
    &lt;link rel="localization" href="branding/brand.ftl"&gt;
    &lt;link rel="localization" href="toolkit/neterror/certError.ftl"&gt;
    &lt;link rel="localization" href="toolkit/neterror/netError.ftl"&gt;
  &lt;/head&gt;
  &lt;body class="neterror"&gt;
    &lt;div class="container"&gt;
      &lt;div id="text-container"&gt;
        &lt;!-- Error Title --&gt;
        &lt;div class="title"&gt;
          &lt;h1 class="title-text" data-l10n-id="connectionFailure-title"&gt;Unable to connect&lt;/h1&gt;
        &lt;/div&gt;

        &lt;!-- Short Description --&gt;
        &lt;p id="errorShortDesc"&gt;Firefox can’t establish a connection to the server at localhost:4200.&lt;/p&gt;
        &lt;p id="errorShortDesc2"&gt;&lt;/p&gt;

        &lt;div id="errorWhatToDo" hidden=""&gt;
          &lt;p id="errorWhatToDoTitle" data-l10n-id="certerror-what-can-you-do-about-it-title"&gt;What can you do about it?&lt;/p&gt;
          &lt;p id="badStsCertExplanation" hidden=""&gt;&lt;/p&gt;
          &lt;p id="errorWhatToDoText"&gt;&lt;/p&gt;
        &lt;/div&gt;

        &lt;!-- Long Description --&gt;
        &lt;div id="errorLongDesc"&gt;&lt;ul&gt;&lt;li data-l10n-id="neterror-load-error-try-again"&gt;The site could be temporarily unavailable or too busy. Try again in a few moments.&lt;/li&gt;&lt;li data-l10n-id="neterror-load-error-connection"&gt;If you are unable to load any pages, check your computer’s network connection.&lt;/li&gt;&lt;li data-l10n-id="neterror-load-error-firewall"&gt;If your computer or network is protected by a firewall or proxy, make sure that Firefox is permitted to access the web.&lt;/li&gt;&lt;/ul&gt;&lt;/div&gt;

        &lt;div id="trrOnlyContainer" hidden=""&gt;
          &lt;p id="trrOnlyMessage"&gt;&lt;/p&gt;
          &lt;div class="trr-message-container"&gt;
            &lt;span id="trrOnlyDescription"&gt;&lt;/span&gt;
            &lt;p id="trrLearnMoreContainer" hidden=""&gt;
              &lt;a id="trrOnlylearnMoreLink" target="_blank" rel="noopener noreferrer" data-l10n-id="neterror-learn-more-link"&gt;Learn more…&lt;/a&gt;
            &lt;/p&gt;
          &lt;/div&gt;
          &lt;p data-l10n-id="neterror-dns-not-found-trr-third-party-warning2"&gt;You can continue with your default DNS resolver. However, a third-party might be able to see what websites you visit.&lt;/p&gt;
        &lt;/div&gt;

        &lt;p id="tlsVersionNotice" hidden=""&gt;&lt;/p&gt;

        &lt;p id="learnMoreContainer" hidden=""&gt;
          &lt;a id="learnMoreLink" target="_blank" rel="noopener noreferrer" data-telemetry-id="learn_more_link" data-l10n-id="neterror-learn-more-link" href="https://support.mozilla.org/1/firefox/141.0/WINNT/en-US/connection-not-secure"&gt;Learn more…&lt;/a&gt;
        &lt;/p&gt;

        &lt;!-- UI for option to report certificate errors to Mozilla. Removed on
             init for other error types .--&gt;
        &lt;div id="prefChangeContainer" class="button-container" hidden=""&gt;
          &lt;p data-l10n-id="neterror-pref-reset"&gt;It looks like your network security settings might be causing this. Do you want the default settings to be restored?&lt;/p&gt;
          &lt;button id="prefResetButton" class="primary" data-l10n-id="neterror-pref-reset-button"&gt;Restore default settings&lt;/button&gt;
        &lt;/div&gt;

        &lt;div id="certErrorAndCaptivePortalButtonContainer" class="button-container" hidden=""&gt;
          &lt;button id="returnButton" class="primary" data-telemetry-id="return_button_top" data-l10n-id="neterror-return-to-previous-page-recommended-button"&gt;Go Back (Recommended)&lt;/button&gt;
          &lt;button id="openPortalLoginPageButton" class="primary" data-l10n-id="neterror-open-portal-login-page-button" hidden=""&gt;Open Network Login Page&lt;/button&gt;
          &lt;button id="certErrorTryAgainButton" class="primary try-again" data-l10n-id="neterror-try-again-button" hidden=""&gt;Try Again&lt;/button&gt;
          &lt;button id="advancedButton" data-telemetry-id="advanced_button" data-l10n-id="neterror-advanced-button"&gt;Advanced…&lt;/button&gt;
        &lt;/div&gt;
      &lt;/div&gt;

      &lt;div id="netErrorButtonContainer" class="button-container"&gt;&lt;button id="neterrorTryAgainButton" class="primary try-again" data-l10n-id="neterror-try-again-button" data-telemetry-id="try_again_button"&gt;Try Again&lt;/button&gt;
        
        &lt;button id="trrExceptionButton" data-l10n-id="neterror-add-exception-button" data-telemetry-id="add_exception_button" hidden=""&gt;Always continue for this site&lt;/button&gt;
        &lt;button id="trrSettingsButton" data-l10n-id="neterror-settings-button" data-telemetry-id="settings_button" hidden=""&gt;Change DNS settings&lt;/button&gt;
      &lt;/div&gt;

      &lt;div class="advanced-panel-container"&gt;
        &lt;div id="badCertAdvancedPanel" class="advanced-panel" hidden=""&gt;
          &lt;p id="badCertTechnicalInfo"&gt;&lt;/p&gt;
          &lt;a id="viewCertificate" href="javascript:void(0)" data-l10n-id="neterror-view-certificate-link"&gt;View Certificate&lt;/a&gt;
          &lt;div id="advancedPanelButtonContainer" class="button-container"&gt;
            &lt;button id="advancedPanelReturnButton" class="primary" data-telemetry-id="return_button_adv" data-l10n-id="neterror-return-to-previous-page-recommended-button"&gt;Go Back (Recommended)&lt;/button&gt;
            &lt;button id="advancedPanelTryAgainButton" class="primary try-again" data-l10n-id="neterror-try-again-button" hidden=""&gt;Try Again&lt;/button&gt;
            &lt;button id="exceptionDialogButton" data-telemetry-id="exception_button" data-l10n-id="neterror-override-exception-button"&gt;Accept the Risk and Continue&lt;/button&gt;
          &lt;/div&gt;
        &lt;/div&gt;

        &lt;div id="certificateErrorDebugInformation" class="advanced-panel" hidden=""&gt;
          &lt;button id="copyToClipboardTop" data-telemetry-id="clipboard_button_top" data-l10n-id="neterror-copy-to-clipboard-button"&gt;Copy text to clipboard&lt;/button&gt;
          &lt;div id="certificateErrorText"&gt;&lt;/div&gt;
          &lt;button id="copyToClipboardBottom" data-telemetry-id="clipboard_button_bot" data-l10n-id="neterror-copy-to-clipboard-button"&gt;Copy text to clipboard&lt;/button&gt;
        &lt;/div&gt;
      &lt;/div&gt;
    &lt;/div&gt;
    &lt;script src="chrome://global/content/neterror/aboutNetErrorCodes.js"&gt;&lt;/script&gt;
    &lt;script type="module" src="chrome://global/content/aboutNetError.mjs"&gt;&lt;/script&gt;
  

&lt;/body&gt;&lt;/html&gt;</msg>
<doc>Logs and returns the HTML source of the current page or frame.</doc>
<status status="PASS" start="2025-07-23T16:41:07.414683" elapsed="0.004881"/>
</kw>
<arg>Log Source</arg>
<doc>Runs the given keyword with the given arguments, if the test failed.</doc>
<status status="PASS" start="2025-07-23T16:41:07.414250" elapsed="0.005421"/>
</kw>
<kw name="Close Browser" owner="SeleniumLibrary">
<doc>Closes the current browser.</doc>
<status status="PASS" start="2025-07-23T16:41:07.419828" elapsed="2.961381"/>
</kw>
<status status="PASS" start="2025-07-23T16:41:07.391336" elapsed="2.990005"/>
</kw>
<doc>Vérifier la navigation vers la page de connexion</doc>
<tag>navigation</tag>
<tag>ui</tag>
<status status="FAIL" start="2025-07-23T16:40:54.320560" elapsed="16.061021">Setup failed:
WebDriverException: Message: Reached error page: about:neterror?e=connectionFailure&amp;u=http%3A//localhost%3A4200/&amp;c=UTF-8&amp;d=Firefox%20can%E2%80%99t%20establish%20a%20connection%20to%20the%20server%20at%20localhost%3A4200.
Stacktrace:
RemoteError@chrome://remote/content/shared/RemoteError.sys.mjs:8:8
WebDriverError@chrome://remote/content/shared/webdriver/Errors.sys.mjs:199:5
UnknownError@chrome://remote/content/shared/webdriver/Errors.sys.mjs:910:5
checkReadyState@chrome://remote/content/marionette/navigate.sys.mjs:59:24
onNavigation@chrome://remote/content/marionette/navigate.sys.mjs:348:39
emit@resource://gre/modules/EventEmitter.sys.mjs:156:19
receiveMessage@chrome://remote/content/marionette/actors/MarionetteEventsParent.sys.mjs:33:25
</status>
</test>
<test id="s1-t3" name="TC003 - Navigation vers la page d'inscription" line="245">
<kw name="Open Browser Setup" type="SETUP">
<kw name="Open Browser" owner="SeleniumLibrary">
<msg time="2025-07-23T16:41:10.384262" level="INFO">Opening browser 'firefox' to base url 'http://localhost:4200'.</msg>
<msg time="2025-07-23T16:41:22.867998" level="INFO" html="true">&lt;/td&gt;&lt;/tr&gt;&lt;tr&gt;&lt;td colspan="3"&gt;&lt;a href="selenium-screenshot-102.png"&gt;&lt;img src="selenium-screenshot-102.png" width="800px"&gt;&lt;/a&gt;</msg>
<msg time="2025-07-23T16:41:22.868199" level="FAIL">WebDriverException: Message: Reached error page: about:neterror?e=connectionFailure&amp;u=http%3A//localhost%3A4200/&amp;c=UTF-8&amp;d=Firefox%20can%E2%80%99t%20establish%20a%20connection%20to%20the%20server%20at%20localhost%3A4200.
Stacktrace:
RemoteError@chrome://remote/content/shared/RemoteError.sys.mjs:8:8
WebDriverError@chrome://remote/content/shared/webdriver/Errors.sys.mjs:199:5
UnknownError@chrome://remote/content/shared/webdriver/Errors.sys.mjs:910:5
checkReadyState@chrome://remote/content/marionette/navigate.sys.mjs:59:24
onNavigation@chrome://remote/content/marionette/navigate.sys.mjs:348:39
emit@resource://gre/modules/EventEmitter.sys.mjs:156:19
receiveMessage@chrome://remote/content/marionette/actors/MarionetteEventsParent.sys.mjs:33:25
</msg>
<arg>${BASE_URL}</arg>
<arg>${BROWSER}</arg>
<doc>Opens a new browser instance to the optional ``url``.</doc>
<status status="FAIL" start="2025-07-23T16:41:10.384022" elapsed="12.485550">WebDriverException: Message: Reached error page: about:neterror?e=connectionFailure&amp;u=http%3A//localhost%3A4200/&amp;c=UTF-8&amp;d=Firefox%20can%E2%80%99t%20establish%20a%20connection%20to%20the%20server%20at%20localhost%3A4200.
Stacktrace:
RemoteError@chrome://remote/content/shared/RemoteError.sys.mjs:8:8
WebDriverError@chrome://remote/content/shared/webdriver/Errors.sys.mjs:199:5
UnknownError@chrome://remote/content/shared/webdriver/Errors.sys.mjs:910:5
checkReadyState@chrome://remote/content/marionette/navigate.sys.mjs:59:24
onNavigation@chrome://remote/content/marionette/navigate.sys.mjs:348:39
emit@resource://gre/modules/EventEmitter.sys.mjs:156:19
receiveMessage@chrome://remote/content/marionette/actors/MarionetteEventsParent.sys.mjs:33:25
</status>
</kw>
<kw name="Maximize Browser Window" owner="SeleniumLibrary">
<doc>Maximizes current browser window.</doc>
<status status="NOT RUN" start="2025-07-23T16:41:22.869769" elapsed="0.000046"/>
</kw>
<kw name="Set Selenium Timeout" owner="SeleniumLibrary">
<arg>${TIMEOUT}</arg>
<doc>Sets the timeout that is used by various keywords.</doc>
<status status="NOT RUN" start="2025-07-23T16:41:22.869929" elapsed="0.000044"/>
</kw>
<kw name="Wait Until Page Contains Element" owner="SeleniumLibrary">
<arg>css:body</arg>
<arg>timeout=${TIMEOUT}</arg>
<doc>Waits until the element ``locator`` appears on the current page.</doc>
<status status="NOT RUN" start="2025-07-23T16:41:22.870059" elapsed="0.000024"/>
</kw>
<status status="FAIL" start="2025-07-23T16:41:10.383621" elapsed="12.486567">WebDriverException: Message: Reached error page: about:neterror?e=connectionFailure&amp;u=http%3A//localhost%3A4200/&amp;c=UTF-8&amp;d=Firefox%20can%E2%80%99t%20establish%20a%20connection%20to%20the%20server%20at%20localhost%3A4200.
Stacktrace:
RemoteError@chrome://remote/content/shared/RemoteError.sys.mjs:8:8
WebDriverError@chrome://remote/content/shared/webdriver/Errors.sys.mjs:199:5
UnknownError@chrome://remote/content/shared/webdriver/Errors.sys.mjs:910:5
checkReadyState@chrome://remote/content/marionette/navigate.sys.mjs:59:24
onNavigation@chrome://remote/content/marionette/navigate.sys.mjs:348:39
emit@resource://gre/modules/EventEmitter.sys.mjs:156:19
receiveMessage@chrome://remote/content/marionette/actors/MarionetteEventsParent.sys.mjs:33:25
</status>
</kw>
<kw name="Close Browser And Capture On Failure" type="TEARDOWN">
<kw name="Run Keyword If Test Failed" owner="BuiltIn">
<kw name="Capture Page Screenshot" owner="SeleniumLibrary">
<msg time="2025-07-23T16:41:22.922046" level="INFO" html="true">&lt;/td&gt;&lt;/tr&gt;&lt;tr&gt;&lt;td colspan="3"&gt;&lt;a href="failure-12.png"&gt;&lt;img src="failure-12.png" width="800px"&gt;&lt;/a&gt;</msg>
<arg>failure-{index}.png</arg>
<doc>Takes a screenshot of the current page and embeds it into a log file.</doc>
<status status="PASS" start="2025-07-23T16:41:22.871123" elapsed="0.051079"/>
</kw>
<arg>Capture Page Screenshot</arg>
<arg>failure-{index}.png</arg>
<doc>Runs the given keyword with the given arguments, if the test failed.</doc>
<status status="PASS" start="2025-07-23T16:41:22.870989" elapsed="0.051315"/>
</kw>
<kw name="Run Keyword If Test Failed" owner="BuiltIn">
<kw name="Log Source" owner="SeleniumLibrary">
<msg time="2025-07-23T16:41:22.925809" level="INFO">&lt;html data-l10n-sync="true" lang="en-US" dir="ltr"&gt;&lt;head&gt;
    &lt;meta http-equiv="Content-Security-Policy" content="default-src chrome:; object-src 'none'"&gt;
    &lt;meta name="color-scheme" content="light dark"&gt;
    &lt;title data-l10n-id="neterror-page-title"&gt;Problem loading page&lt;/title&gt;
    &lt;link rel="stylesheet" href="chrome://global/skin/aboutNetError.css" type="text/css" media="all"&gt;
    &lt;link rel="icon" id="favicon" href="chrome://global/skin/icons/info.svg"&gt;
    &lt;link rel="localization" href="branding/brand.ftl"&gt;
    &lt;link rel="localization" href="toolkit/neterror/certError.ftl"&gt;
    &lt;link rel="localization" href="toolkit/neterror/netError.ftl"&gt;
  &lt;/head&gt;
  &lt;body class="neterror"&gt;
    &lt;div class="container"&gt;
      &lt;div id="text-container"&gt;
        &lt;!-- Error Title --&gt;
        &lt;div class="title"&gt;
          &lt;h1 class="title-text" data-l10n-id="connectionFailure-title"&gt;Unable to connect&lt;/h1&gt;
        &lt;/div&gt;

        &lt;!-- Short Description --&gt;
        &lt;p id="errorShortDesc"&gt;Firefox can’t establish a connection to the server at localhost:4200.&lt;/p&gt;
        &lt;p id="errorShortDesc2"&gt;&lt;/p&gt;

        &lt;div id="errorWhatToDo" hidden=""&gt;
          &lt;p id="errorWhatToDoTitle" data-l10n-id="certerror-what-can-you-do-about-it-title"&gt;What can you do about it?&lt;/p&gt;
          &lt;p id="badStsCertExplanation" hidden=""&gt;&lt;/p&gt;
          &lt;p id="errorWhatToDoText"&gt;&lt;/p&gt;
        &lt;/div&gt;

        &lt;!-- Long Description --&gt;
        &lt;div id="errorLongDesc"&gt;&lt;ul&gt;&lt;li data-l10n-id="neterror-load-error-try-again"&gt;The site could be temporarily unavailable or too busy. Try again in a few moments.&lt;/li&gt;&lt;li data-l10n-id="neterror-load-error-connection"&gt;If you are unable to load any pages, check your computer’s network connection.&lt;/li&gt;&lt;li data-l10n-id="neterror-load-error-firewall"&gt;If your computer or network is protected by a firewall or proxy, make sure that Firefox is permitted to access the web.&lt;/li&gt;&lt;/ul&gt;&lt;/div&gt;

        &lt;div id="trrOnlyContainer" hidden=""&gt;
          &lt;p id="trrOnlyMessage"&gt;&lt;/p&gt;
          &lt;div class="trr-message-container"&gt;
            &lt;span id="trrOnlyDescription"&gt;&lt;/span&gt;
            &lt;p id="trrLearnMoreContainer" hidden=""&gt;
              &lt;a id="trrOnlylearnMoreLink" target="_blank" rel="noopener noreferrer" data-l10n-id="neterror-learn-more-link"&gt;Learn more…&lt;/a&gt;
            &lt;/p&gt;
          &lt;/div&gt;
          &lt;p data-l10n-id="neterror-dns-not-found-trr-third-party-warning2"&gt;You can continue with your default DNS resolver. However, a third-party might be able to see what websites you visit.&lt;/p&gt;
        &lt;/div&gt;

        &lt;p id="tlsVersionNotice" hidden=""&gt;&lt;/p&gt;

        &lt;p id="learnMoreContainer" hidden=""&gt;
          &lt;a id="learnMoreLink" target="_blank" rel="noopener noreferrer" data-telemetry-id="learn_more_link" data-l10n-id="neterror-learn-more-link" href="https://support.mozilla.org/1/firefox/141.0/WINNT/en-US/connection-not-secure"&gt;Learn more…&lt;/a&gt;
        &lt;/p&gt;

        &lt;!-- UI for option to report certificate errors to Mozilla. Removed on
             init for other error types .--&gt;
        &lt;div id="prefChangeContainer" class="button-container" hidden=""&gt;
          &lt;p data-l10n-id="neterror-pref-reset"&gt;It looks like your network security settings might be causing this. Do you want the default settings to be restored?&lt;/p&gt;
          &lt;button id="prefResetButton" class="primary" data-l10n-id="neterror-pref-reset-button"&gt;Restore default settings&lt;/button&gt;
        &lt;/div&gt;

        &lt;div id="certErrorAndCaptivePortalButtonContainer" class="button-container" hidden=""&gt;
          &lt;button id="returnButton" class="primary" data-telemetry-id="return_button_top" data-l10n-id="neterror-return-to-previous-page-recommended-button"&gt;Go Back (Recommended)&lt;/button&gt;
          &lt;button id="openPortalLoginPageButton" class="primary" data-l10n-id="neterror-open-portal-login-page-button" hidden=""&gt;Open Network Login Page&lt;/button&gt;
          &lt;button id="certErrorTryAgainButton" class="primary try-again" data-l10n-id="neterror-try-again-button" hidden=""&gt;Try Again&lt;/button&gt;
          &lt;button id="advancedButton" data-telemetry-id="advanced_button" data-l10n-id="neterror-advanced-button"&gt;Advanced…&lt;/button&gt;
        &lt;/div&gt;
      &lt;/div&gt;

      &lt;div id="netErrorButtonContainer" class="button-container"&gt;&lt;button id="neterrorTryAgainButton" class="primary try-again" data-l10n-id="neterror-try-again-button" data-telemetry-id="try_again_button"&gt;Try Again&lt;/button&gt;
        
        &lt;button id="trrExceptionButton" data-l10n-id="neterror-add-exception-button" data-telemetry-id="add_exception_button" hidden=""&gt;Always continue for this site&lt;/button&gt;
        &lt;button id="trrSettingsButton" data-l10n-id="neterror-settings-button" data-telemetry-id="settings_button" hidden=""&gt;Change DNS settings&lt;/button&gt;
      &lt;/div&gt;

      &lt;div class="advanced-panel-container"&gt;
        &lt;div id="badCertAdvancedPanel" class="advanced-panel" hidden=""&gt;
          &lt;p id="badCertTechnicalInfo"&gt;&lt;/p&gt;
          &lt;a id="viewCertificate" href="javascript:void(0)" data-l10n-id="neterror-view-certificate-link"&gt;View Certificate&lt;/a&gt;
          &lt;div id="advancedPanelButtonContainer" class="button-container"&gt;
            &lt;button id="advancedPanelReturnButton" class="primary" data-telemetry-id="return_button_adv" data-l10n-id="neterror-return-to-previous-page-recommended-button"&gt;Go Back (Recommended)&lt;/button&gt;
            &lt;button id="advancedPanelTryAgainButton" class="primary try-again" data-l10n-id="neterror-try-again-button" hidden=""&gt;Try Again&lt;/button&gt;
            &lt;button id="exceptionDialogButton" data-telemetry-id="exception_button" data-l10n-id="neterror-override-exception-button"&gt;Accept the Risk and Continue&lt;/button&gt;
          &lt;/div&gt;
        &lt;/div&gt;

        &lt;div id="certificateErrorDebugInformation" class="advanced-panel" hidden=""&gt;
          &lt;button id="copyToClipboardTop" data-telemetry-id="clipboard_button_top" data-l10n-id="neterror-copy-to-clipboard-button"&gt;Copy text to clipboard&lt;/button&gt;
          &lt;div id="certificateErrorText"&gt;&lt;/div&gt;
          &lt;button id="copyToClipboardBottom" data-telemetry-id="clipboard_button_bot" data-l10n-id="neterror-copy-to-clipboard-button"&gt;Copy text to clipboard&lt;/button&gt;
        &lt;/div&gt;
      &lt;/div&gt;
    &lt;/div&gt;
    &lt;script src="chrome://global/content/neterror/aboutNetErrorCodes.js"&gt;&lt;/script&gt;
    &lt;script type="module" src="chrome://global/content/aboutNetError.mjs"&gt;&lt;/script&gt;
  

&lt;/body&gt;&lt;/html&gt;</msg>
<doc>Logs and returns the HTML source of the current page or frame.</doc>
<status status="PASS" start="2025-07-23T16:41:22.922665" elapsed="0.003373"/>
</kw>
<arg>Log Source</arg>
<doc>Runs the given keyword with the given arguments, if the test failed.</doc>
<status status="PASS" start="2025-07-23T16:41:22.922469" elapsed="0.003652"/>
</kw>
<kw name="Close Browser" owner="SeleniumLibrary">
<doc>Closes the current browser.</doc>
<status status="PASS" start="2025-07-23T16:41:22.926276" elapsed="2.779094"/>
</kw>
<status status="PASS" start="2025-07-23T16:41:22.870679" elapsed="2.834819"/>
</kw>
<doc>Vérifier la navigation vers la page d'inscription</doc>
<tag>navigation</tag>
<tag>ui</tag>
<status status="FAIL" start="2025-07-23T16:41:10.383085" elapsed="15.322666">Setup failed:
WebDriverException: Message: Reached error page: about:neterror?e=connectionFailure&amp;u=http%3A//localhost%3A4200/&amp;c=UTF-8&amp;d=Firefox%20can%E2%80%99t%20establish%20a%20connection%20to%20the%20server%20at%20localhost%3A4200.
Stacktrace:
RemoteError@chrome://remote/content/shared/RemoteError.sys.mjs:8:8
WebDriverError@chrome://remote/content/shared/webdriver/Errors.sys.mjs:199:5
UnknownError@chrome://remote/content/shared/webdriver/Errors.sys.mjs:910:5
checkReadyState@chrome://remote/content/marionette/navigate.sys.mjs:59:24
onNavigation@chrome://remote/content/marionette/navigate.sys.mjs:348:39
emit@resource://gre/modules/EventEmitter.sys.mjs:156:19
receiveMessage@chrome://remote/content/marionette/actors/MarionetteEventsParent.sys.mjs:33:25
</status>
</test>
<test id="s1-t4" name="TC004 - Inscription avec des données valides" line="254">
<kw name="Open Browser Setup" type="SETUP">
<kw name="Open Browser" owner="SeleniumLibrary">
<msg time="2025-07-23T16:41:25.708858" level="INFO">Opening browser 'firefox' to base url 'http://localhost:4200'.</msg>
<msg time="2025-07-23T16:41:37.835674" level="INFO" html="true">&lt;/td&gt;&lt;/tr&gt;&lt;tr&gt;&lt;td colspan="3"&gt;&lt;a href="selenium-screenshot-103.png"&gt;&lt;img src="selenium-screenshot-103.png" width="800px"&gt;&lt;/a&gt;</msg>
<msg time="2025-07-23T16:41:37.835909" level="FAIL">WebDriverException: Message: Reached error page: about:neterror?e=connectionFailure&amp;u=http%3A//localhost%3A4200/&amp;c=UTF-8&amp;d=Firefox%20can%E2%80%99t%20establish%20a%20connection%20to%20the%20server%20at%20localhost%3A4200.
Stacktrace:
RemoteError@chrome://remote/content/shared/RemoteError.sys.mjs:8:8
WebDriverError@chrome://remote/content/shared/webdriver/Errors.sys.mjs:199:5
UnknownError@chrome://remote/content/shared/webdriver/Errors.sys.mjs:910:5
checkReadyState@chrome://remote/content/marionette/navigate.sys.mjs:59:24
onNavigation@chrome://remote/content/marionette/navigate.sys.mjs:348:39
emit@resource://gre/modules/EventEmitter.sys.mjs:156:19
receiveMessage@chrome://remote/content/marionette/actors/MarionetteEventsParent.sys.mjs:33:25
</msg>
<arg>${BASE_URL}</arg>
<arg>${BROWSER}</arg>
<doc>Opens a new browser instance to the optional ``url``.</doc>
<status status="FAIL" start="2025-07-23T16:41:25.708611" elapsed="12.129257">WebDriverException: Message: Reached error page: about:neterror?e=connectionFailure&amp;u=http%3A//localhost%3A4200/&amp;c=UTF-8&amp;d=Firefox%20can%E2%80%99t%20establish%20a%20connection%20to%20the%20server%20at%20localhost%3A4200.
Stacktrace:
RemoteError@chrome://remote/content/shared/RemoteError.sys.mjs:8:8
WebDriverError@chrome://remote/content/shared/webdriver/Errors.sys.mjs:199:5
UnknownError@chrome://remote/content/shared/webdriver/Errors.sys.mjs:910:5
checkReadyState@chrome://remote/content/marionette/navigate.sys.mjs:59:24
onNavigation@chrome://remote/content/marionette/navigate.sys.mjs:348:39
emit@resource://gre/modules/EventEmitter.sys.mjs:156:19
receiveMessage@chrome://remote/content/marionette/actors/MarionetteEventsParent.sys.mjs:33:25
</status>
</kw>
<kw name="Maximize Browser Window" owner="SeleniumLibrary">
<doc>Maximizes current browser window.</doc>
<status status="NOT RUN" start="2025-07-23T16:41:37.838180" elapsed="0.000066"/>
</kw>
<kw name="Set Selenium Timeout" owner="SeleniumLibrary">
<arg>${TIMEOUT}</arg>
<doc>Sets the timeout that is used by various keywords.</doc>
<status status="NOT RUN" start="2025-07-23T16:41:37.838469" elapsed="0.000060"/>
</kw>
<kw name="Wait Until Page Contains Element" owner="SeleniumLibrary">
<arg>css:body</arg>
<arg>timeout=${TIMEOUT}</arg>
<doc>Waits until the element ``locator`` appears on the current page.</doc>
<status status="NOT RUN" start="2025-07-23T16:41:37.838692" elapsed="0.000039"/>
</kw>
<status status="FAIL" start="2025-07-23T16:41:25.708311" elapsed="12.130588">WebDriverException: Message: Reached error page: about:neterror?e=connectionFailure&amp;u=http%3A//localhost%3A4200/&amp;c=UTF-8&amp;d=Firefox%20can%E2%80%99t%20establish%20a%20connection%20to%20the%20server%20at%20localhost%3A4200.
Stacktrace:
RemoteError@chrome://remote/content/shared/RemoteError.sys.mjs:8:8
WebDriverError@chrome://remote/content/shared/webdriver/Errors.sys.mjs:199:5
UnknownError@chrome://remote/content/shared/webdriver/Errors.sys.mjs:910:5
checkReadyState@chrome://remote/content/marionette/navigate.sys.mjs:59:24
onNavigation@chrome://remote/content/marionette/navigate.sys.mjs:348:39
emit@resource://gre/modules/EventEmitter.sys.mjs:156:19
receiveMessage@chrome://remote/content/marionette/actors/MarionetteEventsParent.sys.mjs:33:25
</status>
</kw>
<kw name="Close Browser And Capture On Failure" type="TEARDOWN">
<kw name="Run Keyword If Test Failed" owner="BuiltIn">
<kw name="Capture Page Screenshot" owner="SeleniumLibrary">
<msg time="2025-07-23T16:41:37.867614" level="INFO" html="true">&lt;/td&gt;&lt;/tr&gt;&lt;tr&gt;&lt;td colspan="3"&gt;&lt;a href="failure-13.png"&gt;&lt;img src="failure-13.png" width="800px"&gt;&lt;/a&gt;</msg>
<arg>failure-{index}.png</arg>
<doc>Takes a screenshot of the current page and embeds it into a log file.</doc>
<status status="PASS" start="2025-07-23T16:41:37.840128" elapsed="0.027663"/>
</kw>
<arg>Capture Page Screenshot</arg>
<arg>failure-{index}.png</arg>
<doc>Runs the given keyword with the given arguments, if the test failed.</doc>
<status status="PASS" start="2025-07-23T16:41:37.839887" elapsed="0.028053"/>
</kw>
<kw name="Run Keyword If Test Failed" owner="BuiltIn">
<kw name="Log Source" owner="SeleniumLibrary">
<msg time="2025-07-23T16:41:37.872354" level="INFO">&lt;html data-l10n-sync="true" lang="en-US" dir="ltr"&gt;&lt;head&gt;
    &lt;meta http-equiv="Content-Security-Policy" content="default-src chrome:; object-src 'none'"&gt;
    &lt;meta name="color-scheme" content="light dark"&gt;
    &lt;title data-l10n-id="neterror-page-title"&gt;Problem loading page&lt;/title&gt;
    &lt;link rel="stylesheet" href="chrome://global/skin/aboutNetError.css" type="text/css" media="all"&gt;
    &lt;link rel="icon" id="favicon" href="chrome://global/skin/icons/info.svg"&gt;
    &lt;link rel="localization" href="branding/brand.ftl"&gt;
    &lt;link rel="localization" href="toolkit/neterror/certError.ftl"&gt;
    &lt;link rel="localization" href="toolkit/neterror/netError.ftl"&gt;
  &lt;/head&gt;
  &lt;body class="neterror"&gt;
    &lt;div class="container"&gt;
      &lt;div id="text-container"&gt;
        &lt;!-- Error Title --&gt;
        &lt;div class="title"&gt;
          &lt;h1 class="title-text" data-l10n-id="connectionFailure-title"&gt;Unable to connect&lt;/h1&gt;
        &lt;/div&gt;

        &lt;!-- Short Description --&gt;
        &lt;p id="errorShortDesc"&gt;Firefox can’t establish a connection to the server at localhost:4200.&lt;/p&gt;
        &lt;p id="errorShortDesc2"&gt;&lt;/p&gt;

        &lt;div id="errorWhatToDo" hidden=""&gt;
          &lt;p id="errorWhatToDoTitle" data-l10n-id="certerror-what-can-you-do-about-it-title"&gt;What can you do about it?&lt;/p&gt;
          &lt;p id="badStsCertExplanation" hidden=""&gt;&lt;/p&gt;
          &lt;p id="errorWhatToDoText"&gt;&lt;/p&gt;
        &lt;/div&gt;

        &lt;!-- Long Description --&gt;
        &lt;div id="errorLongDesc"&gt;&lt;ul&gt;&lt;li data-l10n-id="neterror-load-error-try-again"&gt;The site could be temporarily unavailable or too busy. Try again in a few moments.&lt;/li&gt;&lt;li data-l10n-id="neterror-load-error-connection"&gt;If you are unable to load any pages, check your computer’s network connection.&lt;/li&gt;&lt;li data-l10n-id="neterror-load-error-firewall"&gt;If your computer or network is protected by a firewall or proxy, make sure that Firefox is permitted to access the web.&lt;/li&gt;&lt;/ul&gt;&lt;/div&gt;

        &lt;div id="trrOnlyContainer" hidden=""&gt;
          &lt;p id="trrOnlyMessage"&gt;&lt;/p&gt;
          &lt;div class="trr-message-container"&gt;
            &lt;span id="trrOnlyDescription"&gt;&lt;/span&gt;
            &lt;p id="trrLearnMoreContainer" hidden=""&gt;
              &lt;a id="trrOnlylearnMoreLink" target="_blank" rel="noopener noreferrer" data-l10n-id="neterror-learn-more-link"&gt;Learn more…&lt;/a&gt;
            &lt;/p&gt;
          &lt;/div&gt;
          &lt;p data-l10n-id="neterror-dns-not-found-trr-third-party-warning2"&gt;You can continue with your default DNS resolver. However, a third-party might be able to see what websites you visit.&lt;/p&gt;
        &lt;/div&gt;

        &lt;p id="tlsVersionNotice" hidden=""&gt;&lt;/p&gt;

        &lt;p id="learnMoreContainer" hidden=""&gt;
          &lt;a id="learnMoreLink" target="_blank" rel="noopener noreferrer" data-telemetry-id="learn_more_link" data-l10n-id="neterror-learn-more-link" href="https://support.mozilla.org/1/firefox/141.0/WINNT/en-US/connection-not-secure"&gt;Learn more…&lt;/a&gt;
        &lt;/p&gt;

        &lt;!-- UI for option to report certificate errors to Mozilla. Removed on
             init for other error types .--&gt;
        &lt;div id="prefChangeContainer" class="button-container" hidden=""&gt;
          &lt;p data-l10n-id="neterror-pref-reset"&gt;It looks like your network security settings might be causing this. Do you want the default settings to be restored?&lt;/p&gt;
          &lt;button id="prefResetButton" class="primary" data-l10n-id="neterror-pref-reset-button"&gt;Restore default settings&lt;/button&gt;
        &lt;/div&gt;

        &lt;div id="certErrorAndCaptivePortalButtonContainer" class="button-container" hidden=""&gt;
          &lt;button id="returnButton" class="primary" data-telemetry-id="return_button_top" data-l10n-id="neterror-return-to-previous-page-recommended-button"&gt;Go Back (Recommended)&lt;/button&gt;
          &lt;button id="openPortalLoginPageButton" class="primary" data-l10n-id="neterror-open-portal-login-page-button" hidden=""&gt;Open Network Login Page&lt;/button&gt;
          &lt;button id="certErrorTryAgainButton" class="primary try-again" data-l10n-id="neterror-try-again-button" hidden=""&gt;Try Again&lt;/button&gt;
          &lt;button id="advancedButton" data-telemetry-id="advanced_button" data-l10n-id="neterror-advanced-button"&gt;Advanced…&lt;/button&gt;
        &lt;/div&gt;
      &lt;/div&gt;

      &lt;div id="netErrorButtonContainer" class="button-container"&gt;&lt;button id="neterrorTryAgainButton" class="primary try-again" data-l10n-id="neterror-try-again-button" data-telemetry-id="try_again_button"&gt;Try Again&lt;/button&gt;
        
        &lt;button id="trrExceptionButton" data-l10n-id="neterror-add-exception-button" data-telemetry-id="add_exception_button" hidden=""&gt;Always continue for this site&lt;/button&gt;
        &lt;button id="trrSettingsButton" data-l10n-id="neterror-settings-button" data-telemetry-id="settings_button" hidden=""&gt;Change DNS settings&lt;/button&gt;
      &lt;/div&gt;

      &lt;div class="advanced-panel-container"&gt;
        &lt;div id="badCertAdvancedPanel" class="advanced-panel" hidden=""&gt;
          &lt;p id="badCertTechnicalInfo"&gt;&lt;/p&gt;
          &lt;a id="viewCertificate" href="javascript:void(0)" data-l10n-id="neterror-view-certificate-link"&gt;View Certificate&lt;/a&gt;
          &lt;div id="advancedPanelButtonContainer" class="button-container"&gt;
            &lt;button id="advancedPanelReturnButton" class="primary" data-telemetry-id="return_button_adv" data-l10n-id="neterror-return-to-previous-page-recommended-button"&gt;Go Back (Recommended)&lt;/button&gt;
            &lt;button id="advancedPanelTryAgainButton" class="primary try-again" data-l10n-id="neterror-try-again-button" hidden=""&gt;Try Again&lt;/button&gt;
            &lt;button id="exceptionDialogButton" data-telemetry-id="exception_button" data-l10n-id="neterror-override-exception-button"&gt;Accept the Risk and Continue&lt;/button&gt;
          &lt;/div&gt;
        &lt;/div&gt;

        &lt;div id="certificateErrorDebugInformation" class="advanced-panel" hidden=""&gt;
          &lt;button id="copyToClipboardTop" data-telemetry-id="clipboard_button_top" data-l10n-id="neterror-copy-to-clipboard-button"&gt;Copy text to clipboard&lt;/button&gt;
          &lt;div id="certificateErrorText"&gt;&lt;/div&gt;
          &lt;button id="copyToClipboardBottom" data-telemetry-id="clipboard_button_bot" data-l10n-id="neterror-copy-to-clipboard-button"&gt;Copy text to clipboard&lt;/button&gt;
        &lt;/div&gt;
      &lt;/div&gt;
    &lt;/div&gt;
    &lt;script src="chrome://global/content/neterror/aboutNetErrorCodes.js"&gt;&lt;/script&gt;
    &lt;script type="module" src="chrome://global/content/aboutNetError.mjs"&gt;&lt;/script&gt;
  

&lt;/body&gt;&lt;/html&gt;</msg>
<doc>Logs and returns the HTML source of the current page or frame.</doc>
<status status="PASS" start="2025-07-23T16:41:37.868318" elapsed="0.004412"/>
</kw>
<arg>Log Source</arg>
<doc>Runs the given keyword with the given arguments, if the test failed.</doc>
<status status="PASS" start="2025-07-23T16:41:37.868124" elapsed="0.004719"/>
</kw>
<kw name="Close Browser" owner="SeleniumLibrary">
<doc>Closes the current browser.</doc>
<status status="PASS" start="2025-07-23T16:41:37.872977" elapsed="2.945395"/>
</kw>
<status status="PASS" start="2025-07-23T16:41:37.839462" elapsed="2.979124"/>
</kw>
<doc>Tester l'inscription avec des données valides</doc>
<tag>critical</tag>
<tag>prerequisite</tag>
<tag>registration</tag>
<status status="FAIL" start="2025-07-23T16:41:25.707201" elapsed="15.111751">Setup failed:
WebDriverException: Message: Reached error page: about:neterror?e=connectionFailure&amp;u=http%3A//localhost%3A4200/&amp;c=UTF-8&amp;d=Firefox%20can%E2%80%99t%20establish%20a%20connection%20to%20the%20server%20at%20localhost%3A4200.
Stacktrace:
RemoteError@chrome://remote/content/shared/RemoteError.sys.mjs:8:8
WebDriverError@chrome://remote/content/shared/webdriver/Errors.sys.mjs:199:5
UnknownError@chrome://remote/content/shared/webdriver/Errors.sys.mjs:910:5
checkReadyState@chrome://remote/content/marionette/navigate.sys.mjs:59:24
onNavigation@chrome://remote/content/marionette/navigate.sys.mjs:348:39
emit@resource://gre/modules/EventEmitter.sys.mjs:156:19
receiveMessage@chrome://remote/content/marionette/actors/MarionetteEventsParent.sys.mjs:33:25
</status>
</test>
<test id="s1-t5" name="TC005 - Connexion avec des identifiants valides" line="283">
<kw name="Open Browser Setup" type="SETUP">
<kw name="Open Browser" owner="SeleniumLibrary">
<msg time="2025-07-23T16:41:40.822984" level="INFO">Opening browser 'firefox' to base url 'http://localhost:4200'.</msg>
<msg time="2025-07-23T16:41:53.221934" level="INFO" html="true">&lt;/td&gt;&lt;/tr&gt;&lt;tr&gt;&lt;td colspan="3"&gt;&lt;a href="selenium-screenshot-104.png"&gt;&lt;img src="selenium-screenshot-104.png" width="800px"&gt;&lt;/a&gt;</msg>
<msg time="2025-07-23T16:41:53.222078" level="FAIL">WebDriverException: Message: Reached error page: about:neterror?e=connectionFailure&amp;u=http%3A//localhost%3A4200/&amp;c=UTF-8&amp;d=Firefox%20can%E2%80%99t%20establish%20a%20connection%20to%20the%20server%20at%20localhost%3A4200.
Stacktrace:
RemoteError@chrome://remote/content/shared/RemoteError.sys.mjs:8:8
WebDriverError@chrome://remote/content/shared/webdriver/Errors.sys.mjs:199:5
UnknownError@chrome://remote/content/shared/webdriver/Errors.sys.mjs:910:5
checkReadyState@chrome://remote/content/marionette/navigate.sys.mjs:59:24
onNavigation@chrome://remote/content/marionette/navigate.sys.mjs:348:39
emit@resource://gre/modules/EventEmitter.sys.mjs:156:19
receiveMessage@chrome://remote/content/marionette/actors/MarionetteEventsParent.sys.mjs:33:25
</msg>
<arg>${BASE_URL}</arg>
<arg>${BROWSER}</arg>
<doc>Opens a new browser instance to the optional ``url``.</doc>
<status status="FAIL" start="2025-07-23T16:41:40.822650" elapsed="12.400905">WebDriverException: Message: Reached error page: about:neterror?e=connectionFailure&amp;u=http%3A//localhost%3A4200/&amp;c=UTF-8&amp;d=Firefox%20can%E2%80%99t%20establish%20a%20connection%20to%20the%20server%20at%20localhost%3A4200.
Stacktrace:
RemoteError@chrome://remote/content/shared/RemoteError.sys.mjs:8:8
WebDriverError@chrome://remote/content/shared/webdriver/Errors.sys.mjs:199:5
UnknownError@chrome://remote/content/shared/webdriver/Errors.sys.mjs:910:5
checkReadyState@chrome://remote/content/marionette/navigate.sys.mjs:59:24
onNavigation@chrome://remote/content/marionette/navigate.sys.mjs:348:39
emit@resource://gre/modules/EventEmitter.sys.mjs:156:19
receiveMessage@chrome://remote/content/marionette/actors/MarionetteEventsParent.sys.mjs:33:25
</status>
</kw>
<kw name="Maximize Browser Window" owner="SeleniumLibrary">
<doc>Maximizes current browser window.</doc>
<status status="NOT RUN" start="2025-07-23T16:41:53.223781" elapsed="0.000043"/>
</kw>
<kw name="Set Selenium Timeout" owner="SeleniumLibrary">
<arg>${TIMEOUT}</arg>
<doc>Sets the timeout that is used by various keywords.</doc>
<status status="NOT RUN" start="2025-07-23T16:41:53.223930" elapsed="0.000030"/>
</kw>
<kw name="Wait Until Page Contains Element" owner="SeleniumLibrary">
<arg>css:body</arg>
<arg>timeout=${TIMEOUT}</arg>
<doc>Waits until the element ``locator`` appears on the current page.</doc>
<status status="NOT RUN" start="2025-07-23T16:41:53.224073" elapsed="0.000035"/>
</kw>
<status status="FAIL" start="2025-07-23T16:41:40.822219" elapsed="12.402013">WebDriverException: Message: Reached error page: about:neterror?e=connectionFailure&amp;u=http%3A//localhost%3A4200/&amp;c=UTF-8&amp;d=Firefox%20can%E2%80%99t%20establish%20a%20connection%20to%20the%20server%20at%20localhost%3A4200.
Stacktrace:
RemoteError@chrome://remote/content/shared/RemoteError.sys.mjs:8:8
WebDriverError@chrome://remote/content/shared/webdriver/Errors.sys.mjs:199:5
UnknownError@chrome://remote/content/shared/webdriver/Errors.sys.mjs:910:5
checkReadyState@chrome://remote/content/marionette/navigate.sys.mjs:59:24
onNavigation@chrome://remote/content/marionette/navigate.sys.mjs:348:39
emit@resource://gre/modules/EventEmitter.sys.mjs:156:19
receiveMessage@chrome://remote/content/marionette/actors/MarionetteEventsParent.sys.mjs:33:25
</status>
</kw>
<kw name="Close Browser And Capture On Failure" type="TEARDOWN">
<kw name="Run Keyword If Test Failed" owner="BuiltIn">
<kw name="Capture Page Screenshot" owner="SeleniumLibrary">
<msg time="2025-07-23T16:41:53.248683" level="INFO" html="true">&lt;/td&gt;&lt;/tr&gt;&lt;tr&gt;&lt;td colspan="3"&gt;&lt;a href="failure-14.png"&gt;&lt;img src="failure-14.png" width="800px"&gt;&lt;/a&gt;</msg>
<arg>failure-{index}.png</arg>
<doc>Takes a screenshot of the current page and embeds it into a log file.</doc>
<status status="PASS" start="2025-07-23T16:41:53.225240" elapsed="0.023828"/>
</kw>
<arg>Capture Page Screenshot</arg>
<arg>failure-{index}.png</arg>
<doc>Runs the given keyword with the given arguments, if the test failed.</doc>
<status status="PASS" start="2025-07-23T16:41:53.225071" elapsed="0.024130"/>
</kw>
<kw name="Run Keyword If Test Failed" owner="BuiltIn">
<kw name="Log Source" owner="SeleniumLibrary">
<msg time="2025-07-23T16:41:53.253520" level="INFO">&lt;html data-l10n-sync="true" lang="en-US" dir="ltr"&gt;&lt;head&gt;
    &lt;meta http-equiv="Content-Security-Policy" content="default-src chrome:; object-src 'none'"&gt;
    &lt;meta name="color-scheme" content="light dark"&gt;
    &lt;title data-l10n-id="neterror-page-title"&gt;Problem loading page&lt;/title&gt;
    &lt;link rel="stylesheet" href="chrome://global/skin/aboutNetError.css" type="text/css" media="all"&gt;
    &lt;link rel="icon" id="favicon" href="chrome://global/skin/icons/info.svg"&gt;
    &lt;link rel="localization" href="branding/brand.ftl"&gt;
    &lt;link rel="localization" href="toolkit/neterror/certError.ftl"&gt;
    &lt;link rel="localization" href="toolkit/neterror/netError.ftl"&gt;
  &lt;/head&gt;
  &lt;body class="neterror"&gt;
    &lt;div class="container"&gt;
      &lt;div id="text-container"&gt;
        &lt;!-- Error Title --&gt;
        &lt;div class="title"&gt;
          &lt;h1 class="title-text" data-l10n-id="connectionFailure-title"&gt;Unable to connect&lt;/h1&gt;
        &lt;/div&gt;

        &lt;!-- Short Description --&gt;
        &lt;p id="errorShortDesc"&gt;Firefox can’t establish a connection to the server at localhost:4200.&lt;/p&gt;
        &lt;p id="errorShortDesc2"&gt;&lt;/p&gt;

        &lt;div id="errorWhatToDo" hidden=""&gt;
          &lt;p id="errorWhatToDoTitle" data-l10n-id="certerror-what-can-you-do-about-it-title"&gt;What can you do about it?&lt;/p&gt;
          &lt;p id="badStsCertExplanation" hidden=""&gt;&lt;/p&gt;
          &lt;p id="errorWhatToDoText"&gt;&lt;/p&gt;
        &lt;/div&gt;

        &lt;!-- Long Description --&gt;
        &lt;div id="errorLongDesc"&gt;&lt;ul&gt;&lt;li data-l10n-id="neterror-load-error-try-again"&gt;The site could be temporarily unavailable or too busy. Try again in a few moments.&lt;/li&gt;&lt;li data-l10n-id="neterror-load-error-connection"&gt;If you are unable to load any pages, check your computer’s network connection.&lt;/li&gt;&lt;li data-l10n-id="neterror-load-error-firewall"&gt;If your computer or network is protected by a firewall or proxy, make sure that Firefox is permitted to access the web.&lt;/li&gt;&lt;/ul&gt;&lt;/div&gt;

        &lt;div id="trrOnlyContainer" hidden=""&gt;
          &lt;p id="trrOnlyMessage"&gt;&lt;/p&gt;
          &lt;div class="trr-message-container"&gt;
            &lt;span id="trrOnlyDescription"&gt;&lt;/span&gt;
            &lt;p id="trrLearnMoreContainer" hidden=""&gt;
              &lt;a id="trrOnlylearnMoreLink" target="_blank" rel="noopener noreferrer" data-l10n-id="neterror-learn-more-link"&gt;Learn more…&lt;/a&gt;
            &lt;/p&gt;
          &lt;/div&gt;
          &lt;p data-l10n-id="neterror-dns-not-found-trr-third-party-warning2"&gt;You can continue with your default DNS resolver. However, a third-party might be able to see what websites you visit.&lt;/p&gt;
        &lt;/div&gt;

        &lt;p id="tlsVersionNotice" hidden=""&gt;&lt;/p&gt;

        &lt;p id="learnMoreContainer" hidden=""&gt;
          &lt;a id="learnMoreLink" target="_blank" rel="noopener noreferrer" data-telemetry-id="learn_more_link" data-l10n-id="neterror-learn-more-link" href="https://support.mozilla.org/1/firefox/141.0/WINNT/en-US/connection-not-secure"&gt;Learn more…&lt;/a&gt;
        &lt;/p&gt;

        &lt;!-- UI for option to report certificate errors to Mozilla. Removed on
             init for other error types .--&gt;
        &lt;div id="prefChangeContainer" class="button-container" hidden=""&gt;
          &lt;p data-l10n-id="neterror-pref-reset"&gt;It looks like your network security settings might be causing this. Do you want the default settings to be restored?&lt;/p&gt;
          &lt;button id="prefResetButton" class="primary" data-l10n-id="neterror-pref-reset-button"&gt;Restore default settings&lt;/button&gt;
        &lt;/div&gt;

        &lt;div id="certErrorAndCaptivePortalButtonContainer" class="button-container" hidden=""&gt;
          &lt;button id="returnButton" class="primary" data-telemetry-id="return_button_top" data-l10n-id="neterror-return-to-previous-page-recommended-button"&gt;Go Back (Recommended)&lt;/button&gt;
          &lt;button id="openPortalLoginPageButton" class="primary" data-l10n-id="neterror-open-portal-login-page-button" hidden=""&gt;Open Network Login Page&lt;/button&gt;
          &lt;button id="certErrorTryAgainButton" class="primary try-again" data-l10n-id="neterror-try-again-button" hidden=""&gt;Try Again&lt;/button&gt;
          &lt;button id="advancedButton" data-telemetry-id="advanced_button" data-l10n-id="neterror-advanced-button"&gt;Advanced…&lt;/button&gt;
        &lt;/div&gt;
      &lt;/div&gt;

      &lt;div id="netErrorButtonContainer" class="button-container"&gt;&lt;button id="neterrorTryAgainButton" class="primary try-again" data-l10n-id="neterror-try-again-button" data-telemetry-id="try_again_button"&gt;Try Again&lt;/button&gt;
        
        &lt;button id="trrExceptionButton" data-l10n-id="neterror-add-exception-button" data-telemetry-id="add_exception_button" hidden=""&gt;Always continue for this site&lt;/button&gt;
        &lt;button id="trrSettingsButton" data-l10n-id="neterror-settings-button" data-telemetry-id="settings_button" hidden=""&gt;Change DNS settings&lt;/button&gt;
      &lt;/div&gt;

      &lt;div class="advanced-panel-container"&gt;
        &lt;div id="badCertAdvancedPanel" class="advanced-panel" hidden=""&gt;
          &lt;p id="badCertTechnicalInfo"&gt;&lt;/p&gt;
          &lt;a id="viewCertificate" href="javascript:void(0)" data-l10n-id="neterror-view-certificate-link"&gt;View Certificate&lt;/a&gt;
          &lt;div id="advancedPanelButtonContainer" class="button-container"&gt;
            &lt;button id="advancedPanelReturnButton" class="primary" data-telemetry-id="return_button_adv" data-l10n-id="neterror-return-to-previous-page-recommended-button"&gt;Go Back (Recommended)&lt;/button&gt;
            &lt;button id="advancedPanelTryAgainButton" class="primary try-again" data-l10n-id="neterror-try-again-button" hidden=""&gt;Try Again&lt;/button&gt;
            &lt;button id="exceptionDialogButton" data-telemetry-id="exception_button" data-l10n-id="neterror-override-exception-button"&gt;Accept the Risk and Continue&lt;/button&gt;
          &lt;/div&gt;
        &lt;/div&gt;

        &lt;div id="certificateErrorDebugInformation" class="advanced-panel" hidden=""&gt;
          &lt;button id="copyToClipboardTop" data-telemetry-id="clipboard_button_top" data-l10n-id="neterror-copy-to-clipboard-button"&gt;Copy text to clipboard&lt;/button&gt;
          &lt;div id="certificateErrorText"&gt;&lt;/div&gt;
          &lt;button id="copyToClipboardBottom" data-telemetry-id="clipboard_button_bot" data-l10n-id="neterror-copy-to-clipboard-button"&gt;Copy text to clipboard&lt;/button&gt;
        &lt;/div&gt;
      &lt;/div&gt;
    &lt;/div&gt;
    &lt;script src="chrome://global/content/neterror/aboutNetErrorCodes.js"&gt;&lt;/script&gt;
    &lt;script type="module" src="chrome://global/content/aboutNetError.mjs"&gt;&lt;/script&gt;
  

&lt;/body&gt;&lt;/html&gt;</msg>
<doc>Logs and returns the HTML source of the current page or frame.</doc>
<status status="PASS" start="2025-07-23T16:41:53.249941" elapsed="0.003852"/>
</kw>
<arg>Log Source</arg>
<doc>Runs the given keyword with the given arguments, if the test failed.</doc>
<status status="PASS" start="2025-07-23T16:41:53.249454" elapsed="0.004457"/>
</kw>
<kw name="Close Browser" owner="SeleniumLibrary">
<doc>Closes the current browser.</doc>
<status status="PASS" start="2025-07-23T16:41:53.254069" elapsed="2.861616"/>
</kw>
<status status="PASS" start="2025-07-23T16:41:53.224729" elapsed="2.891108"/>
</kw>
<doc>Tester la connexion avec les identifiants créés lors de l'inscription</doc>
<tag>authentication</tag>
<tag>critical</tag>
<status status="FAIL" start="2025-07-23T16:41:40.821268" elapsed="15.294860">Setup failed:
WebDriverException: Message: Reached error page: about:neterror?e=connectionFailure&amp;u=http%3A//localhost%3A4200/&amp;c=UTF-8&amp;d=Firefox%20can%E2%80%99t%20establish%20a%20connection%20to%20the%20server%20at%20localhost%3A4200.
Stacktrace:
RemoteError@chrome://remote/content/shared/RemoteError.sys.mjs:8:8
WebDriverError@chrome://remote/content/shared/webdriver/Errors.sys.mjs:199:5
UnknownError@chrome://remote/content/shared/webdriver/Errors.sys.mjs:910:5
checkReadyState@chrome://remote/content/marionette/navigate.sys.mjs:59:24
onNavigation@chrome://remote/content/marionette/navigate.sys.mjs:348:39
emit@resource://gre/modules/EventEmitter.sys.mjs:156:19
receiveMessage@chrome://remote/content/marionette/actors/MarionetteEventsParent.sys.mjs:33:25
</status>
</test>
<test id="s1-t6" name="TC006 - Connexion avec email invalide" line="297">
<kw name="Open Browser Setup" type="SETUP">
<kw name="Open Browser" owner="SeleniumLibrary">
<msg time="2025-07-23T16:41:56.118661" level="INFO">Opening browser 'firefox' to base url 'http://localhost:4200'.</msg>
<msg time="2025-07-23T16:42:08.274127" level="INFO" html="true">&lt;/td&gt;&lt;/tr&gt;&lt;tr&gt;&lt;td colspan="3"&gt;&lt;a href="selenium-screenshot-105.png"&gt;&lt;img src="selenium-screenshot-105.png" width="800px"&gt;&lt;/a&gt;</msg>
<msg time="2025-07-23T16:42:08.274302" level="FAIL">WebDriverException: Message: Reached error page: about:neterror?e=connectionFailure&amp;u=http%3A//localhost%3A4200/&amp;c=UTF-8&amp;d=Firefox%20can%E2%80%99t%20establish%20a%20connection%20to%20the%20server%20at%20localhost%3A4200.
Stacktrace:
RemoteError@chrome://remote/content/shared/RemoteError.sys.mjs:8:8
WebDriverError@chrome://remote/content/shared/webdriver/Errors.sys.mjs:199:5
UnknownError@chrome://remote/content/shared/webdriver/Errors.sys.mjs:910:5
checkReadyState@chrome://remote/content/marionette/navigate.sys.mjs:59:24
onNavigation@chrome://remote/content/marionette/navigate.sys.mjs:348:39
emit@resource://gre/modules/EventEmitter.sys.mjs:156:19
receiveMessage@chrome://remote/content/marionette/actors/MarionetteEventsParent.sys.mjs:33:25
</msg>
<arg>${BASE_URL}</arg>
<arg>${BROWSER}</arg>
<doc>Opens a new browser instance to the optional ``url``.</doc>
<status status="FAIL" start="2025-07-23T16:41:56.118427" elapsed="12.157412">WebDriverException: Message: Reached error page: about:neterror?e=connectionFailure&amp;u=http%3A//localhost%3A4200/&amp;c=UTF-8&amp;d=Firefox%20can%E2%80%99t%20establish%20a%20connection%20to%20the%20server%20at%20localhost%3A4200.
Stacktrace:
RemoteError@chrome://remote/content/shared/RemoteError.sys.mjs:8:8
WebDriverError@chrome://remote/content/shared/webdriver/Errors.sys.mjs:199:5
UnknownError@chrome://remote/content/shared/webdriver/Errors.sys.mjs:910:5
checkReadyState@chrome://remote/content/marionette/navigate.sys.mjs:59:24
onNavigation@chrome://remote/content/marionette/navigate.sys.mjs:348:39
emit@resource://gre/modules/EventEmitter.sys.mjs:156:19
receiveMessage@chrome://remote/content/marionette/actors/MarionetteEventsParent.sys.mjs:33:25
</status>
</kw>
<kw name="Maximize Browser Window" owner="SeleniumLibrary">
<doc>Maximizes current browser window.</doc>
<status status="NOT RUN" start="2025-07-23T16:42:08.276036" elapsed="0.000041"/>
</kw>
<kw name="Set Selenium Timeout" owner="SeleniumLibrary">
<arg>${TIMEOUT}</arg>
<doc>Sets the timeout that is used by various keywords.</doc>
<status status="NOT RUN" start="2025-07-23T16:42:08.276201" elapsed="0.000031"/>
</kw>
<kw name="Wait Until Page Contains Element" owner="SeleniumLibrary">
<arg>css:body</arg>
<arg>timeout=${TIMEOUT}</arg>
<doc>Waits until the element ``locator`` appears on the current page.</doc>
<status status="NOT RUN" start="2025-07-23T16:42:08.276346" elapsed="0.000032"/>
</kw>
<status status="FAIL" start="2025-07-23T16:41:56.118125" elapsed="12.158377">WebDriverException: Message: Reached error page: about:neterror?e=connectionFailure&amp;u=http%3A//localhost%3A4200/&amp;c=UTF-8&amp;d=Firefox%20can%E2%80%99t%20establish%20a%20connection%20to%20the%20server%20at%20localhost%3A4200.
Stacktrace:
RemoteError@chrome://remote/content/shared/RemoteError.sys.mjs:8:8
WebDriverError@chrome://remote/content/shared/webdriver/Errors.sys.mjs:199:5
UnknownError@chrome://remote/content/shared/webdriver/Errors.sys.mjs:910:5
checkReadyState@chrome://remote/content/marionette/navigate.sys.mjs:59:24
onNavigation@chrome://remote/content/marionette/navigate.sys.mjs:348:39
emit@resource://gre/modules/EventEmitter.sys.mjs:156:19
receiveMessage@chrome://remote/content/marionette/actors/MarionetteEventsParent.sys.mjs:33:25
</status>
</kw>
<kw name="Close Browser And Capture On Failure" type="TEARDOWN">
<kw name="Run Keyword If Test Failed" owner="BuiltIn">
<kw name="Capture Page Screenshot" owner="SeleniumLibrary">
<msg time="2025-07-23T16:42:08.301426" level="INFO" html="true">&lt;/td&gt;&lt;/tr&gt;&lt;tr&gt;&lt;td colspan="3"&gt;&lt;a href="failure-15.png"&gt;&lt;img src="failure-15.png" width="800px"&gt;&lt;/a&gt;</msg>
<arg>failure-{index}.png</arg>
<doc>Takes a screenshot of the current page and embeds it into a log file.</doc>
<status status="PASS" start="2025-07-23T16:42:08.277372" elapsed="0.024223"/>
</kw>
<arg>Capture Page Screenshot</arg>
<arg>failure-{index}.png</arg>
<doc>Runs the given keyword with the given arguments, if the test failed.</doc>
<status status="PASS" start="2025-07-23T16:42:08.277211" elapsed="0.024547"/>
</kw>
<kw name="Run Keyword If Test Failed" owner="BuiltIn">
<kw name="Log Source" owner="SeleniumLibrary">
<msg time="2025-07-23T16:42:08.307033" level="INFO">&lt;html data-l10n-sync="true" lang="en-US" dir="ltr"&gt;&lt;head&gt;
    &lt;meta http-equiv="Content-Security-Policy" content="default-src chrome:; object-src 'none'"&gt;
    &lt;meta name="color-scheme" content="light dark"&gt;
    &lt;title data-l10n-id="neterror-page-title"&gt;Problem loading page&lt;/title&gt;
    &lt;link rel="stylesheet" href="chrome://global/skin/aboutNetError.css" type="text/css" media="all"&gt;
    &lt;link rel="icon" id="favicon" href="chrome://global/skin/icons/info.svg"&gt;
    &lt;link rel="localization" href="branding/brand.ftl"&gt;
    &lt;link rel="localization" href="toolkit/neterror/certError.ftl"&gt;
    &lt;link rel="localization" href="toolkit/neterror/netError.ftl"&gt;
  &lt;/head&gt;
  &lt;body class="neterror"&gt;
    &lt;div class="container"&gt;
      &lt;div id="text-container"&gt;
        &lt;!-- Error Title --&gt;
        &lt;div class="title"&gt;
          &lt;h1 class="title-text" data-l10n-id="connectionFailure-title"&gt;Unable to connect&lt;/h1&gt;
        &lt;/div&gt;

        &lt;!-- Short Description --&gt;
        &lt;p id="errorShortDesc"&gt;Firefox can’t establish a connection to the server at localhost:4200.&lt;/p&gt;
        &lt;p id="errorShortDesc2"&gt;&lt;/p&gt;

        &lt;div id="errorWhatToDo" hidden=""&gt;
          &lt;p id="errorWhatToDoTitle" data-l10n-id="certerror-what-can-you-do-about-it-title"&gt;What can you do about it?&lt;/p&gt;
          &lt;p id="badStsCertExplanation" hidden=""&gt;&lt;/p&gt;
          &lt;p id="errorWhatToDoText"&gt;&lt;/p&gt;
        &lt;/div&gt;

        &lt;!-- Long Description --&gt;
        &lt;div id="errorLongDesc"&gt;&lt;ul&gt;&lt;li data-l10n-id="neterror-load-error-try-again"&gt;The site could be temporarily unavailable or too busy. Try again in a few moments.&lt;/li&gt;&lt;li data-l10n-id="neterror-load-error-connection"&gt;If you are unable to load any pages, check your computer’s network connection.&lt;/li&gt;&lt;li data-l10n-id="neterror-load-error-firewall"&gt;If your computer or network is protected by a firewall or proxy, make sure that Firefox is permitted to access the web.&lt;/li&gt;&lt;/ul&gt;&lt;/div&gt;

        &lt;div id="trrOnlyContainer" hidden=""&gt;
          &lt;p id="trrOnlyMessage"&gt;&lt;/p&gt;
          &lt;div class="trr-message-container"&gt;
            &lt;span id="trrOnlyDescription"&gt;&lt;/span&gt;
            &lt;p id="trrLearnMoreContainer" hidden=""&gt;
              &lt;a id="trrOnlylearnMoreLink" target="_blank" rel="noopener noreferrer" data-l10n-id="neterror-learn-more-link"&gt;Learn more…&lt;/a&gt;
            &lt;/p&gt;
          &lt;/div&gt;
          &lt;p data-l10n-id="neterror-dns-not-found-trr-third-party-warning2"&gt;You can continue with your default DNS resolver. However, a third-party might be able to see what websites you visit.&lt;/p&gt;
        &lt;/div&gt;

        &lt;p id="tlsVersionNotice" hidden=""&gt;&lt;/p&gt;

        &lt;p id="learnMoreContainer" hidden=""&gt;
          &lt;a id="learnMoreLink" target="_blank" rel="noopener noreferrer" data-telemetry-id="learn_more_link" data-l10n-id="neterror-learn-more-link" href="https://support.mozilla.org/1/firefox/141.0/WINNT/en-US/connection-not-secure"&gt;Learn more…&lt;/a&gt;
        &lt;/p&gt;

        &lt;!-- UI for option to report certificate errors to Mozilla. Removed on
             init for other error types .--&gt;
        &lt;div id="prefChangeContainer" class="button-container" hidden=""&gt;
          &lt;p data-l10n-id="neterror-pref-reset"&gt;It looks like your network security settings might be causing this. Do you want the default settings to be restored?&lt;/p&gt;
          &lt;button id="prefResetButton" class="primary" data-l10n-id="neterror-pref-reset-button"&gt;Restore default settings&lt;/button&gt;
        &lt;/div&gt;

        &lt;div id="certErrorAndCaptivePortalButtonContainer" class="button-container" hidden=""&gt;
          &lt;button id="returnButton" class="primary" data-telemetry-id="return_button_top" data-l10n-id="neterror-return-to-previous-page-recommended-button"&gt;Go Back (Recommended)&lt;/button&gt;
          &lt;button id="openPortalLoginPageButton" class="primary" data-l10n-id="neterror-open-portal-login-page-button" hidden=""&gt;Open Network Login Page&lt;/button&gt;
          &lt;button id="certErrorTryAgainButton" class="primary try-again" data-l10n-id="neterror-try-again-button" hidden=""&gt;Try Again&lt;/button&gt;
          &lt;button id="advancedButton" data-telemetry-id="advanced_button" data-l10n-id="neterror-advanced-button"&gt;Advanced…&lt;/button&gt;
        &lt;/div&gt;
      &lt;/div&gt;

      &lt;div id="netErrorButtonContainer" class="button-container"&gt;&lt;button id="neterrorTryAgainButton" class="primary try-again" data-l10n-id="neterror-try-again-button" data-telemetry-id="try_again_button"&gt;Try Again&lt;/button&gt;
        
        &lt;button id="trrExceptionButton" data-l10n-id="neterror-add-exception-button" data-telemetry-id="add_exception_button" hidden=""&gt;Always continue for this site&lt;/button&gt;
        &lt;button id="trrSettingsButton" data-l10n-id="neterror-settings-button" data-telemetry-id="settings_button" hidden=""&gt;Change DNS settings&lt;/button&gt;
      &lt;/div&gt;

      &lt;div class="advanced-panel-container"&gt;
        &lt;div id="badCertAdvancedPanel" class="advanced-panel" hidden=""&gt;
          &lt;p id="badCertTechnicalInfo"&gt;&lt;/p&gt;
          &lt;a id="viewCertificate" href="javascript:void(0)" data-l10n-id="neterror-view-certificate-link"&gt;View Certificate&lt;/a&gt;
          &lt;div id="advancedPanelButtonContainer" class="button-container"&gt;
            &lt;button id="advancedPanelReturnButton" class="primary" data-telemetry-id="return_button_adv" data-l10n-id="neterror-return-to-previous-page-recommended-button"&gt;Go Back (Recommended)&lt;/button&gt;
            &lt;button id="advancedPanelTryAgainButton" class="primary try-again" data-l10n-id="neterror-try-again-button" hidden=""&gt;Try Again&lt;/button&gt;
            &lt;button id="exceptionDialogButton" data-telemetry-id="exception_button" data-l10n-id="neterror-override-exception-button"&gt;Accept the Risk and Continue&lt;/button&gt;
          &lt;/div&gt;
        &lt;/div&gt;

        &lt;div id="certificateErrorDebugInformation" class="advanced-panel" hidden=""&gt;
          &lt;button id="copyToClipboardTop" data-telemetry-id="clipboard_button_top" data-l10n-id="neterror-copy-to-clipboard-button"&gt;Copy text to clipboard&lt;/button&gt;
          &lt;div id="certificateErrorText"&gt;&lt;/div&gt;
          &lt;button id="copyToClipboardBottom" data-telemetry-id="clipboard_button_bot" data-l10n-id="neterror-copy-to-clipboard-button"&gt;Copy text to clipboard&lt;/button&gt;
        &lt;/div&gt;
      &lt;/div&gt;
    &lt;/div&gt;
    &lt;script src="chrome://global/content/neterror/aboutNetErrorCodes.js"&gt;&lt;/script&gt;
    &lt;script type="module" src="chrome://global/content/aboutNetError.mjs"&gt;&lt;/script&gt;
  

&lt;/body&gt;&lt;/html&gt;</msg>
<doc>Logs and returns the HTML source of the current page or frame.</doc>
[...]
WebDriverError@chrome://remote/content/shared/webdriver/Errors.sys.mjs:199:5
UnknownError@chrome://remote/content/shared/webdriver/Errors.sys.mjs:910:5
checkReadyState@chrome://remote/content/marionette/navigate.sys.mjs:59:24
onNavigation@chrome://remote/content/marionette/navigate.sys.mjs:348:39
emit@resource://gre/modules/EventEmitter.sys.mjs:156:19
receiveMessage@chrome://remote/content/marionette/actors/MarionetteEventsParent.sys.mjs:33:25
</msg>
<arg>${BASE_URL}</arg>
<arg>${BROWSER}</arg>
<doc>Opens a new browser instance to the optional ``url``.</doc>
<status status="FAIL" start="2025-07-23T16:42:41.445531" elapsed="16.863346">WebDriverException: Message: Reached error page: about:neterror?e=connectionFailure&amp;u=http%3A//localhost%3A4200/&amp;c=UTF-8&amp;d=Firefox%20can%E2%80%99t%20establish%20a%20connection%20to%20the%20server%20at%20localhost%3A4200.
Stacktrace:
RemoteError@chrome://remote/content/shared/RemoteError.sys.mjs:8:8
WebDriverError@chrome://remote/content/shared/webdriver/Errors.sys.mjs:199:5
UnknownError@chrome://remote/content/shared/webdriver/Errors.sys.mjs:910:5
checkReadyState@chrome://remote/content/marionette/navigate.sys.mjs:59:24
onNavigation@chrome://remote/content/marionette/navigate.sys.mjs:348:39
emit@resource://gre/modules/EventEmitter.sys.mjs:156:19
receiveMessage@chrome://remote/content/marionette/actors/MarionetteEventsParent.sys.mjs:33:25
</status>
</kw>
<kw name="Maximize Browser Window" owner="SeleniumLibrary">
<doc>Maximizes current browser window.</doc>
<status status="NOT RUN" start="2025-07-23T16:42:58.309369" elapsed="0.000085"/>
</kw>
<kw name="Set Selenium Timeout" owner="SeleniumLibrary">
<arg>${TIMEOUT}</arg>
<doc>Sets the timeout that is used by various keywords.</doc>
<status status="NOT RUN" start="2025-07-23T16:42:58.309658" elapsed="0.000057"/>
</kw>
<kw name="Wait Until Page Contains Element" owner="SeleniumLibrary">
<arg>css:body</arg>
<arg>timeout=${TIMEOUT}</arg>
<doc>Waits until the element ``locator`` appears on the current page.</doc>
<status status="NOT RUN" start="2025-07-23T16:42:58.309916" elapsed="0.000061"/>
</kw>
<status status="FAIL" start="2025-07-23T16:42:41.445133" elapsed="16.865079">WebDriverException: Message: Reached error page: about:neterror?e=connectionFailure&amp;u=http%3A//localhost%3A4200/&amp;c=UTF-8&amp;d=Firefox%20can%E2%80%99t%20establish%20a%20connection%20to%20the%20server%20at%20localhost%3A4200.
Stacktrace:
RemoteError@chrome://remote/content/shared/RemoteError.sys.mjs:8:8
WebDriverError@chrome://remote/content/shared/webdriver/Errors.sys.mjs:199:5
UnknownError@chrome://remote/content/shared/webdriver/Errors.sys.mjs:910:5
checkReadyState@chrome://remote/content/marionette/navigate.sys.mjs:59:24
onNavigation@chrome://remote/content/marionette/navigate.sys.mjs:348:39
emit@resource://gre/modules/EventEmitter.sys.mjs:156:19
receiveMessage@chrome://remote/content/marionette/actors/MarionetteEventsParent.sys.mjs:33:25
</status>
</kw>
<kw name="Close Browser And Capture On Failure" type="TEARDOWN">
<kw name="Run Keyword If Test Failed" owner="BuiltIn">
<kw name="Capture Page Screenshot" owner="SeleniumLibrary">
<msg time="2025-07-23T16:42:58.362383" level="INFO" html="true">&lt;/td&gt;&lt;/tr&gt;&lt;tr&gt;&lt;td colspan="3"&gt;&lt;a href="failure-18.png"&gt;&lt;img src="failure-18.png" width="800px"&gt;&lt;/a&gt;</msg>
<arg>failure-{index}.png</arg>
<doc>Takes a screenshot of the current page and embeds it into a log file.</doc>
<status status="PASS" start="2025-07-23T16:42:58.312022" elapsed="0.050645"/>
</kw>
<arg>Capture Page Screenshot</arg>
<arg>failure-{index}.png</arg>
<doc>Runs the given keyword with the given arguments, if the test failed.</doc>
<status status="PASS" start="2025-07-23T16:42:58.311719" elapsed="0.051201"/>
</kw>
<kw name="Run Keyword If Test Failed" owner="BuiltIn">
<kw name="Log Source" owner="SeleniumLibrary">
<msg time="2025-07-23T16:42:58.369540" level="INFO">&lt;html data-l10n-sync="true" lang="en-US" dir="ltr"&gt;&lt;head&gt;
    &lt;meta http-equiv="Content-Security-Policy" content="default-src chrome:; object-src 'none'"&gt;
    &lt;meta name="color-scheme" content="light dark"&gt;
    &lt;title data-l10n-id="neterror-page-title"&gt;Problem loading page&lt;/title&gt;
    &lt;link rel="stylesheet" href="chrome://global/skin/aboutNetError.css" type="text/css" media="all"&gt;
    &lt;link rel="icon" id="favicon" href="chrome://global/skin/icons/info.svg"&gt;
    &lt;link rel="localization" href="branding/brand.ftl"&gt;
    &lt;link rel="localization" href="toolkit/neterror/certError.ftl"&gt;
    &lt;link rel="localization" href="toolkit/neterror/netError.ftl"&gt;
  &lt;/head&gt;
  &lt;body class="neterror"&gt;
    &lt;div class="container"&gt;
      &lt;div id="text-container"&gt;
        &lt;!-- Error Title --&gt;
        &lt;div class="title"&gt;
          &lt;h1 class="title-text" data-l10n-id="connectionFailure-title"&gt;Unable to connect&lt;/h1&gt;
        &lt;/div&gt;

        &lt;!-- Short Description --&gt;
        &lt;p id="errorShortDesc"&gt;Firefox can’t establish a connection to the server at localhost:4200.&lt;/p&gt;
        &lt;p id="errorShortDesc2"&gt;&lt;/p&gt;

        &lt;div id="errorWhatToDo" hidden=""&gt;
          &lt;p id="errorWhatToDoTitle" data-l10n-id="certerror-what-can-you-do-about-it-title"&gt;What can you do about it?&lt;/p&gt;
          &lt;p id="badStsCertExplanation" hidden=""&gt;&lt;/p&gt;
          &lt;p id="errorWhatToDoText"&gt;&lt;/p&gt;
        &lt;/div&gt;

        &lt;!-- Long Description --&gt;
        &lt;div id="errorLongDesc"&gt;&lt;ul&gt;&lt;li data-l10n-id="neterror-load-error-try-again"&gt;The site could be temporarily unavailable or too busy. Try again in a few moments.&lt;/li&gt;&lt;li data-l10n-id="neterror-load-error-connection"&gt;If you are unable to load any pages, check your computer’s network connection.&lt;/li&gt;&lt;li data-l10n-id="neterror-load-error-firewall"&gt;If your computer or network is protected by a firewall or proxy, make sure that Firefox is permitted to access the web.&lt;/li&gt;&lt;/ul&gt;&lt;/div&gt;

        &lt;div id="trrOnlyContainer" hidden=""&gt;
          &lt;p id="trrOnlyMessage"&gt;&lt;/p&gt;
          &lt;div class="trr-message-container"&gt;
            &lt;span id="trrOnlyDescription"&gt;&lt;/span&gt;
            &lt;p id="trrLearnMoreContainer" hidden=""&gt;
              &lt;a id="trrOnlylearnMoreLink" target="_blank" rel="noopener noreferrer" data-l10n-id="neterror-learn-more-link"&gt;Learn more…&lt;/a&gt;
            &lt;/p&gt;
          &lt;/div&gt;
          &lt;p data-l10n-id="neterror-dns-not-found-trr-third-party-warning2"&gt;You can continue with your default DNS resolver. However, a third-party might be able to see what websites you visit.&lt;/p&gt;
        &lt;/div&gt;

        &lt;p id="tlsVersionNotice" hidden=""&gt;&lt;/p&gt;

        &lt;p id="learnMoreContainer" hidden=""&gt;
          &lt;a id="learnMoreLink" target="_blank" rel="noopener noreferrer" data-telemetry-id="learn_more_link" data-l10n-id="neterror-learn-more-link" href="https://support.mozilla.org/1/firefox/141.0/WINNT/en-US/connection-not-secure"&gt;Learn more…&lt;/a&gt;
        &lt;/p&gt;

        &lt;!-- UI for option to report certificate errors to Mozilla. Removed on
             init for other error types .--&gt;
        &lt;div id="prefChangeContainer" class="button-container" hidden=""&gt;
          &lt;p data-l10n-id="neterror-pref-reset"&gt;It looks like your network security settings might be causing this. Do you want the default settings to be restored?&lt;/p&gt;
          &lt;button id="prefResetButton" class="primary" data-l10n-id="neterror-pref-reset-button"&gt;Restore default settings&lt;/button&gt;
        &lt;/div&gt;

        &lt;div id="certErrorAndCaptivePortalButtonContainer" class="button-container" hidden=""&gt;
          &lt;button id="returnButton" class="primary" data-telemetry-id="return_button_top" data-l10n-id="neterror-return-to-previous-page-recommended-button"&gt;Go Back (Recommended)&lt;/button&gt;
          &lt;button id="openPortalLoginPageButton" class="primary" data-l10n-id="neterror-open-portal-login-page-button" hidden=""&gt;Open Network Login Page&lt;/button&gt;
          &lt;button id="certErrorTryAgainButton" class="primary try-again" data-l10n-id="neterror-try-again-button" hidden=""&gt;Try Again&lt;/button&gt;
          &lt;button id="advancedButton" data-telemetry-id="advanced_button" data-l10n-id="neterror-advanced-button"&gt;Advanced…&lt;/button&gt;
        &lt;/div&gt;
      &lt;/div&gt;

      &lt;div id="netErrorButtonContainer" class="button-container"&gt;&lt;button id="neterrorTryAgainButton" class="primary try-again" data-l10n-id="neterror-try-again-button" data-telemetry-id="try_again_button"&gt;Try Again&lt;/button&gt;
        
        &lt;button id="trrExceptionButton" data-l10n-id="neterror-add-exception-button" data-telemetry-id="add_exception_button" hidden=""&gt;Always continue for this site&lt;/button&gt;
        &lt;button id="trrSettingsButton" data-l10n-id="neterror-settings-button" data-telemetry-id="settings_button" hidden=""&gt;Change DNS settings&lt;/button&gt;
      &lt;/div&gt;

      &lt;div class="advanced-panel-container"&gt;
        &lt;div id="badCertAdvancedPanel" class="advanced-panel" hidden=""&gt;
          &lt;p id="badCertTechnicalInfo"&gt;&lt;/p&gt;
          &lt;a id="viewCertificate" href="javascript:void(0)" data-l10n-id="neterror-view-certificate-link"&gt;View Certificate&lt;/a&gt;
          &lt;div id="advancedPanelButtonContainer" class="button-container"&gt;
            &lt;button id="advancedPanelReturnButton" class="primary" data-telemetry-id="return_button_adv" data-l10n-id="neterror-return-to-previous-page-recommended-button"&gt;Go Back (Recommended)&lt;/button&gt;
            &lt;button id="advancedPanelTryAgainButton" class="primary try-again" data-l10n-id="neterror-try-again-button" hidden=""&gt;Try Again&lt;/button&gt;
            &lt;button id="exceptionDialogButton" data-telemetry-id="exception_button" data-l10n-id="neterror-override-exception-button"&gt;Accept the Risk and Continue&lt;/button&gt;
          &lt;/div&gt;
        &lt;/div&gt;

        &lt;div id="certificateErrorDebugInformation" class="advanced-panel" hidden=""&gt;
          &lt;button id="copyToClipboardTop" data-telemetry-id="clipboard_button_top" data-l10n-id="neterror-copy-to-clipboard-button"&gt;Copy text to clipboard&lt;/button&gt;
          &lt;div id="certificateErrorText"&gt;&lt;/div&gt;
          &lt;button id="copyToClipboardBottom" data-telemetry-id="clipboard_button_bot" data-l10n-id="neterror-copy-to-clipboard-button"&gt;Copy text to clipboard&lt;/button&gt;
        &lt;/div&gt;
      &lt;/div&gt;
    &lt;/div&gt;
    &lt;script src="chrome://global/content/neterror/aboutNetErrorCodes.js"&gt;&lt;/script&gt;
    &lt;script type="module" src="chrome://global/content/aboutNetError.mjs"&gt;&lt;/script&gt;
  

&lt;/body&gt;&lt;/html&gt;</msg>
<doc>Logs and returns the HTML source of the current page or frame.</doc>
<status status="PASS" start="2025-07-23T16:42:58.363842" elapsed="0.007082"/>
</kw>
<arg>Log Source</arg>
<doc>Runs the given keyword with the given arguments, if the test failed.</doc>
<status status="PASS" start="2025-07-23T16:42:58.363388" elapsed="0.007799"/>
</kw>
<kw name="Close Browser" owner="SeleniumLibrary">
<doc>Closes the current browser.</doc>
<status status="PASS" start="2025-07-23T16:42:58.371534" elapsed="5.485214"/>
</kw>
<status status="PASS" start="2025-07-23T16:42:58.311160" elapsed="5.545831"/>
</kw>
<doc>Tester le lien vers l'inscription depuis la page de connexion</doc>
<tag>navigation</tag>
<tag>ui</tag>
<status status="FAIL" start="2025-07-23T16:42:41.444292" elapsed="22.413132">Setup failed:
WebDriverException: Message: Reached error page: about:neterror?e=connectionFailure&amp;u=http%3A//localhost%3A4200/&amp;c=UTF-8&amp;d=Firefox%20can%E2%80%99t%20establish%20a%20connection%20to%20the%20server%20at%20localhost%3A4200.
Stacktrace:
RemoteError@chrome://remote/content/shared/RemoteError.sys.mjs:8:8
WebDriverError@chrome://remote/content/shared/webdriver/Errors.sys.mjs:199:5
UnknownError@chrome://remote/content/shared/webdriver/Errors.sys.mjs:910:5
checkReadyState@chrome://remote/content/marionette/navigate.sys.mjs:59:24
onNavigation@chrome://remote/content/marionette/navigate.sys.mjs:348:39
emit@resource://gre/modules/EventEmitter.sys.mjs:156:19
receiveMessage@chrome://remote/content/marionette/actors/MarionetteEventsParent.sys.mjs:33:25
</status>
</test>
<test id="s1-t10" name="TC010 - Checkbox &quot;Remember me&quot; fonctionnel" line="324">
<kw name="Open Browser Setup" type="SETUP">
<kw name="Open Browser" owner="SeleniumLibrary">
<msg time="2025-07-23T16:43:03.862433" level="INFO">Opening browser 'firefox' to base url 'http://localhost:4200'.</msg>
<arg>${BASE_URL}</arg>
<arg>${BROWSER}</arg>
<doc>Opens a new browser instance to the optional ``url``.</doc>
<status status="PASS" start="2025-07-23T16:43:03.861853" elapsed="16.005321"/>
</kw>
<kw name="Maximize Browser Window" owner="SeleniumLibrary">
<doc>Maximizes current browser window.</doc>
<status status="PASS" start="2025-07-23T16:43:19.867647" elapsed="0.272325"/>
</kw>
<kw name="Set Selenium Timeout" owner="SeleniumLibrary">
<arg>${TIMEOUT}</arg>
<doc>Sets the timeout that is used by various keywords.</doc>
<status status="PASS" start="2025-07-23T16:43:20.140383" elapsed="0.019281"/>
</kw>
<kw name="Wait Until Page Contains Element" owner="SeleniumLibrary">
<arg>css:body</arg>
<arg>timeout=${TIMEOUT}</arg>
<doc>Waits until the element ``locator`` appears on the current page.</doc>
<status status="PASS" start="2025-07-23T16:43:20.159898" elapsed="0.071162"/>
</kw>
<status status="PASS" start="2025-07-23T16:43:03.861261" elapsed="16.370031"/>
</kw>
<kw name="Navigate To Login Page">
<kw name="Go To" owner="SeleniumLibrary">
<msg time="2025-07-23T16:43:20.232495" level="INFO">Opening url 'http://localhost:4200/login'</msg>
<arg>${BASE_URL}${LOGIN_ROUTE}</arg>
<doc>Navigates the current browser window to the provided ``url``.</doc>
<status status="PASS" start="2025-07-23T16:43:20.232236" elapsed="1.977290"/>
</kw>
<kw name="Wait Until Page Contains Element" owner="SeleniumLibrary">
<arg>${LOGIN_EMAIL_INPUT}</arg>
<arg>timeout=${TIMEOUT}</arg>
<doc>Waits until the element ``locator`` appears on the current page.</doc>
<status status="PASS" start="2025-07-23T16:43:22.209793" elapsed="0.005367"/>
</kw>
<kw name="Page Should Contain" owner="SeleniumLibrary">
<msg time="2025-07-23T16:43:22.239749" level="INFO">Current page contains text 'Sign in'.</msg>
<arg>Sign in</arg>
<doc>Verifies that current page contains ``text``.</doc>
<status status="PASS" start="2025-07-23T16:43:22.215594" elapsed="0.024375"/>
</kw>
<status status="PASS" start="2025-07-23T16:43:20.231756" elapsed="2.008439"/>
</kw>
<kw name="Run Keyword And Return Status" owner="BuiltIn">
<kw name="Checkbox Should Be Selected" owner="SeleniumLibrary">
<msg time="2025-07-23T16:43:22.243579" level="INFO">Verifying checkbox 'css:#form2Example31' is selected.</msg>
<arg>${REMEMBER_CHECKBOX}</arg>
<doc>Verifies checkbox ``locator`` is selected/checked.</doc>
<status status="PASS" start="2025-07-23T16:43:22.243053" elapsed="0.243956"/>
</kw>
<msg time="2025-07-23T16:43:22.488192" level="INFO">${is_selected} = True</msg>
<var>${is_selected}</var>
<arg>Checkbox Should Be Selected</arg>
<arg>${REMEMBER_CHECKBOX}</arg>
<doc>Runs the given keyword with given arguments and returns the status as a Boolean value.</doc>
<status status="PASS" start="2025-07-23T16:43:22.241649" elapsed="0.246680"/>
</kw>
<kw name="Run Keyword If" owner="BuiltIn">
<kw name="Unselect Checkbox" owner="SeleniumLibrary">
<msg time="2025-07-23T16:43:22.491829" level="INFO">Unselecting checkbox 'css:#form2Example31'.</msg>
<arg>${REMEMBER_CHECKBOX}</arg>
<doc>Removes the selection of checkbox identified by ``locator``.</doc>
<status status="PASS" start="2025-07-23T16:43:22.491146" elapsed="0.116881"/>
</kw>
<arg>${is_selected}</arg>
<arg>Unselect Checkbox</arg>
<arg>${REMEMBER_CHECKBOX}</arg>
<doc>Runs the given keyword with the given arguments, if ``condition`` is true.</doc>
<status status="PASS" start="2025-07-23T16:43:22.489842" elapsed="0.118547"/>
</kw>
<kw name="Checkbox Should Not Be Selected" owner="SeleniumLibrary">
<msg time="2025-07-23T16:43:22.610090" level="INFO">Verifying checkbox 'css:#form2Example31' is not selected.</msg>
<arg>${REMEMBER_CHECKBOX}</arg>
<doc>Verifies checkbox ``locator`` is not selected/checked.</doc>
<status status="PASS" start="2025-07-23T16:43:22.609404" elapsed="0.022613"/>
</kw>
<kw name="Select Checkbox" owner="SeleniumLibrary">
<msg time="2025-07-23T16:43:22.632957" level="INFO">Selecting checkbox 'css:#form2Example31'.</msg>
<arg>${REMEMBER_CHECKBOX}</arg>
<doc>Selects the checkbox identified by ``locator``.</doc>
<status status="PASS" start="2025-07-23T16:43:22.632603" elapsed="0.076606"/>
</kw>
<kw name="Checkbox Should Be Selected" owner="SeleniumLibrary">
<msg time="2025-07-23T16:43:22.710102" level="INFO">Verifying checkbox 'css:#form2Example31' is selected.</msg>
<arg>${REMEMBER_CHECKBOX}</arg>
<doc>Verifies checkbox ``locator`` is selected/checked.</doc>
<status status="PASS" start="2025-07-23T16:43:22.709701" elapsed="0.014703"/>
</kw>
<kw name="Close Browser And Capture On Failure" type="TEARDOWN">
<kw name="Run Keyword If Test Failed" owner="BuiltIn">
<arg>Capture Page Screenshot</arg>
<arg>failure-{index}.png</arg>
<doc>Runs the given keyword with the given arguments, if the test failed.</doc>
<status status="PASS" start="2025-07-23T16:43:22.725416" elapsed="0.000150"/>
</kw>
<kw name="Run Keyword If Test Failed" owner="BuiltIn">
<arg>Log Source</arg>
<doc>Runs the given keyword with the given arguments, if the test failed.</doc>
<status status="PASS" start="2025-07-23T16:43:22.725742" elapsed="0.000121"/>
</kw>
<kw name="Close Browser" owner="SeleniumLibrary">
<doc>Closes the current browser.</doc>
<status status="PASS" start="2025-07-23T16:43:22.726016" elapsed="3.228682"/>
</kw>
<status status="PASS" start="2025-07-23T16:43:22.724973" elapsed="3.229905"/>
</kw>
<doc>Tester que la checkbox Remember me fonctionne</doc>
<tag>functional</tag>
<tag>ui</tag>
<status status="PASS" start="2025-07-23T16:43:03.860167" elapsed="22.094967"/>
</test>
<test id="s1-t11" name="TC011 - Inscription puis connexion - Workflow complet" line="334">
<kw name="Open Browser Setup" type="SETUP">
<kw name="Open Browser" owner="SeleniumLibrary">
<msg time="2025-07-23T16:43:25.957199" level="INFO">Opening browser 'firefox' to base url 'http://localhost:4200'.</msg>
<msg time="2025-07-23T16:43:36.485118" level="WARN">Retrying (Retry(total=2, connect=None, read=None, redirect=None, status=None)) after connection broken by 'NewConnectionError('&lt;urllib3.connection.HTTPConnection object at 0x000002C15FF20C00&gt;: Failed to establish a new connection: [WinError 10061] Aucune connexion n’a pu être établie car l’ordinateur cible l’a expressément refusée')': /session/324e7e16-1b52-45cc-a948-ac6eec79ec7d/screenshot</msg>
<errors>
<msg time="2025-07-23T16:36:30.142923" level="WARN">Error in file 'C:\Users\lenovo\E-commerce-App-main\robot-tests\hello.robot' on line 202: The '[Return]' setting is deprecated. Use the 'RETURN' statement instead.</msg>
<msg time="2025-07-23T16:43:36.485118" level="WARN">Retrying (Retry(total=2, connect=None, read=None, redirect=None, status=None)) after connection broken by 'NewConnectionError('&lt;urllib3.connection.HTTPConnection object at 0x000002C15FF20C00&gt;: Failed to establish a new connection: [WinError 10061] Aucune connexion n’a pu être établie car l’ordinateur cible l’a expressément refusée')': /session/324e7e16-1b52-45cc-a948-ac6eec79ec7d/screenshot</msg>
<msg time="2025-07-23T16:43:40.573720" level="ERROR">Execution stopped by user.</msg>
</errors>
</robot>
