<?xml version="1.0" encoding="UTF-8"?>
<robot generator="Robot 7.3.2 (Python 3.8.0 on win32)" generated="2025-07-28T22:30:54.305653" rpa="false" schemaversion="5">
<suite id="s1" name="Hello" source="C:\Users\LENOVO\E-commerce-App-main\robot-tests\hello.robot">
<kw name="Log" owner="BuiltIn" type="SETUP">
<msg time="2025-07-28T22:30:54.639984" level="INFO">Suite de tests e-commerce démarrée</msg>
<arg>Suite de tests e-commerce démarrée</arg>
<doc>Logs the given message with the given level.</doc>
<status status="PASS" start="2025-07-28T22:30:54.638984" elapsed="0.001000"/>
</kw>
<test id="s1-t1" name="TC001 - Vérifier le chargement de la page d'accueil" line="230">
<kw name="Open Browser Setup" type="SETUP">
<kw name="Open Browser" owner="SeleniumLibrary">
<msg time="2025-07-28T22:30:54.643984" level="INFO">Opening browser 'firefox' to base url 'http://localhost:4200'.</msg>
<arg>${BASE_URL}</arg>
<arg>${BROWSER}</arg>
<doc>Opens a new browser instance to the optional ``url``.</doc>
<status status="PASS" start="2025-07-28T22:30:54.643984" elapsed="49.017337"/>
</kw>
<kw name="Maximize Browser Window" owner="SeleniumLibrary">
<doc>Maximizes current browser window.</doc>
<status status="PASS" start="2025-07-28T22:31:43.662322" elapsed="0.298815"/>
</kw>
<kw name="Set Selenium Timeout" owner="SeleniumLibrary">
<arg>${TIMEOUT}</arg>
<doc>Sets the timeout that is used by various keywords.</doc>
<status status="PASS" start="2025-07-28T22:31:43.963820" elapsed="0.005237"/>
</kw>
<kw name="Wait Until Page Contains Element" owner="SeleniumLibrary">
<arg>css:body</arg>
<arg>timeout=${TIMEOUT}</arg>
<doc>Waits until the element ``locator`` appears on the current page.</doc>
<status status="PASS" start="2025-07-28T22:31:43.969057" elapsed="0.023596"/>
</kw>
<status status="PASS" start="2025-07-28T22:30:54.642984" elapsed="49.350675"/>
</kw>
<kw name="Navigate To Home Page">
<kw name="Go To" owner="SeleniumLibrary">
<msg time="2025-07-28T22:31:43.995850" level="INFO">Opening url 'http://localhost:4200/home'</msg>
<arg>${BASE_URL}${HOME_ROUTE}</arg>
<doc>Navigates the current browser window to the provided ``url``.</doc>
<status status="PASS" start="2025-07-28T22:31:43.995850" elapsed="9.982018"/>
</kw>
<kw name="Wait Until Page Contains Element" owner="SeleniumLibrary">
<arg>css:body</arg>
<arg>timeout=${TIMEOUT}</arg>
<doc>Waits until the element ``locator`` appears on the current page.</doc>
<status status="PASS" start="2025-07-28T22:31:53.977868" elapsed="0.011554"/>
</kw>
<kw name="Page Should Contain Element" owner="SeleniumLibrary">
<msg time="2025-07-28T22:31:53.997102" level="INFO">Current page contains element 'css:.product-grid'.</msg>
<arg>${PRODUCT_GRID}</arg>
<doc>Verifies that element ``locator`` is found on the current page.</doc>
<status status="PASS" start="2025-07-28T22:31:53.990467" elapsed="0.007636"/>
</kw>
<status status="PASS" start="2025-07-28T22:31:43.994698" elapsed="10.003405"/>
</kw>
<kw name="Page Should Contain Element" owner="SeleniumLibrary">
<msg time="2025-07-28T22:31:54.004915" level="INFO">Current page contains element 'css:.product-grid'.</msg>
<arg>${PRODUCT_GRID}</arg>
<doc>Verifies that element ``locator`` is found on the current page.</doc>
<status status="PASS" start="2025-07-28T22:31:53.998103" elapsed="0.006812"/>
</kw>
<kw name="Close Browser And Capture On Failure" type="TEARDOWN">
<kw name="Run Keyword If Test Failed" owner="BuiltIn">
<arg>Capture Page Screenshot</arg>
<arg>failure-{index}.png</arg>
<doc>Runs the given keyword with the given arguments, if the test failed.</doc>
<status status="PASS" start="2025-07-28T22:31:54.007095" elapsed="0.000000"/>
</kw>
<kw name="Run Keyword If Test Failed" owner="BuiltIn">
<arg>Log Source</arg>
<doc>Runs the given keyword with the given arguments, if the test failed.</doc>
<status status="PASS" start="2025-07-28T22:31:54.008113" elapsed="0.000000"/>
</kw>
<kw name="Close Browser" owner="SeleniumLibrary">
<doc>Closes the current browser.</doc>
<status status="PASS" start="2025-07-28T22:31:54.008113" elapsed="3.266698"/>
</kw>
<status status="PASS" start="2025-07-28T22:31:54.006085" elapsed="3.268726"/>
</kw>
<doc>Vérifier que la page d'accueil se charge correctement</doc>
<tag>smoke</tag>
<tag>ui</tag>
<status status="PASS" start="2025-07-28T22:30:54.639984" elapsed="62.635827"/>
</test>
<test id="s1-t2" name="TC002 - Navigation vers la page de connexion" line="236">
<kw name="Open Browser Setup" type="SETUP">
<kw name="Open Browser" owner="SeleniumLibrary">
<msg time="2025-07-28T22:31:57.278814" level="INFO">Opening browser 'firefox' to base url 'http://localhost:4200'.</msg>
<arg>${BASE_URL}</arg>
<arg>${BROWSER}</arg>
<doc>Opens a new browser instance to the optional ``url``.</doc>
<status status="PASS" start="2025-07-28T22:31:57.278814" elapsed="41.270493"/>
</kw>
<kw name="Maximize Browser Window" owner="SeleniumLibrary">
<doc>Maximizes current browser window.</doc>
<status status="PASS" start="2025-07-28T22:32:38.550318" elapsed="0.276494"/>
</kw>
<kw name="Set Selenium Timeout" owner="SeleniumLibrary">
<arg>${TIMEOUT}</arg>
<doc>Sets the timeout that is used by various keywords.</doc>
<status status="PASS" start="2025-07-28T22:32:38.828835" elapsed="0.004715"/>
</kw>
<kw name="Wait Until Page Contains Element" owner="SeleniumLibrary">
<arg>css:body</arg>
<arg>timeout=${TIMEOUT}</arg>
<doc>Waits until the element ``locator`` appears on the current page.</doc>
<status status="PASS" start="2025-07-28T22:32:38.834608" elapsed="0.029310"/>
</kw>
<status status="PASS" start="2025-07-28T22:31:57.277811" elapsed="41.586107"/>
</kw>
<kw name="Navigate To Login Page">
<kw name="Go To" owner="SeleniumLibrary">
<msg time="2025-07-28T22:32:38.866252" level="INFO">Opening url 'http://localhost:4200/login'</msg>
<arg>${BASE_URL}${LOGIN_ROUTE}</arg>
<doc>Navigates the current browser window to the provided ``url``.</doc>
<status status="PASS" start="2025-07-28T22:32:38.866252" elapsed="4.000034"/>
</kw>
<kw name="Wait Until Page Contains Element" owner="SeleniumLibrary">
<arg>${LOGIN_EMAIL_INPUT}</arg>
<arg>timeout=${TIMEOUT}</arg>
<doc>Waits until the element ``locator`` appears on the current page.</doc>
<status status="PASS" start="2025-07-28T22:32:42.867465" elapsed="0.015298"/>
</kw>
<kw name="Page Should Contain" owner="SeleniumLibrary">
<msg time="2025-07-28T22:32:42.896290" level="INFO">Current page contains text 'Sign in'.</msg>
<arg>Sign in</arg>
<doc>Verifies that current page contains ``text``.</doc>
<status status="PASS" start="2025-07-28T22:32:42.882763" elapsed="0.013527"/>
</kw>
<status status="PASS" start="2025-07-28T22:32:38.865027" elapsed="4.031263"/>
</kw>
<kw name="Page Should Contain" owner="SeleniumLibrary">
<msg time="2025-07-28T22:32:42.907122" level="INFO">Current page contains text 'Sign in'.</msg>
<arg>Sign in</arg>
<doc>Verifies that current page contains ``text``.</doc>
<status status="PASS" start="2025-07-28T22:32:42.896290" elapsed="0.010832"/>
</kw>
<kw name="Page Should Contain Element" owner="SeleniumLibrary">
<msg time="2025-07-28T22:32:42.913121" level="INFO">Current page contains element 'css:#form2Example1'.</msg>
<arg>${LOGIN_EMAIL_INPUT}</arg>
<doc>Verifies that element ``locator`` is found on the current page.</doc>
<status status="PASS" start="2025-07-28T22:32:42.908125" elapsed="0.004996"/>
</kw>
<kw name="Page Should Contain Element" owner="SeleniumLibrary">
<msg time="2025-07-28T22:32:42.917928" level="INFO">Current page contains element 'css:#form2Example2'.</msg>
<arg>${LOGIN_PASSWORD_INPUT}</arg>
<doc>Verifies that element ``locator`` is found on the current page.</doc>
<status status="PASS" start="2025-07-28T22:32:42.913121" elapsed="0.006029"/>
</kw>
<kw name="Page Should Contain Element" owner="SeleniumLibrary">
<msg time="2025-07-28T22:32:42.925240" level="INFO">Current page contains element 'css:#form2Example31'.</msg>
<arg>${REMEMBER_CHECKBOX}</arg>
<doc>Verifies that element ``locator`` is found on the current page.</doc>
<status status="PASS" start="2025-07-28T22:32:42.919150" elapsed="0.006090"/>
</kw>
<kw name="Close Browser And Capture On Failure" type="TEARDOWN">
<kw name="Run Keyword If Test Failed" owner="BuiltIn">
<arg>Capture Page Screenshot</arg>
<arg>failure-{index}.png</arg>
<doc>Runs the given keyword with the given arguments, if the test failed.</doc>
<status status="PASS" start="2025-07-28T22:32:42.927674" elapsed="0.000000"/>
</kw>
<kw name="Run Keyword If Test Failed" owner="BuiltIn">
<arg>Log Source</arg>
<doc>Runs the given keyword with the given arguments, if the test failed.</doc>
<status status="PASS" start="2025-07-28T22:32:42.927674" elapsed="0.001024"/>
</kw>
<kw name="Close Browser" owner="SeleniumLibrary">
<doc>Closes the current browser.</doc>
<status status="PASS" start="2025-07-28T22:32:42.928698" elapsed="3.712779"/>
</kw>
<status status="PASS" start="2025-07-28T22:32:42.926308" elapsed="3.715169"/>
</kw>
<doc>Vérifier la navigation vers la page de connexion</doc>
<tag>navigation</tag>
<tag>ui</tag>
<status status="PASS" start="2025-07-28T22:31:57.276815" elapsed="49.364662"/>
</test>
<test id="s1-t3" name="TC003 - Navigation vers la page d'inscription" line="245">
<kw name="Open Browser Setup" type="SETUP">
<kw name="Open Browser" owner="SeleniumLibrary">
<msg time="2025-07-28T22:32:46.643870" level="INFO">Opening browser 'firefox' to base url 'http://localhost:4200'.</msg>
<arg>${BASE_URL}</arg>
<arg>${BROWSER}</arg>
<doc>Opens a new browser instance to the optional ``url``.</doc>
<status status="PASS" start="2025-07-28T22:32:46.643870" elapsed="38.009841"/>
</kw>
<kw name="Maximize Browser Window" owner="SeleniumLibrary">
<doc>Maximizes current browser window.</doc>
<status status="PASS" start="2025-07-28T22:33:24.653711" elapsed="0.278812"/>
</kw>
<kw name="Set Selenium Timeout" owner="SeleniumLibrary">
<arg>${TIMEOUT}</arg>
<doc>Sets the timeout that is used by various keywords.</doc>
<status status="PASS" start="2025-07-28T22:33:24.933541" elapsed="0.006498"/>
</kw>
<kw name="Wait Until Page Contains Element" owner="SeleniumLibrary">
<arg>css:body</arg>
<arg>timeout=${TIMEOUT}</arg>
<doc>Waits until the element ``locator`` appears on the current page.</doc>
<status status="PASS" start="2025-07-28T22:33:24.941040" elapsed="0.029266"/>
</kw>
<status status="PASS" start="2025-07-28T22:32:46.642870" elapsed="38.327436"/>
</kw>
<kw name="Navigate To Register Page">
<kw name="Go To" owner="SeleniumLibrary">
<msg time="2025-07-28T22:33:24.973306" level="INFO">Opening url 'http://localhost:4200/sign-up'</msg>
<arg>${BASE_URL}${SIGNUP_ROUTE}</arg>
<doc>Navigates the current browser window to the provided ``url``.</doc>
<status status="PASS" start="2025-07-28T22:33:24.972305" elapsed="5.764082"/>
</kw>
<kw name="Wait Until Page Contains Element" owner="SeleniumLibrary">
<arg>${REGISTER_EMAIL_INPUT}</arg>
<arg>timeout=${TIMEOUT}</arg>
<doc>Waits until the element ``locator`` appears on the current page.</doc>
<status status="PASS" start="2025-07-28T22:33:30.738002" elapsed="0.011610"/>
</kw>
<kw name="Page Should Contain" owner="SeleniumLibrary">
<msg time="2025-07-28T22:33:30.761237" level="INFO">Current page contains text 'Register'.</msg>
<arg>Register</arg>
<doc>Verifies that current page contains ``text``.</doc>
<status status="PASS" start="2025-07-28T22:33:30.749612" elapsed="0.012621"/>
</kw>
<status status="PASS" start="2025-07-28T22:33:24.971306" elapsed="5.790927"/>
</kw>
<kw name="Page Should Contain" owner="SeleniumLibrary">
<msg time="2025-07-28T22:33:30.770969" level="INFO">Current page contains text 'Register'.</msg>
<arg>Register</arg>
<doc>Verifies that current page contains ``text``.</doc>
<status status="PASS" start="2025-07-28T22:33:30.762233" elapsed="0.008736"/>
</kw>
<kw name="Page Should Contain Element" owner="SeleniumLibrary">
<msg time="2025-07-28T22:33:30.778653" level="INFO">Current page contains element 'css:#form2Example1'.</msg>
<arg>${REGISTER_EMAIL_INPUT}</arg>
<doc>Verifies that element ``locator`` is found on the current page.</doc>
<status status="PASS" start="2025-07-28T22:33:30.772423" elapsed="0.006230"/>
</kw>
<kw name="Page Should Contain Element" owner="SeleniumLibrary">
<msg time="2025-07-28T22:33:30.784746" level="INFO">Current page contains element 'css:#form2Example3'.</msg>
<arg>${REGISTER_USERNAME_INPUT}</arg>
<doc>Verifies that element ``locator`` is found on the current page.</doc>
<status status="PASS" start="2025-07-28T22:33:30.778653" elapsed="0.007095"/>
</kw>
<kw name="Page Should Contain Element" owner="SeleniumLibrary">
<msg time="2025-07-28T22:33:30.792608" level="INFO">Current page contains element 'css:#form2Example2'.</msg>
<arg>${REGISTER_PASSWORD_INPUT}</arg>
<doc>Verifies that element ``locator`` is found on the current page.</doc>
<status status="PASS" start="2025-07-28T22:33:30.785748" elapsed="0.006860"/>
</kw>
<kw name="Close Browser And Capture On Failure" type="TEARDOWN">
<kw name="Run Keyword If Test Failed" owner="BuiltIn">
<arg>Capture Page Screenshot</arg>
<arg>failure-{index}.png</arg>
<doc>Runs the given keyword with the given arguments, if the test failed.</doc>
<status status="PASS" start="2025-07-28T22:33:30.798154" elapsed="0.000000"/>
</kw>
<kw name="Run Keyword If Test Failed" owner="BuiltIn">
<arg>Log Source</arg>
<doc>Runs the given keyword with the given arguments, if the test failed.</doc>
<status status="PASS" start="2025-07-28T22:33:30.798154" elapsed="0.001068"/>
</kw>
<kw name="Close Browser" owner="SeleniumLibrary">
<doc>Closes the current browser.</doc>
<status status="PASS" start="2025-07-28T22:33:30.799222" elapsed="3.488625"/>
</kw>
<status status="PASS" start="2025-07-28T22:33:30.795880" elapsed="3.491967"/>
</kw>
<doc>Vérifier la navigation vers la page d'inscription</doc>
<tag>navigation</tag>
<tag>ui</tag>
<status status="PASS" start="2025-07-28T22:32:46.641477" elapsed="47.646370"/>
</test>
<test id="s1-t4" name="TC004 - Inscription avec des données valides" line="254">
<kw name="Open Browser Setup" type="SETUP">
<kw name="Open Browser" owner="SeleniumLibrary">
<msg time="2025-07-28T22:33:34.291886" level="INFO">Opening browser 'firefox' to base url 'http://localhost:4200'.</msg>
<arg>${BASE_URL}</arg>
<arg>${BROWSER}</arg>
<doc>Opens a new browser instance to the optional ``url``.</doc>
<status status="PASS" start="2025-07-28T22:33:34.291375" elapsed="35.321984"/>
</kw>
<kw name="Maximize Browser Window" owner="SeleniumLibrary">
<doc>Maximizes current browser window.</doc>
<status status="PASS" start="2025-07-28T22:34:09.614846" elapsed="0.274285"/>
</kw>
<kw name="Set Selenium Timeout" owner="SeleniumLibrary">
<arg>${TIMEOUT}</arg>
<doc>Sets the timeout that is used by various keywords.</doc>
<status status="PASS" start="2025-07-28T22:34:09.891150" elapsed="0.006029"/>
</kw>
<kw name="Wait Until Page Contains Element" owner="SeleniumLibrary">
<arg>css:body</arg>
<arg>timeout=${TIMEOUT}</arg>
<doc>Waits until the element ``locator`` appears on the current page.</doc>
<status status="PASS" start="2025-07-28T22:34:09.898178" elapsed="0.033777"/>
</kw>
<status status="PASS" start="2025-07-28T22:33:34.290365" elapsed="35.641590"/>
</kw>
<kw name="Get Current Date" owner="DateTime">
<msg time="2025-07-28T22:34:09.935210" level="INFO">${timestamp} = 20250728223409</msg>
<var>${timestamp}</var>
<arg>result_format=%Y%m%d%H%M%S</arg>
<doc>Returns current local or UTC time with an optional increment.</doc>
<status status="PASS" start="2025-07-28T22:34:09.932956" elapsed="0.002254"/>
</kw>
<kw name="Set Variable" owner="BuiltIn">
<msg time="2025-07-28T22:34:09.937712" level="INFO">${unique_email} = test20250728223409@example.com</msg>
<var>${unique_email}</var>
<arg>test${timestamp}@example.com</arg>
<doc>Returns the given values which can then be assigned to a variables.</doc>
<status status="PASS" start="2025-07-28T22:34:09.936206" elapsed="0.001506"/>
</kw>
<kw name="Set Variable" owner="BuiltIn">
<msg time="2025-07-28T22:34:09.938712" level="INFO">${unique_username} = testuser20250728223409</msg>
<var>${unique_username}</var>
<arg>testuser${timestamp}</arg>
<doc>Returns the given values which can then be assigned to a variables.</doc>
<status status="PASS" start="2025-07-28T22:34:09.937712" elapsed="0.002016"/>
</kw>
<kw name="Set Variable" owner="BuiltIn">
<msg time="2025-07-28T22:34:09.943713" level="INFO">${password} = Test123!</msg>
<var>${password}</var>
<arg>Test123!</arg>
<doc>Returns the given values which can then be assigned to a variables.</doc>
<status status="PASS" start="2025-07-28T22:34:09.942712" elapsed="0.001001"/>
</kw>
<kw name="Set Suite Variable" owner="BuiltIn">
<msg time="2025-07-28T22:34:09.945713" level="INFO">${REGISTERED_EMAIL} = test20250728223409@example.com</msg>
<arg>${REGISTERED_EMAIL}</arg>
<arg>${unique_email}</arg>
<doc>Makes a variable available everywhere within the scope of the current suite.</doc>
<status status="PASS" start="2025-07-28T22:34:09.944716" elapsed="0.000997"/>
</kw>
<kw name="Set Suite Variable" owner="BuiltIn">
<msg time="2025-07-28T22:34:09.947856" level="INFO">${REGISTERED_USERNAME} = testuser20250728223409</msg>
<arg>${REGISTERED_USERNAME}</arg>
<arg>${unique_username}</arg>
<doc>Makes a variable available everywhere within the scope of the current suite.</doc>
<status status="PASS" start="2025-07-28T22:34:09.946715" elapsed="0.001141"/>
</kw>
<kw name="Set Suite Variable" owner="BuiltIn">
<msg time="2025-07-28T22:34:09.948855" level="INFO">${REGISTERED_PASSWORD} = Test123!</msg>
<arg>${REGISTERED_PASSWORD}</arg>
<arg>${password}</arg>
<doc>Makes a variable available everywhere within the scope of the current suite.</doc>
<status status="PASS" start="2025-07-28T22:34:09.948855" elapsed="0.000000"/>
</kw>
<kw name="Navigate To Register Page">
<kw name="Go To" owner="SeleniumLibrary">
<msg time="2025-07-28T22:34:09.951856" level="INFO">Opening url 'http://localhost:4200/sign-up'</msg>
<arg>${BASE_URL}${SIGNUP_ROUTE}</arg>
<doc>Navigates the current browser window to the provided ``url``.</doc>
<status status="PASS" start="2025-07-28T22:34:09.950856" elapsed="5.442067"/>
</kw>
<kw name="Wait Until Page Contains Element" owner="SeleniumLibrary">
<arg>${REGISTER_EMAIL_INPUT}</arg>
<arg>timeout=${TIMEOUT}</arg>
<doc>Waits until the element ``locator`` appears on the current page.</doc>
<status status="PASS" start="2025-07-28T22:34:15.393926" elapsed="0.010821"/>
</kw>
<kw name="Page Should Contain" owner="SeleniumLibrary">
<msg time="2025-07-28T22:34:15.417190" level="INFO">Current page contains text 'Register'.</msg>
<arg>Register</arg>
<doc>Verifies that current page contains ``text``.</doc>
<status status="PASS" start="2025-07-28T22:34:15.405255" elapsed="0.012956"/>
</kw>
<status status="PASS" start="2025-07-28T22:34:09.949857" elapsed="5.468354"/>
</kw>
<kw name="Wait Until Element Is Visible" owner="SeleniumLibrary">
<arg>${REGISTER_EMAIL_INPUT}</arg>
<arg>timeout=${TIMEOUT}</arg>
<doc>Waits until the element ``locator`` is visible.</doc>
<status status="PASS" start="2025-07-28T22:34:15.419318" elapsed="0.149565"/>
</kw>
<kw name="Input Text" owner="SeleniumLibrary">
<msg time="2025-07-28T22:34:15.571887" level="INFO">Typing text 'test20250728223409@example.com' into text field 'css:#form2Example1'.</msg>
<arg>${REGISTER_EMAIL_INPUT}</arg>
<arg>${unique_email}</arg>
<doc>Types the given ``text`` into the text field identified by ``locator``.</doc>
<status status="PASS" start="2025-07-28T22:34:15.569883" elapsed="0.243128"/>
</kw>
<kw name="Input Text" owner="SeleniumLibrary">
<msg time="2025-07-28T22:34:15.816015" level="INFO">Typing text 'testuser20250728223409' into text field 'css:#form2Example3'.</msg>
<arg>${REGISTER_USERNAME_INPUT}</arg>
<arg>${unique_username}</arg>
<doc>Types the given ``text`` into the text field identified by ``locator``.</doc>
<status status="PASS" start="2025-07-28T22:34:15.815013" elapsed="0.140285"/>
</kw>
<kw name="Input Text" owner="SeleniumLibrary">
<msg time="2025-07-28T22:34:15.957497" level="INFO">Typing text 'Test123!' into text field 'css:#form2Example2'.</msg>
<arg>${REGISTER_PASSWORD_INPUT}</arg>
<arg>${password}</arg>
<doc>Types the given ``text`` into the text field identified by ``locator``.</doc>
<status status="PASS" start="2025-07-28T22:34:15.956358" elapsed="0.092698"/>
</kw>
<kw name="Click Button" owner="SeleniumLibrary">
<msg time="2025-07-28T22:34:16.054472" level="INFO">Clicking button 'css:button[type="submit"]'.</msg>
<arg>${REGISTER_BUTTON}</arg>
<doc>Clicks the button identified by ``locator``.</doc>
<status status="PASS" start="2025-07-28T22:34:16.054472" elapsed="0.274573"/>
</kw>
<kw name="Wait Until Location Is" owner="SeleniumLibrary">
<arg>${BASE_URL}${HOME_ROUTE}</arg>
<arg>timeout=15s</arg>
<doc>Waits until the current URL is ``expected``.</doc>
<status status="PASS" start="2025-07-28T22:34:16.330044" elapsed="12.270849"/>
</kw>
<kw name="Verify Registration Success">
<kw name="Run Keyword And Return Status" owner="BuiltIn">
<kw name="Location Should Be" owner="SeleniumLibrary">
<msg time="2025-07-28T22:34:28.611279" level="INFO">Current location is 'http://localhost:4200/home'.</msg>
<arg>${BASE_URL}${HOME_ROUTE}</arg>
<doc>Verifies that the current URL is exactly ``url``.</doc>
<status status="PASS" start="2025-07-28T22:34:28.607253" elapsed="0.004026"/>
</kw>
<msg time="2025-07-28T22:34:28.611279" level="INFO">${on_home} = True</msg>
<var>${on_home}</var>
<arg>Location Should Be</arg>
<arg>${BASE_URL}${HOME_ROUTE}</arg>
<doc>Runs the given keyword with given arguments and returns the status as a Boolean value.</doc>
<status status="PASS" start="2025-07-28T22:34:28.605261" elapsed="0.006018"/>
</kw>
<kw name="Run Keyword If" owner="BuiltIn">
<kw name="Log" owner="BuiltIn">
<msg time="2025-07-28T22:34:28.616098" level="INFO">Registration successful - redirected to home</msg>
<arg>Registration successful - redirected to home</arg>
<doc>Logs the given message with the given level.</doc>
<status status="PASS" start="2025-07-28T22:34:28.614088" elapsed="0.002010"/>
</kw>
<arg>${on_home}</arg>
<arg>Log</arg>
<arg>Registration successful - redirected to home</arg>
<doc>Runs the given keyword with the given arguments, if ``condition`` is true.</doc>
<status status="PASS" start="2025-07-28T22:34:28.612289" elapsed="0.004810"/>
</kw>
<kw name="Run Keyword If" owner="BuiltIn">
<arg>not ${on_home}</arg>
<arg>Handle Registration Failure</arg>
<doc>Runs the given keyword with the given arguments, if ``condition`` is true.</doc>
<status status="PASS" start="2025-07-28T22:34:28.617099" elapsed="0.003938"/>
</kw>
<status status="PASS" start="2025-07-28T22:34:28.602943" elapsed="0.018094"/>
</kw>
<kw name="Check User Is Logged In">
<kw name="Location Should Be" owner="SeleniumLibrary">
<msg time="2025-07-28T22:34:28.631447" level="INFO">Current location is 'http://localhost:4200/home'.</msg>
<arg>${BASE_URL}${HOME_ROUTE}</arg>
<doc>Verifies that the current URL is exactly ``url``.</doc>
<status status="PASS" start="2025-07-28T22:34:28.625080" elapsed="0.006367"/>
</kw>
<kw name="Run Keyword And Return Status" owner="BuiltIn">
<kw name="Page Should Contain Element" owner="SeleniumLibrary">
<msg time="2025-07-28T22:34:30.737900" level="INFO" html="true">&lt;/td&gt;&lt;/tr&gt;&lt;tr&gt;&lt;td colspan="3"&gt;&lt;a href="selenium-screenshot-1.png"&gt;&lt;img src="selenium-screenshot-1.png" width="800px"&gt;&lt;/a&gt;</msg>
<msg time="2025-07-28T22:34:30.740408" level="FAIL">Page should have contained element 'css:[data-testid="cart-icon"]' but did not.</msg>
<arg>${CART_ICON}</arg>
<doc>Verifies that element ``locator`` is found on the current page.</doc>
<status status="FAIL" start="2025-07-28T22:34:28.633095" elapsed="2.117102">Page should have contained element 'css:[data-testid="cart-icon"]' but did not.</status>
</kw>
<msg time="2025-07-28T22:34:30.750197" level="INFO">${cart_found} = False</msg>
<var>${cart_found}</var>
<arg>Page Should Contain Element</arg>
<arg>${CART_ICON}</arg>
<doc>Runs the given keyword with given arguments and returns the status as a Boolean value.</doc>
<status status="PASS" start="2025-07-28T22:34:28.632457" elapsed="2.117740"/>
</kw>
<kw name="Run Keyword If" owner="BuiltIn">
<kw name="Try Alternative Cart Selector">
<kw name="Run Keyword And Return Status" owner="BuiltIn">
<kw name="Page Should Contain Element" owner="SeleniumLibrary">
<msg time="2025-07-28T22:34:30.817332" level="INFO" html="true">&lt;/td&gt;&lt;/tr&gt;&lt;tr&gt;&lt;td colspan="3"&gt;&lt;a href="selenium-screenshot-2.png"&gt;&lt;img src="selenium-screenshot-2.png" width="800px"&gt;&lt;/a&gt;</msg>
<msg time="2025-07-28T22:34:30.817332" level="FAIL">InvalidSelectorException: Message: Given css selector expression ".cart-icon, css:.fa-shopping-cart, css:[class*="cart"]" is invalid: SyntaxError: Document.querySelectorAll: '.cart-icon, css:.fa-shopping-cart, css:[class*="cart"]' is not a valid selector; For documentation on this error, please visit: https://www.selenium.dev/documentation/webdriver/troubleshooting/errors#invalid-selector-exception
Stacktrace:
RemoteError@chrome://remote/content/shared/RemoteError.sys.mjs:8:8
WebDriverError@chrome://remote/content/shared/webdriver/Errors.sys.mjs:193:5
InvalidSelectorError@chrome://remote/content/shared/webdriver/Errors.sys.mjs:432:5
find_@chrome://remote/content/shared/DOM.sys.mjs:170:11
</msg>
<arg>${CART_ICON_ALT}</arg>
<doc>Verifies that element ``locator`` is found on the current page.</doc>
<status status="FAIL" start="2025-07-28T22:34:30.753296" elapsed="0.069761">InvalidSelectorException: Message: Given css selector expression ".cart-icon, css:.fa-shopping-cart, css:[class*="cart"]" is invalid: SyntaxError: Document.querySelectorAll: '.cart-icon, css:.fa-shopping-cart, css:[class*="cart"]' is not a valid selector; For documentation on this error, please visit: https://www.selenium.dev/documentation/webdriver/troubleshooting/errors#invalid-selector-exception
Stacktrace:
RemoteError@chrome://remote/content/shared/RemoteError.sys.mjs:8:8
WebDriverError@chrome://remote/content/shared/webdriver/Errors.sys.mjs:193:5
InvalidSelectorError@chrome://remote/content/shared/webdriver/Errors.sys.mjs:432:5
find_@chrome://remote/content/shared/DOM.sys.mjs:170:11
</status>
</kw>
<msg time="2025-07-28T22:34:30.823057" level="INFO">${alt_cart_found} = False</msg>
<var>${alt_cart_found}</var>
<arg>Page Should Contain Element</arg>
<arg>${CART_ICON_ALT}</arg>
<doc>Runs the given keyword with given arguments and returns the status as a Boolean value.</doc>
<status status="PASS" start="2025-07-28T22:34:30.753296" elapsed="0.070762"/>
</kw>
<kw name="Run Keyword If" owner="BuiltIn">
<kw name="Debug Page Elements">
<kw name="Log" owner="BuiltIn">
<msg time="2025-07-28T22:34:30.827058" level="INFO">Debugging page elements after login/registration</msg>
<arg>Debugging page elements after login/registration</arg>
<doc>Logs the given message with the given level.</doc>
<status status="PASS" start="2025-07-28T22:34:30.827058" elapsed="0.001001"/>
</kw>
<kw name="Get WebElements" owner="SeleniumLibrary">
<msg time="2025-07-28T22:34:32.835439" level="INFO">${elements} = []</msg>
<var>${elements}</var>
<arg>css:*[data-testid]</arg>
<doc>Returns a list of WebElement objects matching the ``locator``.</doc>
<status status="PASS" start="2025-07-28T22:34:30.828059" elapsed="2.007380"/>
</kw>
<kw name="Log" owner="BuiltIn">
<msg time="2025-07-28T22:34:32.836459" level="INFO">Found elements with data-testid: []</msg>
<arg>Found elements with data-testid: ${elements}</arg>
<doc>Logs the given message with the given level.</doc>
<status status="PASS" start="2025-07-28T22:34:32.836459" elapsed="0.000999"/>
</kw>
<kw name="Get WebElements" owner="SeleniumLibrary">
<msg time="2025-07-28T22:34:32.842256" level="INFO">${buttons} = [&lt;selenium.webdriver.remote.webelement.WebElement (session="dd1a1a74-75be-4c6b-838f-3df5028ae1bc", element="1c239e1e-182e-4b91-b4f8-3d581478af3c")&gt;, &lt;selenium.webdriver.remote.webelement.WebElement (s...</msg>
<var>${buttons}</var>
<arg>css:button</arg>
<doc>Returns a list of WebElement objects matching the ``locator``.</doc>
<status status="PASS" start="2025-07-28T22:34:32.837458" elapsed="0.004798"/>
</kw>
<kw name="Log" owner="BuiltIn">
<msg time="2025-07-28T22:34:32.843254" level="INFO">Found buttons: [&lt;selenium.webdriver.remote.webelement.WebElement (session="dd1a1a74-75be-4c6b-838f-3df5028ae1bc", element="1c239e1e-182e-4b91-b4f8-3d581478af3c")&gt;, &lt;selenium.webdriver.remote.webelement.WebElement (session="dd1a1a74-75be-4c6b-838f-3df5028ae1bc", element="a76ea7f1-faf2-434e-b233-2f78b545bdf2")&gt;, &lt;selenium.webdriver.remote.webelement.WebElement (session="dd1a1a74-75be-4c6b-838f-3df5028ae1bc", element="a4081d93-09ca-4510-9880-037565402e31")&gt;, &lt;selenium.webdriver.remote.webelement.WebElement (session="dd1a1a74-75be-4c6b-838f-3df5028ae1bc", element="212b5312-fa8e-408a-a3ff-9eb552824c0c")&gt;]</msg>
<arg>Found buttons: ${buttons}</arg>
<doc>Logs the given message with the given level.</doc>
<status status="PASS" start="2025-07-28T22:34:32.843254" elapsed="0.001000"/>
</kw>
<kw name="Get WebElements" owner="SeleniumLibrary">
<msg time="2025-07-28T22:34:32.851165" level="INFO">${links} = [&lt;selenium.webdriver.remote.webelement.WebElement (session="dd1a1a74-75be-4c6b-838f-3df5028ae1bc", element="05c1a75e-8ce0-4185-9b7b-f52b5294bce6")&gt;, &lt;selenium.webdriver.remote.webelement.WebElement (s...</msg>
<var>${links}</var>
<arg>css:a</arg>
<doc>Returns a list of WebElement objects matching the ``locator``.</doc>
<status status="PASS" start="2025-07-28T22:34:32.844254" elapsed="0.006911"/>
</kw>
<kw name="Log" owner="BuiltIn">
<msg time="2025-07-28T22:34:32.852173" level="INFO">Found links: [&lt;selenium.webdriver.remote.webelement.WebElement (session="dd1a1a74-75be-4c6b-838f-3df5028ae1bc", element="05c1a75e-8ce0-4185-9b7b-f52b5294bce6")&gt;, &lt;selenium.webdriver.remote.webelement.WebElement (session="dd1a1a74-75be-4c6b-838f-3df5028ae1bc", element="51678f65-13b4-467b-b066-7ef9cbb2ff38")&gt;, &lt;selenium.webdriver.remote.webelement.WebElement (session="dd1a1a74-75be-4c6b-838f-3df5028ae1bc", element="181b1ce7-0ba8-4529-81f2-d950fcbc0d5e")&gt;, &lt;selenium.webdriver.remote.webelement.WebElement (session="dd1a1a74-75be-4c6b-838f-3df5028ae1bc", element="05cea515-305e-4a18-8306-e31d58e63d19")&gt;, &lt;selenium.webdriver.remote.webelement.WebElement (session="dd1a1a74-75be-4c6b-838f-3df5028ae1bc", element="9cf0d739-bf0d-452d-83bf-38c1cbd82fe7")&gt;, &lt;selenium.webdriver.remote.webelement.WebElement (session="dd1a1a74-75be-4c6b-838f-3df5028ae1bc", element="f0110092-2526-4822-b625-e476505d8ca3")&gt;]</msg>
<arg>Found links: ${links}</arg>
<doc>Logs the given message with the given level.</doc>
<status status="PASS" start="2025-07-28T22:34:32.851630" elapsed="0.000543"/>
</kw>
<kw name="Create List" owner="BuiltIn">
<msg time="2025-07-28T22:34:32.854176" level="INFO">${logout_patterns} = ['logout', 'sign out', 'disconnect', 'déconnexion']</msg>
<var>${logout_patterns}</var>
<arg>logout</arg>
<arg>sign out</arg>
<arg>disconnect</arg>
<arg>déconnexion</arg>
<doc>Returns a list containing given items.</doc>
<status status="PASS" start="2025-07-28T22:34:32.853174" elapsed="0.001002"/>
</kw>
<for flavor="IN">
<iter>
<kw name="Run Keyword And Return Status" owner="BuiltIn">
<kw name="Page Should Contain" owner="SeleniumLibrary">
<msg time="2025-07-28T22:34:37.110683" level="INFO" html="true">&lt;/td&gt;&lt;/tr&gt;&lt;tr&gt;&lt;td colspan="3"&gt;&lt;a href="selenium-screenshot-3.png"&gt;&lt;img src="selenium-screenshot-3.png" width="800px"&gt;&lt;/a&gt;</msg>
<msg time="2025-07-28T22:34:37.111244" level="FAIL">Page should have contained text 'logout' but did not.</msg>
<arg>${pattern}</arg>
<doc>Verifies that current page contains ``text``.</doc>
<status status="FAIL" start="2025-07-28T22:34:32.861337" elapsed="4.250443">Page should have contained text 'logout' but did not.</status>
</kw>
<msg time="2025-07-28T22:34:37.112317" level="INFO">${found} = False</msg>
<var>${found}</var>
<arg>Page Should Contain</arg>
<arg>${pattern}</arg>
<doc>Runs the given keyword with given arguments and returns the status as a Boolean value.</doc>
<status status="PASS" start="2025-07-28T22:34:32.861337" elapsed="4.250980"/>
</kw>
<kw name="Run Keyword If" owner="BuiltIn">
<arg>${found}</arg>
<arg>Log</arg>
<arg>Found logout pattern: ${pattern}</arg>
<doc>Runs the given keyword with the given arguments, if ``condition`` is true.</doc>
<status status="PASS" start="2025-07-28T22:34:37.113396" elapsed="0.000537"/>
</kw>
<var name="${pattern}">logout</var>
<status status="PASS" start="2025-07-28T22:34:32.860173" elapsed="4.253760"/>
</iter>
<iter>
<kw name="Run Keyword And Return Status" owner="BuiltIn">
<kw name="Page Should Contain" owner="SeleniumLibrary">
<msg time="2025-07-28T22:34:41.340927" level="INFO" html="true">&lt;/td&gt;&lt;/tr&gt;&lt;tr&gt;&lt;td colspan="3"&gt;&lt;a href="selenium-screenshot-4.png"&gt;&lt;img src="selenium-screenshot-4.png" width="800px"&gt;&lt;/a&gt;</msg>
<msg time="2025-07-28T22:34:41.341434" level="FAIL">Page should have contained text 'sign out' but did not.</msg>
<arg>${pattern}</arg>
<doc>Verifies that current page contains ``text``.</doc>
<status status="FAIL" start="2025-07-28T22:34:37.115041" elapsed="4.226393">Page should have contained text 'sign out' but did not.</status>
</kw>
<msg time="2025-07-28T22:34:41.342475" level="INFO">${found} = False</msg>
<var>${found}</var>
<arg>Page Should Contain</arg>
<arg>${pattern}</arg>
<doc>Runs the given keyword with given arguments and returns the status as a Boolean value.</doc>
<status status="PASS" start="2025-07-28T22:34:37.114490" elapsed="4.227985"/>
</kw>
<kw name="Run Keyword If" owner="BuiltIn">
<arg>${found}</arg>
<arg>Log</arg>
<arg>Found logout pattern: ${pattern}</arg>
<doc>Runs the given keyword with the given arguments, if ``condition`` is true.</doc>
<status status="PASS" start="2025-07-28T22:34:41.342475" elapsed="0.000000"/>
</kw>
<var name="${pattern}">sign out</var>
<status status="PASS" start="2025-07-28T22:34:37.114490" elapsed="4.229269"/>
</iter>
<iter>
<kw name="Run Keyword And Return Status" owner="BuiltIn">
<kw name="Page Should Contain" owner="SeleniumLibrary">
<msg time="2025-07-28T22:34:45.498152" level="INFO" html="true">&lt;/td&gt;&lt;/tr&gt;&lt;tr&gt;&lt;td colspan="3"&gt;&lt;a href="selenium-screenshot-5.png"&gt;&lt;img src="selenium-screenshot-5.png" width="800px"&gt;&lt;/a&gt;</msg>
<msg time="2025-07-28T22:34:45.498152" level="FAIL">Page should have contained text 'disconnect' but did not.</msg>
<arg>${pattern}</arg>
<doc>Verifies that current page contains ``text``.</doc>
<status status="FAIL" start="2025-07-28T22:34:41.344759" elapsed="4.154392">Page should have contained text 'disconnect' but did not.</status>
</kw>
<msg time="2025-07-28T22:34:45.499151" level="INFO">${found} = False</msg>
<var>${found}</var>
<arg>Page Should Contain</arg>
<arg>${pattern}</arg>
<doc>Runs the given keyword with given arguments and returns the status as a Boolean value.</doc>
<status status="PASS" start="2025-07-28T22:34:41.343759" elapsed="4.155392"/>
</kw>
<kw name="Run Keyword If" owner="BuiltIn">
<arg>${found}</arg>
<arg>Log</arg>
<arg>Found logout pattern: ${pattern}</arg>
<doc>Runs the given keyword with the given arguments, if ``condition`` is true.</doc>
<status status="PASS" start="2025-07-28T22:34:45.500155" elapsed="0.000505"/>
</kw>
<var name="${pattern}">disconnect</var>
<status status="PASS" start="2025-07-28T22:34:41.343759" elapsed="4.156901"/>
</iter>
<iter>
<kw name="Run Keyword And Return Status" owner="BuiltIn">
<kw name="Page Should Contain" owner="SeleniumLibrary">
<msg time="2025-07-28T22:34:49.664516" level="INFO" html="true">&lt;/td&gt;&lt;/tr&gt;&lt;tr&gt;&lt;td colspan="3"&gt;&lt;a href="selenium-screenshot-6.png"&gt;&lt;img src="selenium-screenshot-6.png" width="800px"&gt;&lt;/a&gt;</msg>
<msg time="2025-07-28T22:34:49.664516" level="FAIL">Page should have contained text 'déconnexion' but did not.</msg>
<arg>${pattern}</arg>
<doc>Verifies that current page contains ``text``.</doc>
<status status="FAIL" start="2025-07-28T22:34:45.501849" elapsed="4.163667">Page should have contained text 'déconnexion' but did not.</status>
</kw>
<msg time="2025-07-28T22:34:49.666563" level="INFO">${found} = False</msg>
<var>${found}</var>
<arg>Page Should Contain</arg>
<arg>${pattern}</arg>
<doc>Runs the given keyword with given arguments and returns the status as a Boolean value.</doc>
<status status="PASS" start="2025-07-28T22:34:45.501052" elapsed="4.165511"/>
</kw>
<kw name="Run Keyword If" owner="BuiltIn">
<arg>${found}</arg>
<arg>Log</arg>
<arg>Found logout pattern: ${pattern}</arg>
<doc>Runs the given keyword with the given arguments, if ``condition`` is true.</doc>
<status status="PASS" start="2025-07-28T22:34:49.666563" elapsed="0.001001"/>
</kw>
<var name="${pattern}">déconnexion</var>
<status status="PASS" start="2025-07-28T22:34:45.501052" elapsed="4.166512"/>
</iter>
<var>${pattern}</var>
<value>@{logout_patterns}</value>
<status status="PASS" start="2025-07-28T22:34:32.856177" elapsed="16.811387"/>
</for>
<status status="PASS" start="2025-07-28T22:34:30.826057" elapsed="18.841507"/>
</kw>
<arg>not ${alt_cart_found}</arg>
<arg>Debug Page Elements</arg>
<doc>Runs the given keyword with the given arguments, if ``condition`` is true.</doc>
<status status="PASS" start="2025-07-28T22:34:30.824058" elapsed="18.844503"/>
</kw>
<kw name="Run Keyword If" owner="BuiltIn">
<arg>${alt_cart_found}</arg>
<arg>Log</arg>
<arg>Cart icon found with alternative selector</arg>
<doc>Runs the given keyword with the given arguments, if ``condition`` is true.</doc>
<status status="PASS" start="2025-07-28T22:34:49.668561" elapsed="0.000000"/>
</kw>
<status status="PASS" start="2025-07-28T22:34:30.752299" elapsed="18.917261"/>
</kw>
<arg>not ${cart_found}</arg>
<arg>Try Alternative Cart Selector</arg>
<doc>Runs the given keyword with the given arguments, if ``condition`` is true.</doc>
<status status="PASS" start="2025-07-28T22:34:30.751289" elapsed="18.918777"/>
</kw>
<kw name="Log" owner="BuiltIn">
<msg time="2025-07-28T22:34:49.671634" level="INFO">Current URL: http://localhost:4200/home</msg>
<arg>Current URL: ${BASE_URL}${HOME_ROUTE}</arg>
<doc>Logs the given message with the given level.</doc>
<status status="PASS" start="2025-07-28T22:34:49.670571" elapsed="0.001063"/>
</kw>
<kw name="Get Source" owner="SeleniumLibrary">
<msg time="2025-07-28T22:34:49.684233" level="INFO">${page_source} = &lt;html lang="en" class=" js flexbox canvas canvastext webgl no-touch geolocation postmessage no-websqldatabase indexeddb hashchange history draganddrop websockets rgba hsla multiplebgs backgroundsize b...</msg>
<var>${page_source}</var>
<doc>Returns the entire HTML source of the current page or frame.</doc>
<status status="PASS" start="2025-07-28T22:34:49.672634" elapsed="0.011599"/>
</kw>
<kw name="Log" owner="BuiltIn">
<msg time="2025-07-28T22:34:49.686243" level="INFO">Page source contains: &lt;html lang="en" class=" js flexbox canvas canvastext webgl no-touch geolocation postmessage no-websqldatabase indexeddb hashchange history draganddrop websockets rgba hsla multiplebgs backgroundsize borderimage borderradius boxshadow textshadow opacity cssanimations csscolumns cssgradients no-cssreflections csstransforms csstransforms3d csstransitions fontface generatedcontent video audio localstorage sessionstorage webworkers no-applicationcache svg inlinesvg smil svgclippaths"&gt;&lt;head&gt;
  &lt;script type="module" src="/@vite/client"&gt;&lt;/script&gt;

  &lt;meta charset="utf-8"&gt;
  &lt;title&gt;Shopfer&lt;/title&gt;
  &lt;base href="/"&gt;
  &lt;meta name="viewport" content="width=device-width, initial-scale=1"&gt;
  &lt;link rel="icon" type="image" href="favicon.png"&gt;
  &lt;link rel="stylesheet" href="https://cdn.jsdelivr.net/npm/swiper@9/swiper-bundle.min.css"&gt;
  &lt;link href="https://cdn.jsdelivr.net/npm/bootstrap@5.3.0-alpha3/dist/css/bootstrap.min.css" rel="stylesheet" integrity="sha384-KK94CHFLLe+nY2dmCWGMq91rCGa5gtU4mk92HdvYe+M/SXH301p5ILy+dN9+nJOZ" crossorigin="anonymous"&gt;
  &lt;link rel="stylesheet" type="text/css" href="assets/css/vendor.css"&gt;
  &lt;link rel="stylesheet" type="text/css" href="assets/style.css"&gt;
  &lt;link href="https://fonts.googleapis.com/css2?family=Roboto:wght@400;700&amp;amp;display=swap" rel="stylesheet"&gt;
  &lt;link href="https://cdn.jsdelivr.net/npm/bootstrap@5.3.0-alpha1/dist/css/bootstrap.min.css" rel="stylesheet"&gt;
  &lt;link rel="stylesheet" href="https://cdnjs.cloudflare.com/ajax/libs/font-awesome/6.0.0-beta3/css/all.min.css"&gt;
  &lt;script src="https://cdn.jsdelivr.net/npm/bootstrap@5.3.0-alpha1/dist/js/bootstrap.bundle.min.js"&gt;&lt;/script&gt;    
  &lt;link rel="preconnect" href="https://fonts.googleapis.com"&gt;
  &lt;link rel="preconnect" href="https://fonts.gstatic.com" crossorigin=""&gt;
  &lt;script src="assets/js/jquery-1.11.0.min.js"&gt;&lt;/script&gt;
  &lt;script src="https://cdn.jsdelivr.net/npm/swiper@9/swiper-bundle.min.js"&gt;&lt;/script&gt;
  &lt;script src="https://cdn.jsdelivr.net/npm/bootstrap@5.3.0-alpha3/dist/js/bootstrap.bundle.min.js" integrity="sha384-ENjdO4Dr2bkBIFxQpeoTz1HIcje39Wm4jDKdf19U8gI4ddQ3GYNS7NTKfAdVQSZe" crossorigin="anonymous"&gt;&lt;/script&gt;
  &lt;script src="assets/js/plugins.js"&gt;&lt;/script&gt;
  &lt;script src="assets/js/script.js"&gt;&lt;/script&gt;

&lt;link rel="stylesheet" href="styles.css"&gt;&lt;/head&gt;
&lt;body class=""&gt;&lt;!--nghm--&gt;
  &lt;app-root ng-version="18.2.8" ng-server-context="ssr"&gt;&lt;svg xmlns="http://www.w3.org/2000/svg" style="display: none;"&gt;&lt;defs&gt;&lt;symbol xmlns="http://www.w3.org/2000/svg" id="cart" viewBox="0 0 24 24"&gt;&lt;path fill="currentColor" d="M8.5 19a1.5 1.5 0 1 0 1.5 1.5A1.5 1.5 0 0 0 8.5 19ZM19 16H7a1 1 0 0 1 0-2h8.491a3.013 3.013 0 0 0 2.885-2.176l1.585-5.55A1 1 0 0 0 19 5H6.74a3.007 3.007 0 0 0-2.82-2H3a1 1 0 0 0 0 2h.921a1.005 1.005 0 0 1 .962.725l.155.545v.005l1.641 5.742A3 3 0 0 0 7 18h12a1 1 0 0 0 0-2Zm-1.326-9l-1.22 4.274a1.005 1.005 0 0 1-.963.726H8.754l-.255-.892L7.326 7ZM16.5 19a1.5 1.5 0 1 0 1.5 1.5a1.5 1.5 0 0 0-1.5-1.5Z"&gt;&lt;/path&gt;&lt;/symbol&gt;&lt;symbol xmlns="http://www.w3.org/2000/svg" id="search" viewBox="0 0 24 24"&gt;&lt;path fill="currentColor" d="M21.71 20.29L18 16.61A9 9 0 1 0 16.61 18l3.68 3.68a1 1 0 0 0 1.42 0a1 1 0 0 0 0-1.39ZM11 18a7 7 0 1 1 7-7a7 7 0 0 1-7 7Z"&gt;&lt;/path&gt;&lt;/symbol&gt;&lt;symbol xmlns="http://www.w3.org/2000/svg" id="user" viewBox="0 0 24 24"&gt;&lt;path fill="currentColor" d="M15.71 12.71a6 6 0 1 0-7.42 0a10 10 0 0 0-6.22 8.18a1 1 0 0 0 2 .22a8 8 0 0 1 15.9 0a1 1 0 0 0 1 .89h.11a1 1 0 0 0 .88-1.1a10 10 0 0 0-6.25-8.19ZM12 12a4 4 0 1 1 4-4a4 4 0 0 1-4 4Z"&gt;&lt;/path&gt;&lt;/symbol&gt;&lt;symbol xmlns="http://www.w3.org/2000/svg" id="close" viewBox="0 0 15 15"&gt;&lt;path fill="currentColor" d="M7.953 3.788a.5.5 0 0 0-.906 0L6.08 5.85l-2.154.33a.5.5 0 0 0-.283.843l1.574 1.613l-.373 2.284a.5.5 0 0 0 .736.518l1.92-1.063l1.921 1.063a.5.5 0 0 0 .736-.519l-.373-2.283l1.574-1.613a.5.5 0 0 0-.283-.844L8.921 5.85l-.968-2.062Z"&gt;&lt;/path&gt;&lt;/symbol&gt;&lt;/defs&gt;&lt;/svg&gt;&lt;app-header&gt;&lt;header&gt;&lt;div class="container-fluid"&gt;&lt;div class="row py-3 border-bottom"&gt;&lt;div class="col-sm-4 col-lg-3 text-center text-sm-start"&gt;&lt;div class="main-logo" style="display: flex; align-items: center; margin-left: 10px;"&gt;&lt;a href="#"&gt;&lt;img src="images/logo.png" alt="logo" class="img-fluid ml-4"&gt;&lt;/a&gt;&lt;h2 class="fw-bold mb-0 ms-2" style="font-family: 'Roboto', sans-serif; color: #3cc374;"&gt;SHOPFER&lt;/h2&gt;&lt;/div&gt;&lt;/div&gt;&lt;div class="col-sm-6 offset-sm-2 offset-md-0 col-lg-5 d-none d-lg-block"&gt;&lt;app-search-bar&gt;&lt;div class="search-bar row bg-light p-2 my-2 rounded-4"&gt;&lt;div class="col-md-4 d-none d-md-block"&gt;&lt;select class="form-select border-0 bg-transparent ng-untouched ng-pristine ng-valid" ng-reflect-model=""&gt;&lt;option&gt;All Categories&lt;/option&gt;&lt;option value="beauty" ng-reflect-value="beauty"&gt; beauty &lt;/option&gt;&lt;option value="fragrances" ng-reflect-value="fragrances"&gt; fragrances &lt;/option&gt;&lt;option value="furniture" ng-reflect-value="furniture"&gt; furniture &lt;/option&gt;&lt;option value="groceries" ng-reflect-value="groceries"&gt; groceries &lt;/option&gt;&lt;option value="home-decoration" ng-reflect-value="home-decoration"&gt; home-decoration &lt;/option&gt;&lt;option value="kitchen-accessories" ng-reflect-value="kitchen-accessories"&gt; kitchen-accessories &lt;/option&gt;&lt;option value="laptops" ng-reflect-value="laptops"&gt; laptops &lt;/option&gt;&lt;option value="mens-shirts" ng-reflect-value="mens-shirts"&gt; mens-shirts &lt;/option&gt;&lt;option value="mens-shoes" ng-reflect-value="mens-shoes"&gt; mens-shoes &lt;/option&gt;&lt;option value="mens-watches" ng-reflect-value="mens-watches"&gt; mens-watches &lt;/option&gt;&lt;option value="mobile-accessories" ng-reflect-value="mobile-accessories"&gt; mobile-accessories &lt;/option&gt;&lt;option value="motorcycle" ng-reflect-value="motorcycle"&gt; motorcycle &lt;/option&gt;&lt;option value="skin-care" ng-reflect-value="skin-care"&gt; skin-care &lt;/option&gt;&lt;option value="smartphones" ng-reflect-value="smartphones"&gt; smartphones &lt;/option&gt;&lt;option value="sports-accessories" ng-reflect-value="sports-accessories"&gt; sports-accessories &lt;/option&gt;&lt;option value="sunglasses" ng-reflect-value="sunglasses"&gt; sunglasses &lt;/option&gt;&lt;option value="tablets" ng-reflect-value="tablets"&gt; tablets &lt;/option&gt;&lt;option value="tops" ng-reflect-value="tops"&gt; tops &lt;/option&gt;&lt;option value="vehicle" ng-reflect-value="vehicle"&gt; vehicle &lt;/option&gt;&lt;option value="womens-bags" ng-reflect-value="womens-bags"&gt; womens-bags &lt;/option&gt;&lt;option value="womens-dresses" ng-reflect-value="womens-dresses"&gt; womens-dresses &lt;/option&gt;&lt;option value="womens-jewellery" ng-reflect-value="womens-jewellery"&gt; womens-jewellery &lt;/option&gt;&lt;option value="womens-shoes" ng-reflect-value="womens-shoes"&gt; womens-shoes &lt;/option&gt;&lt;option value="womens-watches" ng-reflect-value="womens-watches"&gt; womens-watches &lt;/option&gt;&lt;!--bindings={
  "ng-reflect-ng-for-of": "beauty,fragrances,furniture,gr"
}--&gt;&lt;/select&gt;&lt;/div&gt;&lt;div class="col-11 col-md-7"&gt;&lt;form novalidate="" id="search-form" method="post" class="text-center ng-untouched ng-pristine ng-valid"&gt;&lt;input name="search" type="text" placeholder="Search for what you want" class="form-control border-0 bg-transparent ng-untouched ng-pristine ng-valid" ng-reflect-name="search" ng-reflect-model=""&gt;&lt;/form&gt;&lt;/div&gt;&lt;div class="col-1"&gt;&lt;svg xmlns="http://www.w3.org/2000/svg" width="24" height="24" viewBox="0 0 24 24"&gt;&lt;path fill="currentColor" d="M21.71 20.29L18 16.61A9 9 0 1 0 16.61 18l3.68 3.68a1 1 0 0 0 1.42 0a1 1 0 0 0 0-1.39ZM11 18a7 7 0 1 1 7-7a7 7 0 0 1-7 7Z"&gt;&lt;/path&gt;&lt;/svg&gt;&lt;/div&gt;&lt;/div&gt;&lt;/app-search-bar&gt;&lt;/div&gt;&lt;div class="col-sm-8 col-lg-4 d-flex justify-content-end gap-5 align-items-center mt-4 mt-sm-0 justify-content-center justify-content-sm-end"&gt;&lt;div class="cart text-end d-none d-lg-block dropdown"&gt;&lt;button class="btn btn-dark" style="margin-right: 5px;"&gt; Log out &lt;/button&gt;&lt;!--bindings={
  "ng-reflect-ng-if-else": "[object Object]"
}--&gt;&lt;!--container--&gt;&lt;button class="btn btn-primary"&gt; Show Cart &lt;/button&gt;&lt;/div&gt;&lt;/div&gt;&lt;app-cart&gt;&lt;!--bindings={
  "ng-reflect-ng-if": "false"
}--&gt;&lt;/app-cart&gt;&lt;/div&gt;&lt;/div&gt;&lt;div class="container-fluid"&gt;&lt;div class="row py-3"&gt;&lt;div class="d-flex justify-content-center justify-content-sm-between align-items-center"&gt;&lt;nav class="main-menu d-flex navbar navbar-expand-lg"&gt;&lt;button type="button" data-bs-toggle="offcanvas" data-bs-target="#offcanvasNavbar" aria-controls="offcanvasNavbar" class="navbar-toggler"&gt;&lt;span class="navbar-toggler-icon"&gt;&lt;/span&gt;&lt;/button&gt;&lt;div tabindex="-1" id="offcanvasNavbar" aria-labelledby="offcanvasNavbarLabel" class="offcanvas offcanvas-end"&gt;&lt;div class="offcanvas-header justify-content-center"&gt;&lt;button type="button" data-bs-dismiss="offcanvas" aria-label="Close" class="btn-close"&gt;&lt;/button&gt;&lt;/div&gt;&lt;/div&gt;&lt;/nav&gt;&lt;/div&gt;&lt;/div&gt;&lt;/div&gt;&lt;/header&gt;&lt;/app-header&gt;&lt;!--bindings={
  "ng-reflect-ng-if": "true"
}--&gt;&lt;router-outlet&gt;&lt;/router-outlet&gt;&lt;app-list-product&gt;&lt;svg xmlns="http://www.w3.org/2000/svg" style="display: none;"&gt;&lt;defs&gt;&lt;symbol xmlns="http://www.w3.org/2000/svg" id="link" viewBox="0 0 24 24"&gt;&lt;path fill="currentColor" d="M12 19a1 1 0 1 0-1-1a1 1 0 0 0 1 1Zm5 0a1 1 0 1 0-1-1a1 1 0 0 0 1 1Zm0-4a1 1 0 1 0-1-1a1 1 0 0 0 1 1Zm-5 0a1 1 0 1 0-1-1a1 1 0 0 0 1 1Zm7-12h-1V2a1 1 0 0 0-2 0v1H8V2a1 1 0 0 0-2 0v1H5a3 3 0 0 0-3 3v14a3 3 0 0 0 3 3h14a3 3 0 0 0 3-3V6a3 3 0 0 0-3-3Zm1 17a1 1 0 0 1-1 1H5a1 1 0 0 1-1-1v-9h16Zm0-11H4V6a1 1 0 0 1 1-1h1v1a1 1 0 0 0 2 0V5h8v1a1 1 0 0 0 2 0V5h1a1 1 0 0 1 1 1ZM7 15a1 1 0 1 0-1-1a1 1 0 0 0 1 1Zm0 4a1 1 0 1 0-1-1a1 1 0 0 0 1 1Z"&gt;&lt;/path&gt;&lt;/symbol&gt;&lt;symbol xmlns="http://www.w3.org/2000/svg" id="arrow-right" viewBox="0 0 24 24"&gt;&lt;path fill="currentColor" d="M17.92 11.62a1 1 0 0 0-.21-.33l-5-5a1 1 0 0 0-1.42 1.42l3.3 3.29H7a1 1 0 0 0 0 2h7.59l-3.3 3.29a1 1 0 0 0 0 1.42a1 1 0 0 0 1.42 0l5-5a1 1 0 0 0 .21-.33a1 1 0 0 0 0-.76Z"&gt;&lt;/path&gt;&lt;/symbol&gt;&lt;symbol xmlns="http://www.w3.org/2000/svg" id="category" viewBox="0 0 24 24"&gt;&lt;path fill="currentColor" d="M19 5.5h-6.28l-.32-1a3 3 0 0 0-2.84-2H5a3 3 0 0 0-3 3v13a3 3 0 0 0 3 3h14a3 3 0 0 0 3-3v-10a3 3 0 0 0-3-3Zm1 13a1 1 0 0 1-1 1H5a1 1 0 0 1-1-1v-13a1 1 0 0 1 1-1h4.56a1 1 0 0 1 .95.68l.54 1.64a1 1 0 0 0 .95.68h7a1 1 0 0 1 1 1Z"&gt;&lt;/path&gt;&lt;/symbol&gt;&lt;symbol xmlns="http://www.w3.org/2000/svg" id="calendar" viewBox="0 0 24 24"&gt;&lt;path fill="currentColor" d="M19 4h-2V3a1 1 0 0 0-2 0v1H9V3a1 1 0 0 0-2 0v1H5a3 3 0 0 0-3 3v12a3 3 0 0 0 3 3h14a3 3 0 0 0 3-3V7a3 3 0 0 0-3-3Zm1 15a1 1 0 0 1-1 1H5a1 1 0 0 1-1-1v-7h16Zm0-9H4V7a1 1 0 0 1 1-1h2v1a1 1 0 0 0 2 0V6h6v1a1 1 0 0 0 2 0V6h2a1 1 0 0 1 1 1Z"&gt;&lt;/path&gt;&lt;/symbol&gt;&lt;symbol xmlns="http://www.w3.org/2000/svg" id="heart" viewBox="0 0 24 24"&gt;&lt;path fill="currentColor" d="M20.16 4.61A6.27 6.27 0 0 0 12 4a6.27 6.27 0 0 0-8.16 9.48l7.45 7.45a1 1 0 0 0 1.42 0l7.45-7.45a6.27 6.27 0 0 0 0-8.87Zm-1.41 7.46L12 18.81l-6.75-6.74a4.28 4.28 0 0 1 3-7.3a4.25 4.25 0 0 1 3 1.25a1 1 0 0 0 1.42 0a4.27 4.27 0 0 1 6 6.05Z"&gt;&lt;/path&gt;&lt;/symbol&gt;&lt;symbol xmlns="http://www.w3.org/2000/svg" id="plus" viewBox="0 0 24 24"&gt;&lt;path fill="currentColor" d="M19 11h-6V5a1 1 0 0 0-2 0v6H5a1 1 0 0 0 0 2h6v6a1 1 0 0 0 2 0v-6h6a1 1 0 0 0 0-2Z"&gt;&lt;/path&gt;&lt;/symbol&gt;&lt;symbol xmlns="http://www.w3.org/2000/svg" id="minus" viewBox="0 0 24 24"&gt;&lt;path fill="currentColor" d="M19 11H5a1 1 0 0 0 0 2h14a1 1 0 0 0 0-2Z"&gt;&lt;/path&gt;&lt;/symbol&gt;&lt;symbol xmlns="http://www.w3.org/2000/svg" id="cart" viewBox="0 0 24 24"&gt;&lt;path fill="currentColor" d="M8.5 19a1.5 1.5 0 1 0 1.5 1.5A1.5 1.5 0 0 0 8.5 19ZM19 16H7a1 1 0 0 1 0-2h8.491a3.013 3.013 0 0 0 2.885-2.176l1.585-5.55A1 1 0 0 0 19 5H6.74a3.007 3.007 0 0 0-2.82-2H3a1 1 0 0 0 0 2h.921a1.005 1.005 0 0 1 .962.725l.155.545v.005l1.641 5.742A3 3 0 0 0 7 18h12a1 1 0 0 0 0-2Zm-1.326-9l-1.22 4.274a1.005 1.005 0 0 1-.963.726H8.754l-.255-.892L7.326 7ZM16.5 19a1.5 1.5 0 1 0 1.5 1.5a1.5 1.5 0 0 0-1.5-1.5Z"&gt;&lt;/path&gt;&lt;/symbol&gt;&lt;symbol xmlns="http://www.w3.org/2000/svg" id="check" viewBox="0 0 24 24"&gt;&lt;path fill="currentColor" d="M18.71 7.21a1 1 0 0 0-1.42 0l-7.45 7.46l-3.13-3.14A1 1 0 1 0 5.29 13l3.84 3.84a1 1 0 0 0 1.42 0l8.16-8.16a1 1 0 0 0 0-1.47Z"&gt;&lt;/path&gt;&lt;/symbol&gt;&lt;symbol xmlns="http://www.w3.org/2000/svg" id="trash" viewBox="0 0 24 24"&gt;&lt;path fill="currentColor" d="M10 18a1 1 0 0 0 1-1v-6a1 1 0 0 0-2 0v6a1 1 0 0 0 1 1ZM20 6h-4V5a3 3 0 0 0-3-3h-2a3 3 0 0 0-3 3v1H4a1 1 0 0 0 0 2h1v11a3 3 0 0 0 3 3h8a3 3 0 0 0 3-3V8h1a1 1 0 0 0 0-2ZM10 5a1 1 0 0 1 1-1h2a1 1 0 0 1 1 1v1h-4Zm7 14a1 1 0 0 1-1 1H8a1 1 0 0 1-1-1V8h10Zm-3-1a1 1 0 0 0 1-1v-6a1 1 0 0 0-2 0v6a1 1 0 0 0 1 1Z"&gt;&lt;/path&gt;&lt;/symbol&gt;&lt;symbol xmlns="http://www.w3.org/2000/svg" id="star-outline" viewBox="0 0 15 15"&gt;&lt;path fill="none" stroke="currentColor" stroke-linecap="round" stroke-linejoin="round" d="M7.5 9.804L5.337 11l.413-2.533L4 6.674l2.418-.37L7.5 4l1.082 2.304l2.418.37l-1.75 1.793L9.663 11L7.5 9.804Z"&gt;&lt;/path&gt;&lt;/symbol&gt;&lt;symbol xmlns="http://www.w3.org/2000/svg" id="star-solid" viewBox="0 0 15 15"&gt;&lt;path fill="currentColor" d="M7.953 3.788a.5.5 0 0 0-.906 0L6.08 5.85l-2.154.33a.5.5 0 0 0-.283.843l1.574 1.613l-.373 2.284a.5.5 0 0 0 .736.518l1.92-1.063l1.921 1.063a.5.5 0 0 0 .736-.519l-.373-2.283l1.574-1.613a.5.5 0 0 0-.283-.844L8.921 5.85l-.968-2.062Z"&gt;&lt;/path&gt;&lt;/symbol&gt;&lt;symbol xmlns="http://www.w3.org/2000/svg" id="search" viewBox="0 0 24 24"&gt;&lt;path fill="currentColor" d="M21.71 20.29L18 16.61A9 9 0 1 0 16.61 18l3.68 3.68a1 1 0 0 0 1.42 0a1 1 0 0 0 0-1.39ZM11 18a7 7 0 1 1 7-7a7 7 0 0 1-7 7Z"&gt;&lt;/path&gt;&lt;/symbol&gt;&lt;symbol xmlns="http://www.w3.org/2000/svg" id="user" viewBox="0 0 24 24"&gt;&lt;path fill="currentColor" d="M15.71 12.71a6 6 0 1 0-7.42 0a10 10 0 0 0-6.22 8.18a1 1 0 0 0 2 .22a8 8 0 0 1 15.9 0a1 1 0 0 0 1 .89h.11a1 1 0 0 0 .88-1.1a10 10 0 0 0-6.25-8.19ZM12 12a4 4 0 1 1 4-4a4 4 0 0 1-4 4Z"&gt;&lt;/path&gt;&lt;/symbol&gt;&lt;symbol xmlns="http://www.w3.org/2000/svg" id="close" viewBox="0 0 15 15"&gt;&lt;path fill="currentColor" d="M7.953 3.788a.5.5 0 0 0-.906 0L6.08 5.85l-2.154.33a.5.5 0 0 0-.283.843l1.574 1.613l-.373 2.284a.5.5 0 0 0 .736.518l1.92-1.063l1.921 1.063a.5.5 0 0 0 .736-.519l-.373-2.283l1.574-1.613a.5.5 0 0 0-.283-.844L8.921 5.85l-.968-2.062Z"&gt;&lt;/path&gt;&lt;/symbol&gt;&lt;/defs&gt;&lt;/svg&gt;&lt;div class="product-grid row row-cols-1 row-cols-sm-2 row-cols-md-3 row-cols-lg-4 row-cols-xl-5" style="margin-left: 15px; margin-right: 15px;"&gt;&lt;div class="col"&gt;&lt;app-product-item ng-reflect-produit="[object Object]"&gt;&lt;div class="product-item"&gt;&lt;span class="badge bg-success position-absolute m-3"&gt;-10.48%&lt;/span&gt;&lt;a href="#" class="btn-wishlist"&gt;&lt;svg width="24" height="24"&gt;&lt;use xlink:href="#heart"&gt;&lt;/use&gt;&lt;/svg&gt;&lt;/a&gt;&lt;figure&gt;&lt;a title="Product Title" ng-reflect-router-link="/product/detail,1" href="/product/detail/1"&gt;&lt;img class="tab-image" src="https://cdn.dummyjson.com/product-images/beauty/essence-mascara-lash-princess/thumbnail.webp"&gt;&lt;/a&gt;&lt;/figure&gt;&lt;h3&gt;Essence Mascara Lash Princess&lt;/h3&gt;&lt;span class="qty"&gt;99 Unit&lt;/span&gt;&lt;span class="rating"&gt;&lt;svg width="24" height="24" class="text-primary"&gt;&lt;use xlink:href="#star-solid"&gt;&lt;/use&gt;&lt;/svg&gt; 2.56 &lt;/span&gt;&lt;span class="price"&gt;9.99&lt;/span&gt;&lt;div class="d-flex align-items-center justify-content-between"&gt;&lt;div class="input-group product-qty"&gt;&lt;span class="input-group-btn"&gt;&lt;button type="button" data-type="minus" class="quantity-left-minus btn btn-danger btn-number"&gt;&lt;svg width="16" height="16"&gt;&lt;use xlink:href="#minus"&gt;&lt;/use&gt;&lt;/svg&gt;&lt;/button&gt;&lt;/span&gt;&lt;input type="text" id="quantity" name="quantity" value="1" class="form-control input-number ng-untouched ng-pristine ng-valid" ng-reflect-name="quantity" ng-reflect-model="1"&gt;&lt;span class="input-group-btn"&gt;&lt;button type="button" data-type="plus" class="quantity-right-plus btn btn-success btn-number"&gt;&lt;svg width="16" height="16"&gt;&lt;use xlink:href="#plus"&gt;&lt;/use&gt;&lt;/svg&gt;&lt;/button&gt;&lt;/span&gt;&lt;/div&gt;&lt;button class="btn btn-primary" style="margin-left: 5px; height: 40px; width: 100px; white-space: nowrap;"&gt; Add to Cart &lt;/button&gt;&lt;/div&gt;&lt;/div&gt;&lt;/app-product-item&gt;&lt;/div&gt;&lt;div class="col"&gt;&lt;app-product-item ng-reflect-produit="[object Object]"&gt;&lt;div class="product-item"&gt;&lt;span class="badge bg-success position-absolute m-3"&gt;-18.19%&lt;/span&gt;&lt;a href="#" class="btn-wishlist"&gt;&lt;svg width="24" height="24"&gt;&lt;use xlink:href="#heart"&gt;&lt;/use&gt;&lt;/svg&gt;&lt;/a&gt;&lt;figure&gt;&lt;a title="Product Title" ng-reflect-router-link="/product/detail,2" href="/product/detail/2"&gt;&lt;img class="tab-image" src="https://cdn.dummyjson.com/product-images/beauty/eyeshadow-palette-with-mirror/thumbnail.webp"&gt;&lt;/a&gt;&lt;/figure&gt;&lt;h3&gt;Eyeshadow Palette with Mirror&lt;/h3&gt;&lt;span class="qty"&gt;34 Unit&lt;/span&gt;&lt;span class="rating"&gt;&lt;svg width="24" height="24" class="text-primary"&gt;&lt;use xlink:href="#star-solid"&gt;&lt;/use&gt;&lt;/svg&gt; 2.86 &lt;/span&gt;&lt;span class="price"&gt;19.99&lt;/span&gt;&lt;div class="d-flex align-items-center justify-content-between"&gt;&lt;div class="input-group product-qty"&gt;&lt;span class="input-group-btn"&gt;&lt;button type="button" data-type="minus" class="quantity-left-minus btn btn-danger btn-number"&gt;&lt;svg width="16" height="16"&gt;&lt;use xlink:href="#minus"&gt;&lt;/use&gt;&lt;/svg&gt;&lt;/button&gt;&lt;/span&gt;&lt;input type="text" id="quantity" name="quantity" value="1" class="form-control input-number ng-untouched ng-pristine ng-valid" ng-reflect-name="quantity" ng-reflect-model="1"&gt;&lt;span class="input-group-btn"&gt;&lt;button type="button" data-type="plus" class="quantity-right-plus btn btn-success btn-number"&gt;&lt;svg width="16" height="16"&gt;&lt;use xlink:href="#plus"&gt;&lt;/use&gt;&lt;/svg&gt;&lt;/button&gt;&lt;/span&gt;&lt;/div&gt;&lt;button class="btn btn-primary" style="margin-left: 5px; height: 40px; width: 100px; white-space: nowrap;"&gt; Add to Cart &lt;/button&gt;&lt;/div&gt;&lt;/div&gt;&lt;/app-product-item&gt;&lt;/div&gt;&lt;div class="col"&gt;&lt;app-product-item ng-reflect-produit="[object Object]"&gt;&lt;div class="product-item"&gt;&lt;span class="badge bg-success position-absolute m-3"&gt;-9.84%&lt;/span&gt;&lt;a href="#" class="btn-wishlist"&gt;&lt;svg width="24" height="24"&gt;&lt;use xlink:href="#heart"&gt;&lt;/use&gt;&lt;/svg&gt;&lt;/a&gt;&lt;figure&gt;&lt;a title="Product Title" ng-reflect-router-link="/product/detail,3" href="/product/detail/3"&gt;&lt;img class="tab-image" src="https://cdn.dummyjson.com/product-images/beauty/powder-canister/thumbnail.webp"&gt;&lt;/a&gt;&lt;/figure&gt;&lt;h3&gt;Powder Canister&lt;/h3&gt;&lt;span class="qty"&gt;89 Unit&lt;/span&gt;&lt;span class="rating"&gt;&lt;svg width="24" height="24" class="text-primary"&gt;&lt;use xlink:href="#star-solid"&gt;&lt;/use&gt;&lt;/svg&gt; 4.64 &lt;/span&gt;&lt;span class="price"&gt;14.99&lt;/span&gt;&lt;div class="d-flex align-items-center justify-content-between"&gt;&lt;div class="input-group product-qty"&gt;&lt;span class="input-group-btn"&gt;&lt;button type="button" data-type="minus" class="quantity-left-minus btn btn-danger btn-number"&gt;&lt;svg width="16" height="16"&gt;&lt;use xlink:href="#minus"&gt;&lt;/use&gt;&lt;/svg&gt;&lt;/button&gt;&lt;/span&gt;&lt;input type="text" id="quantity" name="quantity" value="1" class="form-control input-number ng-untouched ng-pristine ng-valid" ng-reflect-name="quantity" ng-reflect-model="1"&gt;&lt;span class="input-group-btn"&gt;&lt;button type="button" data-type="plus" class="quantity-right-plus btn btn-success btn-number"&gt;&lt;svg width="16" height="16"&gt;&lt;use xlink:href="#plus"&gt;&lt;/use&gt;&lt;/svg&gt;&lt;/button&gt;&lt;/span&gt;&lt;/div&gt;&lt;button class="btn btn-primary" style="margin-left: 5px; height: 40px; width: 100px; white-space: nowrap;"&gt; Add to Cart &lt;/button&gt;&lt;/div&gt;&lt;/div&gt;&lt;/app-product-item&gt;&lt;/div&gt;&lt;div class="col"&gt;&lt;app-product-item ng-reflect-produit="[object Object]"&gt;&lt;div class="product-item"&gt;&lt;span class="badge bg-success position-absolute m-3"&gt;-12.16%&lt;/span&gt;&lt;a href="#" class="btn-wishlist"&gt;&lt;svg width="24" height="24"&gt;&lt;use xlink:href="#heart"&gt;&lt;/use&gt;&lt;/svg&gt;&lt;/a&gt;&lt;figure&gt;&lt;a title="Product Title" ng-reflect-router-link="/product/detail,4" href="/product/detail/4"&gt;&lt;img class="tab-image" src="https://cdn.dummyjson.com/product-images/beauty/red-lipstick/thumbnail.webp"&gt;&lt;/a&gt;&lt;/figure&gt;&lt;h3&gt;Red Lipstick&lt;/h3&gt;&lt;span class="qty"&gt;91 Unit&lt;/span&gt;&lt;span class="rating"&gt;&lt;svg width="24" height="24" class="text-primary"&gt;&lt;use xlink:href="#star-solid"&gt;&lt;/use&gt;&lt;/svg&gt; 4.36 &lt;/span&gt;&lt;span class="price"&gt;12.99&lt;/span&gt;&lt;div class="d-flex align-items-center justify-content-between"&gt;&lt;div class="input-group product-qty"&gt;&lt;span class="input-group-btn"&gt;&lt;button type="button" data-type="minus" class="quantity-left-minus btn btn-danger btn-number"&gt;&lt;svg width="16" height="16"&gt;&lt;use xlink:href="#minus"&gt;&lt;/use&gt;&lt;/svg&gt;&lt;/button&gt;&lt;/span&gt;&lt;input type="text" id="quantity" name="quantity" value="1" class="form-control input-number ng-untouched ng-pristine ng-valid" ng-reflect-name="quantity" ng-reflect-model="1"&gt;&lt;span class="input-group-btn"&gt;&lt;button type="button" data-type="plus" class="quantity-right-plus btn btn-success btn-number"&gt;&lt;svg width="16" height="16"&gt;&lt;use xlink:href="#plus"&gt;&lt;/use&gt;&lt;/svg&gt;&lt;/button&gt;&lt;/span&gt;&lt;/div&gt;&lt;button class="btn btn-primary" style="margin-left: 5px; height: 40px; width: 100px; white-space: nowrap;"&gt; Add to Cart &lt;/button&gt;&lt;/div&gt;&lt;/div&gt;&lt;/app-product-item&gt;&lt;/div&gt;&lt;div class="col"&gt;&lt;app-product-item ng-reflect-produit="[object Object]"&gt;&lt;div class="product-item"&gt;&lt;span class="badge bg-success position-absolute m-3"&gt;-11.44%&lt;/span&gt;&lt;a href="#" class="btn-wishlist"&gt;&lt;svg width="24" height="24"&gt;&lt;use xlink:href="#heart"&gt;&lt;/use&gt;&lt;/svg&gt;&lt;/a&gt;&lt;figure&gt;&lt;a title="Product Title" ng-reflect-router-link="/product/detail,5" href="/product/detail/5"&gt;&lt;img class="tab-image" src="https://cdn.dummyjson.com/product-images/beauty/red-nail-polish/thumbnail.webp"&gt;&lt;/a&gt;&lt;/figure&gt;&lt;h3&gt;Red Nail Polish&lt;/h3&gt;&lt;span class="qty"&gt;79 Unit&lt;/span&gt;&lt;span class="rating"&gt;&lt;svg width="24" height="24" class="text-primary"&gt;&lt;use xlink:href="#star-solid"&gt;&lt;/use&gt;&lt;/svg&gt; 4.32 &lt;/span&gt;&lt;span class="price"&gt;8.99&lt;/span&gt;&lt;div class="d-flex align-items-center justify-content-between"&gt;&lt;div class="input-group product-qty"&gt;&lt;span class="input-group-btn"&gt;&lt;button type="button" data-type="minus" class="quantity-left-minus btn btn-danger btn-number"&gt;&lt;svg width="16" height="16"&gt;&lt;use xlink:href="#minus"&gt;&lt;/use&gt;&lt;/svg&gt;&lt;/button&gt;&lt;/span&gt;&lt;input type="text" id="quantity" name="quantity" value="1" class="form-control input-number ng-untouched ng-pristine ng-valid" ng-reflect-name="quantity" ng-reflect-model="1"&gt;&lt;span class="input-group-btn"&gt;&lt;button type="button" data-type="plus" class="quantity-right-plus btn btn-success btn-number"&gt;&lt;svg width="16" height="16"&gt;&lt;use xlink:href="#plus"&gt;&lt;/use&gt;&lt;/svg&gt;&lt;/button&gt;&lt;/span&gt;&lt;/div&gt;&lt;button class="btn btn-primary" style="margin-left: 5px; height: 40px; width: 100px; white-space: nowrap;"&gt; Add to Cart &lt;/button&gt;&lt;/div&gt;&lt;/div&gt;&lt;/app-product-item&gt;&lt;/div&gt;&lt;div class="col"&gt;&lt;app-product-item ng-reflect-produit="[object Object]"&gt;&lt;div class="product-item"&gt;&lt;span class="badge bg-success position-absolute m-3"&gt;-1.89%&lt;/span&gt;&lt;a href="#" class="btn-wishlist"&gt;&lt;svg width="24" height="24"&gt;&lt;use xlink:href="#heart"&gt;&lt;/use&gt;&lt;/svg&gt;&lt;/a&gt;&lt;figure&gt;&lt;a title="Product Title" ng-reflect-router-link="/product/detail,6" href="/product/detail/6"&gt;&lt;img class="tab-image" src="https://cdn.dummyjson.com/product-images/fragrances/calvin-klein-ck-one/thumbnail.webp"&gt;&lt;/a&gt;&lt;/figure&gt;&lt;h3&gt;Calvin Klein CK One&lt;/h3&gt;&lt;span class="qty"&gt;29 Unit&lt;/span&gt;&lt;span class="rating"&gt;&lt;svg width="24" height="24" class="text-primary"&gt;&lt;use xlink:href="#star-solid"&gt;&lt;/use&gt;&lt;/svg&gt; 4.37 &lt;/span&gt;&lt;span class="price"&gt;49.99&lt;/span&gt;&lt;div class="d-flex align-items-center justify-content-between"&gt;&lt;div class="input-group product-qty"&gt;&lt;span class="input-group-btn"&gt;&lt;button type="button" data-type="minus" class="quantity-left-minus btn btn-danger btn-number"&gt;&lt;svg width="16" height="16"&gt;&lt;use xlink:href="#minus"&gt;&lt;/use&gt;&lt;/svg&gt;&lt;/button&gt;&lt;/span&gt;&lt;input type="text" id="quantity" name="quantity" value="1" class="form-control input-number ng-untouched ng-pristine ng-valid" ng-reflect-name="quantity" ng-reflect-model="1"&gt;&lt;span class="input-group-btn"&gt;&lt;button type="button" data-type="plus" class="quantity-right-plus btn btn-success btn-number"&gt;&lt;svg width="16" height="16"&gt;&lt;use xlink:href="#plus"&gt;&lt;/use&gt;&lt;/svg&gt;&lt;/button&gt;&lt;/span&gt;&lt;/div&gt;&lt;button class="btn btn-primary" style="margin-left: 5px; height: 40px; width: 100px; white-space: nowrap;"&gt; Add to Cart &lt;/button&gt;&lt;/div&gt;&lt;/div&gt;&lt;/app-product-item&gt;&lt;/div&gt;&lt;div class="col"&gt;&lt;app-product-item ng-reflect-produit="[object Object]"&gt;&lt;div class="product-item"&gt;&lt;span class="badge bg-success position-absolute m-3"&gt;-16.51%&lt;/span&gt;&lt;a href="#" class="btn-wishlist"&gt;&lt;svg width="24" height="24"&gt;&lt;use xlink:href="#heart"&gt;&lt;/use&gt;&lt;/svg&gt;&lt;/a&gt;&lt;figure&gt;&lt;a title="Product Title" ng-reflect-router-link="/product/detail,7" href="/product/detail/7"&gt;&lt;img class="tab-image" src="https://cdn.dummyjson.com/product-images/fragrances/chanel-coco-noir-eau-de/thumbnail.webp"&gt;&lt;/a&gt;&lt;/figure&gt;&lt;h3&gt;Chanel Coco Noir Eau De&lt;/h3&gt;&lt;span class="qty"&gt;58 Unit&lt;/span&gt;&lt;span class="rating"&gt;&lt;svg width="24" height="24" class="text-primary"&gt;&lt;use xlink:href="#star-solid"&gt;&lt;/use&gt;&lt;/svg&gt; 4.26 &lt;/span&gt;&lt;span class="price"&gt;129.99&lt;/span&gt;&lt;div class="d-flex align-items-center justify-content-between"&gt;&lt;div class="input-group product-qty"&gt;&lt;span class="input-group-btn"&gt;&lt;button type="button" data-type="minus" class="quantity-left-minus btn btn-danger btn-number"&gt;&lt;svg width="16" height="16"&gt;&lt;use xlink:href="#minus"&gt;&lt;/use&gt;&lt;/svg&gt;&lt;/button&gt;&lt;/span&gt;&lt;input type="text" id="quantity" name="quantity" value="1" class="form-control input-number ng-untouched ng-pristine ng-valid" ng-reflect-name="quantity" ng-reflect-model="1"&gt;&lt;span class="input-group-btn"&gt;&lt;button type="button" data-type="plus" class="quantity-right-plus btn btn-success btn-number"&gt;&lt;svg width="16" height="16"&gt;&lt;use xlink:href="#plus"&gt;&lt;/use&gt;&lt;/svg&gt;&lt;/button&gt;&lt;/span&gt;&lt;/div&gt;&lt;button class="btn btn-primary" style="margin-left: 5px; height: 40px; width: 100px; white-space: nowrap;"&gt; Add to Cart &lt;/button&gt;&lt;/div&gt;&lt;/div&gt;&lt;/app-product-item&gt;&lt;/div&gt;&lt;div class="col"&gt;&lt;app-product-item ng-reflect-produit="[object Object]"&gt;&lt;div class="product-item"&gt;&lt;span class="badge bg-success position-absolute m-3"&gt;-14.72%&lt;/span&gt;&lt;a href="#" class="btn-wishlist"&gt;&lt;svg width="24" height="24"&gt;&lt;use xlink:href="#heart"&gt;&lt;/use&gt;&lt;/svg&gt;&lt;/a&gt;&lt;figure&gt;&lt;a title="Product Title" ng-reflect-router-link="/product/detail,8" href="/product/detail/8"&gt;&lt;img class="tab-image" src="https://cdn.dummyjson.com/product-images/fragrances/dior-j'adore/thumbnail.webp"&gt;&lt;/a&gt;&lt;/figure&gt;&lt;h3&gt;Dior J'adore&lt;/h3&gt;&lt;span class="qty"&gt;98 Unit&lt;/span&gt;&lt;span class="rating"&gt;&lt;svg width="24" height="24" class="text-primary"&gt;&lt;use xlink:href="#star-solid"&gt;&lt;/use&gt;&lt;/svg&gt; 3.8 &lt;/span&gt;&lt;span class="price"&gt;89.99&lt;/span&gt;&lt;div class="d-flex align-items-center justify-content-between"&gt;&lt;div class="input-group product-qty"&gt;&lt;span class="input-group-btn"&gt;&lt;button type="button" data-type="minus" class="quantity-left-minus btn btn-danger btn-number"&gt;&lt;svg width="16" height="16"&gt;&lt;use xlink:href="#minus"&gt;&lt;/use&gt;&lt;/svg&gt;&lt;/button&gt;&lt;/span&gt;&lt;input type="text" id="quantity" name="quantity" value="1" class="form-control input-number ng-untouched ng-pristine ng-valid" ng-reflect-name="quantity" ng-reflect-model="1"&gt;&lt;span class="input-group-btn"&gt;&lt;button type="button" data-type="plus" class="quantity-right-plus btn btn-success btn-number"&gt;&lt;svg width="16" height="16"&gt;&lt;use xlink:href="#plus"&gt;&lt;/use&gt;&lt;/svg&gt;&lt;/button&gt;&lt;/span&gt;&lt;/div&gt;&lt;button class="btn btn-primary" style="margin-left: 5px; height: 40px; width: 100px; white-space: nowrap;"&gt; Add to Cart &lt;/button&gt;&lt;/div&gt;&lt;/div&gt;&lt;/app-product-item&gt;&lt;/div&gt;&lt;div class="col"&gt;&lt;app-product-item ng-reflect-produit="[object Object]"&gt;&lt;div class="product-item"&gt;&lt;span class="badge bg-success position-absolute m-3"&gt;-0.62%&lt;/span&gt;&lt;a href="#" class="btn-wishlist"&gt;&lt;svg width="24" height="24"&gt;&lt;use xlink:href="#heart"&gt;&lt;/use&gt;&lt;/svg&gt;&lt;/a&gt;&lt;figure&gt;&lt;a title="Product Title" ng-reflect-router-link="/product/detail,9" href="/product/detail/9"&gt;&lt;img class="tab-image" src="https://cdn.dummyjson.com/product-images/fragrances/dolce-shine-eau-de/thumbnail.webp"&gt;&lt;/a&gt;&lt;/figure&gt;&lt;h3&gt;Dolce Shine Eau de&lt;/h3&gt;&lt;span class="qty"&gt;4 Unit&lt;/span&gt;&lt;span class="rating"&gt;&lt;svg width="24" height="24" class="text-primary"&gt;&lt;use xlink:href="#star-solid"&gt;&lt;/use&gt;&lt;/svg&gt; 3.96 &lt;/span&gt;&lt;span class="price"&gt;69.99&lt;/span&gt;&lt;div class="d-flex align-items-center justify-content-between"&gt;&lt;div class="input-group product-qty"&gt;&lt;span class="input-group-btn"&gt;&lt;button type="button" data-type="minus" class="quantity-left-minus btn btn-danger btn-number"&gt;&lt;svg width="16" height="16"&gt;&lt;use xlink:href="#minus"&gt;&lt;/use&gt;&lt;/svg&gt;&lt;/button&gt;&lt;/span&gt;&lt;input type="text" id="quantity" name="quantity" value="1" class="form-control input-number ng-untouched ng-pristine ng-valid" ng-reflect-name="quantity" ng-reflect-model="1"&gt;&lt;span class="input-group-btn"&gt;&lt;button type="button" data-type="plus" class="quantity-right-plus btn btn-success btn-number"&gt;&lt;svg width="16" height="16"&gt;&lt;use xlink:href="#plus"&gt;&lt;/use&gt;&lt;/svg&gt;&lt;/button&gt;&lt;/span&gt;&lt;/div&gt;&lt;button class="btn btn-primary" style="margin-left: 5px; height: 40px; width: 100px; white-space: nowrap;"&gt; Add to Cart &lt;/button&gt;&lt;/div&gt;&lt;/div&gt;&lt;/app-product-item&gt;&lt;/div&gt;&lt;div class="col"&gt;&lt;app-product-item ng-reflect-produit="[object Object]"&gt;&lt;div class="product-item"&gt;&lt;span class="badge bg-success position-absolute m-3"&gt;-14.39%&lt;/span&gt;&lt;a href="#" class="btn-wishlist"&gt;&lt;svg width="24" height="24"&gt;&lt;use xlink:href="#heart"&gt;&lt;/use&gt;&lt;/svg&gt;&lt;/a&gt;&lt;figure&gt;&lt;a title="Product Title" ng-reflect-router-link="/product/detail,10" href="/product/detail/10"&gt;&lt;img class="tab-image" src="https://cdn.dummyjson.com/product-images/fragrances/gucci-bloom-eau-de/thumbnail.webp"&gt;&lt;/a&gt;&lt;/figure&gt;&lt;h3&gt;Gucci Bloom Eau de&lt;/h3&gt;&lt;span class="qty"&gt;91 Unit&lt;/span&gt;&lt;span class="rating"&gt;&lt;svg width="24" height="24" class="text-primary"&gt;&lt;use xlink:href="#star-solid"&gt;&lt;/use&gt;&lt;/svg&gt; 2.74 &lt;/span&gt;&lt;span class="price"&gt;79.99&lt;/span&gt;&lt;div class="d-flex align-items-center justify-content-between"&gt;&lt;div class="input-group product-qty"&gt;&lt;span class="input-group-btn"&gt;&lt;button type="button" data-type="minus" class="quantity-left-minus btn btn-danger btn-number"&gt;&lt;svg width="16" height="16"&gt;&lt;use xlink:href="#minus"&gt;&lt;/use&gt;&lt;/svg&gt;&lt;/button&gt;&lt;/span&gt;&lt;input type="text" id="quantity" name="quantity" value="1" class="form-control input-number ng-untouched ng-pristine ng-valid" ng-reflect-name="quantity" ng-reflect-model="1"&gt;&lt;span class="input-group-btn"&gt;&lt;button type="button" data-type="plus" class="quantity-right-plus btn btn-success btn-number"&gt;&lt;svg width="16" height="16"&gt;&lt;use xlink:href="#plus"&gt;&lt;/use&gt;&lt;/svg&gt;&lt;/button&gt;&lt;/span&gt;&lt;/div&gt;&lt;button class="btn btn-primary" style="margin-left: 5px; height: 40px; width: 100px; white-space: nowrap;"&gt; Add to Cart &lt;/button&gt;&lt;/div&gt;&lt;/div&gt;&lt;/app-product-item&gt;&lt;/div&gt;&lt;div class="col"&gt;&lt;app-product-item ng-reflect-produit="[object Object]"&gt;&lt;div class="product-item"&gt;&lt;span class="badge bg-success position-absolute m-3"&gt;-8.57%&lt;/span&gt;&lt;a href="#" class="btn-wishlist"&gt;&lt;svg width="24" height="24"&gt;&lt;use xlink:href="#heart"&gt;&lt;/use&gt;&lt;/svg&gt;&lt;/a&gt;&lt;figure&gt;&lt;a title="Product Title" ng-reflect-router-link="/product/detail,11" href="/product/detail/11"&gt;&lt;img class="tab-image" src="https://cdn.dummyjson.com/product-images/furniture/annibale-colombo-bed/thumbnail.webp"&gt;&lt;/a&gt;&lt;/figure&gt;&lt;h3&gt;Annibale Colombo Bed&lt;/h3&gt;&lt;span class="qty"&gt;88 Unit&lt;/span&gt;&lt;span class="rating"&gt;&lt;svg width="24" height="24" class="text-primary"&gt;&lt;use xlink:href="#star-solid"&gt;&lt;/use&gt;&lt;/svg&gt; 4.77 &lt;/span&gt;&lt;span class="price"&gt;1899.99&lt;/span&gt;&lt;div class="d-flex align-items-center justify-content-between"&gt;&lt;div class="input-group product-qty"&gt;&lt;span class="input-group-btn"&gt;&lt;button type="button" data-type="minus" class="quantity-left-minus btn btn-danger btn-number"&gt;&lt;svg width="16" height="16"&gt;&lt;use xlink:href="#minus"&gt;&lt;/use&gt;&lt;/svg&gt;&lt;/button&gt;&lt;/span&gt;&lt;input type="text" id="quantity" name="quantity" value="1" class="form-control input-number ng-untouched ng-pristine ng-valid" ng-reflect-name="quantity" ng-reflect-model="1"&gt;&lt;span class="input-group-btn"&gt;&lt;button type="button" data-type="plus" class="quantity-right-plus btn btn-success btn-number"&gt;&lt;svg width="16" height="16"&gt;&lt;use xlink:href="#plus"&gt;&lt;/use&gt;&lt;/svg&gt;&lt;/button&gt;&lt;/span&gt;&lt;/div&gt;&lt;button class="btn btn-primary" style="margin-left: 5px; height: 40px; width: 100px; white-space: nowrap;"&gt; Add to Cart &lt;/button&gt;&lt;/div&gt;&lt;/div&gt;&lt;/app-product-item&gt;&lt;/div&gt;&lt;div class="col"&gt;&lt;app-product-item ng-reflect-produit="[object Object]"&gt;&lt;div class="product-item"&gt;&lt;span class="badge bg-success position-absolute m-3"&gt;-14.4%&lt;/span&gt;&lt;a href="#" class="btn-wishlist"&gt;&lt;svg width="24" height="24"&gt;&lt;use xlink:href="#heart"&gt;&lt;/use&gt;&lt;/svg&gt;&lt;/a&gt;&lt;figure&gt;&lt;a title="Product Title" ng-reflect-router-link="/product/detail,12" href="/product/detail/12"&gt;&lt;img class="tab-image" src="https://cdn.dummyjson.com/product-images/furniture/annibale-colombo-sofa/thumbnail.webp"&gt;&lt;/a&gt;&lt;/figure&gt;&lt;h3&gt;Annibale Colombo Sofa&lt;/h3&gt;&lt;span class="qty"&gt;60 Unit&lt;/span&gt;&lt;span class="rating"&gt;&lt;svg width="24" height="24" class="text-primary"&gt;&lt;use xlink:href="#star-solid"&gt;&lt;/use&gt;&lt;/svg&gt; 3.92 &lt;/span&gt;&lt;span class="price"&gt;2499.99&lt;/span&gt;&lt;div class="d-flex align-items-center justify-content-between"&gt;&lt;div class="input-group product-qty"&gt;&lt;span class="input-group-btn"&gt;&lt;button type="button" data-type="minus" class="quantity-left-minus btn btn-danger btn-number"&gt;&lt;svg width="16" height="16"&gt;&lt;use xlink:href="#minus"&gt;&lt;/use&gt;&lt;/svg&gt;&lt;/button&gt;&lt;/span&gt;&lt;input type="text" id="quantity" name="quantity" value="1" class="form-control input-number ng-untouched ng-pristine ng-valid" ng-reflect-name="quantity" ng-reflect-model="1"&gt;&lt;span class="input-group-btn"&gt;&lt;button type="button" data-type="plus" class="quantity-right-plus btn btn-success btn-number"&gt;&lt;svg width="16" height="16"&gt;&lt;use xlink:href="#plus"&gt;&lt;/use&gt;&lt;/svg&gt;&lt;/button&gt;&lt;/span&gt;&lt;/div&gt;&lt;button class="btn btn-primary" style="margin-left: 5px; height: 40px; width: 100px; white-space: nowrap;"&gt; Add to Cart &lt;/button&gt;&lt;/div&gt;&lt;/div&gt;&lt;/app-product-item&gt;&lt;/div&gt;&lt;div class="col"&gt;&lt;app-product-item ng-reflect-produit="[object Object]"&gt;&lt;div class="product-item"&gt;&lt;span class="badge bg-success position-absolute m-3"&gt;-19.09%&lt;/span&gt;&lt;a href="#" class="btn-wishlist"&gt;&lt;svg width="24" height="24"&gt;&lt;use xlink:href="#heart"&gt;&lt;/use&gt;&lt;/svg&gt;&lt;/a&gt;&lt;figure&gt;&lt;a title="Product Title" ng-reflect-router-link="/product/detail,13" href="/product/detail/13"&gt;&lt;img class="tab-image" src="https://cdn.dummyjson.com/product-images/furniture/bedside-table-african-cherry/thumbnail.webp"&gt;&lt;/a&gt;&lt;/figure&gt;&lt;h3&gt;Bedside Table African Cherry&lt;/h3&gt;&lt;span class="qty"&gt;64 Unit&lt;/span&gt;&lt;span class="rating"&gt;&lt;svg width="24" height="24" class="text-primary"&gt;&lt;use xlink:href="#star-solid"&gt;&lt;/use&gt;&lt;/svg&gt; 2.87 &lt;/span&gt;&lt;span class="price"&gt;299.99&lt;/span&gt;&lt;div class="d-flex align-items-center justify-content-between"&gt;&lt;div class="input-group product-qty"&gt;&lt;span class="input-group-btn"&gt;&lt;button type="button" data-type="minus" class="quantity-left-minus btn btn-danger btn-number"&gt;&lt;svg width="16" height="16"&gt;&lt;use xlink:href="#minus"&gt;&lt;/use&gt;&lt;/svg&gt;&lt;/button&gt;&lt;/span&gt;&lt;input type="text" id="quantity" name="quantity" value="1" class="form-control input-number ng-untouched ng-pristine ng-valid" ng-reflect-name="quantity" ng-reflect-model="1"&gt;&lt;span class="input-group-btn"&gt;&lt;button type="button" data-type="plus" class="quantity-right-plus btn btn-success btn-number"&gt;&lt;svg width="16" height="16"&gt;&lt;use xlink:href="#plus"&gt;&lt;/use&gt;&lt;/svg&gt;&lt;/button&gt;&lt;/span&gt;&lt;/div&gt;&lt;button class="btn btn-primary" style="margin-left: 5px; height: 40px; width: 100px; white-space: nowrap;"&gt; Add to Cart &lt;/button&gt;&lt;/div&gt;&lt;/div&gt;&lt;/app-product-item&gt;&lt;/div&gt;&lt;div class="col"&gt;&lt;app-product-item ng-reflect-produit="[object Object]"&gt;&lt;div class="product-item"&gt;&lt;span class="badge bg-success position-absolute m-3"&gt;-2.01%&lt;/span&gt;&lt;a href="#" class="btn-wishlist"&gt;&lt;svg width="24" height="24"&gt;&lt;use xlink:href="#heart"&gt;&lt;/use&gt;&lt;/svg&gt;&lt;/a&gt;&lt;figure&gt;&lt;a title="Product Title" ng-reflect-router-link="/product/detail,14" href="/product/detail/14"&gt;&lt;img class="tab-image" src="https://cdn.dummyjson.com/product-images/furniture/knoll-saarinen-executive-conference-chair/thumbnail.webp"&gt;&lt;/a&gt;&lt;/figure&gt;&lt;h3&gt;Knoll Saarinen Executive Conference Chair&lt;/h3&gt;&lt;span class="qty"&gt;26 Unit&lt;/span&gt;&lt;span class="rating"&gt;&lt;svg width="24" height="24" class="text-primary"&gt;&lt;use xlink:href="#star-solid"&gt;&lt;/use&gt;&lt;/svg&gt; 4.88 &lt;/span&gt;&lt;span class="price"&gt;499.99&lt;/span&gt;&lt;div class="d-flex align-items-center justify-conte
[...]
<msg time="2025-07-28T22:41:08.441358" level="INFO">Login successful with registered credentials</msg>
<arg>Login successful with registered credentials</arg>
<doc>Logs the given message with the given level.</doc>
<status status="PASS" start="2025-07-28T22:41:08.441358" elapsed="0.000000"/>
</kw>
<kw name="Close Browser And Capture On Failure" type="TEARDOWN">
<kw name="Run Keyword If Test Failed" owner="BuiltIn">
<arg>Capture Page Screenshot</arg>
<arg>failure-{index}.png</arg>
<doc>Runs the given keyword with the given arguments, if the test failed.</doc>
<status status="PASS" start="2025-07-28T22:41:08.443373" elapsed="0.000000"/>
</kw>
<kw name="Run Keyword If Test Failed" owner="BuiltIn">
<arg>Log Source</arg>
<doc>Runs the given keyword with the given arguments, if the test failed.</doc>
<status status="PASS" start="2025-07-28T22:41:08.443373" elapsed="0.000999"/>
</kw>
<kw name="Close Browser" owner="SeleniumLibrary">
<doc>Closes the current browser.</doc>
<status status="PASS" start="2025-07-28T22:41:08.444372" elapsed="2.998582"/>
</kw>
<status status="PASS" start="2025-07-28T22:41:08.442370" elapsed="3.000584"/>
</kw>
<doc>Test complet: inscription, déconnexion, puis connexion avec mêmes identifiants</doc>
<tag>complete</tag>
<tag>critical</tag>
<tag>workflow</tag>
<status status="PASS" start="2025-07-28T22:39:51.068937" elapsed="80.375038"/>
</test>
<test id="s1-t12" name="TC012 - Debug page elements after registration" line="361">
<kw name="Open Browser Setup" type="SETUP">
<kw name="Open Browser" owner="SeleniumLibrary">
<msg time="2025-07-28T22:41:11.451501" level="INFO">Opening browser 'firefox' to base url 'http://localhost:4200'.</msg>
<arg>${BASE_URL}</arg>
<arg>${BROWSER}</arg>
<doc>Opens a new browser instance to the optional ``url``.</doc>
<status status="PASS" start="2025-07-28T22:41:11.449955" elapsed="26.049184"/>
</kw>
<kw name="Maximize Browser Window" owner="SeleniumLibrary">
<doc>Maximizes current browser window.</doc>
<status status="PASS" start="2025-07-28T22:41:37.499139" elapsed="0.765128"/>
</kw>
<kw name="Set Selenium Timeout" owner="SeleniumLibrary">
<arg>${TIMEOUT}</arg>
<doc>Sets the timeout that is used by various keywords.</doc>
<status status="PASS" start="2025-07-28T22:41:38.264267" elapsed="0.151813"/>
</kw>
<kw name="Wait Until Page Contains Element" owner="SeleniumLibrary">
<arg>css:body</arg>
<arg>timeout=${TIMEOUT}</arg>
<doc>Waits until the element ``locator`` appears on the current page.</doc>
<status status="PASS" start="2025-07-28T22:41:38.416080" elapsed="1.300007"/>
</kw>
<status status="PASS" start="2025-07-28T22:41:11.447970" elapsed="28.269103"/>
</kw>
<kw name="Get Current Date" owner="DateTime">
<msg time="2025-07-28T22:41:39.718070" level="INFO">${timestamp} = 20250728224139</msg>
<var>${timestamp}</var>
<arg>result_format=%Y%m%d%H%M%S</arg>
<doc>Returns current local or UTC time with an optional increment.</doc>
<status status="PASS" start="2025-07-28T22:41:39.718070" elapsed="0.000000"/>
</kw>
<kw name="Set Variable" owner="BuiltIn">
<msg time="2025-07-28T22:41:39.720070" level="INFO">${unique_email} = debug20250728224139@example.com</msg>
<var>${unique_email}</var>
<arg>debug${timestamp}@example.com</arg>
<doc>Returns the given values which can then be assigned to a variables.</doc>
<status status="PASS" start="2025-07-28T22:41:39.719073" elapsed="0.000997"/>
</kw>
<kw name="Set Variable" owner="BuiltIn">
<msg time="2025-07-28T22:41:39.721073" level="INFO">${unique_username} = debuguser20250728224139</msg>
<var>${unique_username}</var>
<arg>debuguser${timestamp}</arg>
<doc>Returns the given values which can then be assigned to a variables.</doc>
<status status="PASS" start="2025-07-28T22:41:39.720070" elapsed="0.001003"/>
</kw>
<kw name="Set Variable" owner="BuiltIn">
<msg time="2025-07-28T22:41:39.722071" level="INFO">${password} = Debug123!</msg>
<var>${password}</var>
<arg>Debug123!</arg>
<doc>Returns the given values which can then be assigned to a variables.</doc>
<status status="PASS" start="2025-07-28T22:41:39.722071" elapsed="0.000000"/>
</kw>
<kw name="Register New User">
<kw name="Navigate To Register Page">
<kw name="Go To" owner="SeleniumLibrary">
<msg time="2025-07-28T22:41:39.725073" level="INFO">Opening url 'http://localhost:4200/sign-up'</msg>
<arg>${BASE_URL}${SIGNUP_ROUTE}</arg>
<doc>Navigates the current browser window to the provided ``url``.</doc>
<status status="PASS" start="2025-07-28T22:41:39.725073" elapsed="5.989932"/>
</kw>
<kw name="Wait Until Page Contains Element" owner="SeleniumLibrary">
<arg>${REGISTER_EMAIL_INPUT}</arg>
<arg>timeout=${TIMEOUT}</arg>
<doc>Waits until the element ``locator`` appears on the current page.</doc>
<status status="PASS" start="2025-07-28T22:41:45.716246" elapsed="0.008243"/>
</kw>
<kw name="Page Should Contain" owner="SeleniumLibrary">
<msg time="2025-07-28T22:41:45.735139" level="INFO">Current page contains text 'Register'.</msg>
<arg>Register</arg>
<doc>Verifies that current page contains ``text``.</doc>
<status status="PASS" start="2025-07-28T22:41:45.724995" elapsed="0.010144"/>
</kw>
<status status="PASS" start="2025-07-28T22:41:39.724078" elapsed="6.011061"/>
</kw>
<kw name="Wait Until Element Is Visible" owner="SeleniumLibrary">
<arg>${REGISTER_EMAIL_INPUT}</arg>
<arg>timeout=${TIMEOUT}</arg>
<doc>Waits until the element ``locator`` is visible.</doc>
<status status="PASS" start="2025-07-28T22:41:45.735139" elapsed="0.026871"/>
</kw>
<kw name="Clear Element Text" owner="SeleniumLibrary">
<arg>${REGISTER_EMAIL_INPUT}</arg>
<doc>Clears the value of the text-input-element identified by ``locator``.</doc>
<status status="PASS" start="2025-07-28T22:41:45.762010" elapsed="0.082144"/>
</kw>
<kw name="Input Text" owner="SeleniumLibrary">
<msg time="2025-07-28T22:41:45.844154" level="INFO">Typing text 'debug20250728224139@example.com' into text field 'css:#form2Example1'.</msg>
<arg>${REGISTER_EMAIL_INPUT}</arg>
<arg>${email}</arg>
<doc>Types the given ``text`` into the text field identified by ``locator``.</doc>
<status status="PASS" start="2025-07-28T22:41:45.844154" elapsed="0.065851"/>
</kw>
<kw name="Clear Element Text" owner="SeleniumLibrary">
<arg>${REGISTER_USERNAME_INPUT}</arg>
<doc>Clears the value of the text-input-element identified by ``locator``.</doc>
<status status="PASS" start="2025-07-28T22:41:45.910005" elapsed="0.020668"/>
</kw>
<kw name="Input Text" owner="SeleniumLibrary">
<msg time="2025-07-28T22:41:45.931673" level="INFO">Typing text 'debuguser20250728224139' into text field 'css:#form2Example3'.</msg>
<arg>${REGISTER_USERNAME_INPUT}</arg>
<arg>${username}</arg>
<doc>Types the given ``text`` into the text field identified by ``locator``.</doc>
<status status="PASS" start="2025-07-28T22:41:45.930673" elapsed="0.059980"/>
</kw>
<kw name="Clear Element Text" owner="SeleniumLibrary">
<arg>${REGISTER_PASSWORD_INPUT}</arg>
<doc>Clears the value of the text-input-element identified by ``locator``.</doc>
<status status="PASS" start="2025-07-28T22:41:45.991682" elapsed="0.017220"/>
</kw>
<kw name="Input Text" owner="SeleniumLibrary">
<msg time="2025-07-28T22:41:46.008902" level="INFO">Typing text 'Debug123!' into text field 'css:#form2Example2'.</msg>
<arg>${REGISTER_PASSWORD_INPUT}</arg>
<arg>${password}</arg>
<doc>Types the given ``text`` into the text field identified by ``locator``.</doc>
<status status="PASS" start="2025-07-28T22:41:46.008902" elapsed="0.037317"/>
</kw>
<kw name="Click Button" owner="SeleniumLibrary">
<msg time="2025-07-28T22:41:46.047222" level="INFO">Clicking button 'css:button[type="submit"]'.</msg>
<arg>${REGISTER_BUTTON}</arg>
<doc>Clicks the button identified by ``locator``.</doc>
<status status="PASS" start="2025-07-28T22:41:46.047222" elapsed="0.293370"/>
</kw>
<kw name="Sleep" owner="BuiltIn">
<msg time="2025-07-28T22:41:48.346791" level="INFO">Slept 2 seconds.</msg>
<arg>2s</arg>
<doc>Pauses the test executed for the given time.</doc>
<status status="PASS" start="2025-07-28T22:41:46.341098" elapsed="2.006731"/>
</kw>
<arg>${unique_email}</arg>
<arg>${unique_username}</arg>
<arg>${password}</arg>
<status status="PASS" start="2025-07-28T22:41:39.723077" elapsed="8.624752"/>
</kw>
<kw name="Sleep" owner="BuiltIn">
<msg time="2025-07-28T22:41:51.353424" level="INFO">Slept 3 seconds.</msg>
<arg>3s</arg>
<doc>Pauses the test executed for the given time.</doc>
<status status="PASS" start="2025-07-28T22:41:48.348849" elapsed="3.004575"/>
</kw>
<kw name="Debug Page Elements">
<kw name="Log" owner="BuiltIn">
<msg time="2025-07-28T22:41:51.354531" level="INFO">Debugging page elements after login/registration</msg>
<arg>Debugging page elements after login/registration</arg>
<doc>Logs the given message with the given level.</doc>
<status status="PASS" start="2025-07-28T22:41:51.354531" elapsed="0.001004"/>
</kw>
<kw name="Get WebElements" owner="SeleniumLibrary">
<msg time="2025-07-28T22:41:53.363506" level="INFO">${elements} = []</msg>
<var>${elements}</var>
<arg>css:*[data-testid]</arg>
<doc>Returns a list of WebElement objects matching the ``locator``.</doc>
<status status="PASS" start="2025-07-28T22:41:51.355535" elapsed="2.007971"/>
</kw>
<kw name="Log" owner="BuiltIn">
<msg time="2025-07-28T22:41:53.363506" level="INFO">Found elements with data-testid: []</msg>
<arg>Found elements with data-testid: ${elements}</arg>
<doc>Logs the given message with the given level.</doc>
<status status="PASS" start="2025-07-28T22:41:53.363506" elapsed="0.000000"/>
</kw>
<kw name="Get WebElements" owner="SeleniumLibrary">
<msg time="2025-07-28T22:41:53.368565" level="INFO">${buttons} = [&lt;selenium.webdriver.remote.webelement.WebElement (session="3e02e524-cba6-4c2f-a73b-eecfe8c39134", element="b06a08bf-7453-481f-8ff1-ed7c7ea3088e")&gt;]</msg>
<var>${buttons}</var>
<arg>css:button</arg>
<doc>Returns a list of WebElement objects matching the ``locator``.</doc>
<status status="PASS" start="2025-07-28T22:41:53.364559" elapsed="0.004006"/>
</kw>
<kw name="Log" owner="BuiltIn">
<msg time="2025-07-28T22:41:53.369564" level="INFO">Found buttons: [&lt;selenium.webdriver.remote.webelement.WebElement (session="3e02e524-cba6-4c2f-a73b-eecfe8c39134", element="b06a08bf-7453-481f-8ff1-ed7c7ea3088e")&gt;]</msg>
<arg>Found buttons: ${buttons}</arg>
<doc>Logs the given message with the given level.</doc>
<status status="PASS" start="2025-07-28T22:41:53.368565" elapsed="0.000999"/>
</kw>
<kw name="Get WebElements" owner="SeleniumLibrary">
<msg time="2025-07-28T22:41:55.377899" level="INFO">${links} = []</msg>
<var>${links}</var>
<arg>css:a</arg>
<doc>Returns a list of WebElement objects matching the ``locator``.</doc>
<status status="PASS" start="2025-07-28T22:41:53.369564" elapsed="2.009337"/>
</kw>
<kw name="Log" owner="BuiltIn">
<msg time="2025-07-28T22:41:55.378901" level="INFO">Found links: []</msg>
<arg>Found links: ${links}</arg>
<doc>Logs the given message with the given level.</doc>
<status status="PASS" start="2025-07-28T22:41:55.378901" elapsed="0.000000"/>
</kw>
<kw name="Create List" owner="BuiltIn">
<msg time="2025-07-28T22:41:55.379901" level="INFO">${logout_patterns} = ['logout', 'sign out', 'disconnect', 'déconnexion']</msg>
<var>${logout_patterns}</var>
<arg>logout</arg>
<arg>sign out</arg>
<arg>disconnect</arg>
<arg>déconnexion</arg>
<doc>Returns a list containing given items.</doc>
<status status="PASS" start="2025-07-28T22:41:55.379901" elapsed="0.000000"/>
</kw>
<for flavor="IN">
<iter>
<kw name="Run Keyword And Return Status" owner="BuiltIn">
<kw name="Page Should Contain" owner="SeleniumLibrary">
<msg time="2025-07-28T22:41:59.495089" level="INFO" html="true">&lt;/td&gt;&lt;/tr&gt;&lt;tr&gt;&lt;td colspan="3"&gt;&lt;a href="selenium-screenshot-27.png"&gt;&lt;img src="selenium-screenshot-27.png" width="800px"&gt;&lt;/a&gt;</msg>
<msg time="2025-07-28T22:41:59.495089" level="FAIL">Page should have contained text 'logout' but did not.</msg>
<arg>${pattern}</arg>
<doc>Verifies that current page contains ``text``.</doc>
<status status="FAIL" start="2025-07-28T22:41:55.380900" elapsed="4.114189">Page should have contained text 'logout' but did not.</status>
</kw>
<msg time="2025-07-28T22:41:59.495089" level="INFO">${found} = False</msg>
<var>${found}</var>
<arg>Page Should Contain</arg>
<arg>${pattern}</arg>
<doc>Runs the given keyword with given arguments and returns the status as a Boolean value.</doc>
<status status="PASS" start="2025-07-28T22:41:55.380900" elapsed="4.114189"/>
</kw>
<kw name="Run Keyword If" owner="BuiltIn">
<arg>${found}</arg>
<arg>Log</arg>
<arg>Found logout pattern: ${pattern}</arg>
<doc>Runs the given keyword with the given arguments, if ``condition`` is true.</doc>
<status status="PASS" start="2025-07-28T22:41:59.496089" elapsed="0.000000"/>
</kw>
<var name="${pattern}">logout</var>
<status status="PASS" start="2025-07-28T22:41:55.379901" elapsed="4.116188"/>
</iter>
<iter>
<kw name="Run Keyword And Return Status" owner="BuiltIn">
<kw name="Page Should Contain" owner="SeleniumLibrary">
<msg time="2025-07-28T22:42:03.633690" level="INFO" html="true">&lt;/td&gt;&lt;/tr&gt;&lt;tr&gt;&lt;td colspan="3"&gt;&lt;a href="selenium-screenshot-28.png"&gt;&lt;img src="selenium-screenshot-28.png" width="800px"&gt;&lt;/a&gt;</msg>
<msg time="2025-07-28T22:42:03.633690" level="FAIL">Page should have contained text 'sign out' but did not.</msg>
<arg>${pattern}</arg>
<doc>Verifies that current page contains ``text``.</doc>
<status status="FAIL" start="2025-07-28T22:41:59.496089" elapsed="4.138604">Page should have contained text 'sign out' but did not.</status>
</kw>
<msg time="2025-07-28T22:42:03.634693" level="INFO">${found} = False</msg>
<var>${found}</var>
<arg>Page Should Contain</arg>
<arg>${pattern}</arg>
<doc>Runs the given keyword with given arguments and returns the status as a Boolean value.</doc>
<status status="PASS" start="2025-07-28T22:41:59.496089" elapsed="4.138604"/>
</kw>
<kw name="Run Keyword If" owner="BuiltIn">
<arg>${found}</arg>
<arg>Log</arg>
<arg>Found logout pattern: ${pattern}</arg>
<doc>Runs the given keyword with the given arguments, if ``condition`` is true.</doc>
<status status="PASS" start="2025-07-28T22:42:03.634693" elapsed="0.001002"/>
</kw>
<var name="${pattern}">sign out</var>
<status status="PASS" start="2025-07-28T22:41:59.496089" elapsed="4.139606"/>
</iter>
<iter>
<kw name="Run Keyword And Return Status" owner="BuiltIn">
<kw name="Page Should Contain" owner="SeleniumLibrary">
<msg time="2025-07-28T22:42:07.738096" level="INFO" html="true">&lt;/td&gt;&lt;/tr&gt;&lt;tr&gt;&lt;td colspan="3"&gt;&lt;a href="selenium-screenshot-29.png"&gt;&lt;img src="selenium-screenshot-29.png" width="800px"&gt;&lt;/a&gt;</msg>
<msg time="2025-07-28T22:42:07.739096" level="FAIL">Page should have contained text 'disconnect' but did not.</msg>
<arg>${pattern}</arg>
<doc>Verifies that current page contains ``text``.</doc>
<status status="FAIL" start="2025-07-28T22:42:03.635695" elapsed="4.103401">Page should have contained text 'disconnect' but did not.</status>
</kw>
<msg time="2025-07-28T22:42:07.739096" level="INFO">${found} = False</msg>
<var>${found}</var>
<arg>Page Should Contain</arg>
<arg>${pattern}</arg>
<doc>Runs the given keyword with given arguments and returns the status as a Boolean value.</doc>
<status status="PASS" start="2025-07-28T22:42:03.635695" elapsed="4.103401"/>
</kw>
<kw name="Run Keyword If" owner="BuiltIn">
<arg>${found}</arg>
<arg>Log</arg>
<arg>Found logout pattern: ${pattern}</arg>
<doc>Runs the given keyword with the given arguments, if ``condition`` is true.</doc>
<status status="PASS" start="2025-07-28T22:42:07.739096" elapsed="0.001001"/>
</kw>
<var name="${pattern}">disconnect</var>
<status status="PASS" start="2025-07-28T22:42:03.635695" elapsed="4.104402"/>
</iter>
<iter>
<kw name="Run Keyword And Return Status" owner="BuiltIn">
<kw name="Page Should Contain" owner="SeleniumLibrary">
<msg time="2025-07-28T22:42:11.854096" level="INFO" html="true">&lt;/td&gt;&lt;/tr&gt;&lt;tr&gt;&lt;td colspan="3"&gt;&lt;a href="selenium-screenshot-30.png"&gt;&lt;img src="selenium-screenshot-30.png" width="800px"&gt;&lt;/a&gt;</msg>
<msg time="2025-07-28T22:42:11.854096" level="FAIL">Page should have contained text 'déconnexion' but did not.</msg>
<arg>${pattern}</arg>
<doc>Verifies that current page contains ``text``.</doc>
<status status="FAIL" start="2025-07-28T22:42:07.740097" elapsed="4.113999">Page should have contained text 'déconnexion' but did not.</status>
</kw>
<msg time="2025-07-28T22:42:11.854096" level="INFO">${found} = False</msg>
<var>${found}</var>
<arg>Page Should Contain</arg>
<arg>${pattern}</arg>
<doc>Runs the given keyword with given arguments and returns the status as a Boolean value.</doc>
<status status="PASS" start="2025-07-28T22:42:07.740097" elapsed="4.115027"/>
</kw>
<kw name="Run Keyword If" owner="BuiltIn">
<arg>${found}</arg>
<arg>Log</arg>
<arg>Found logout pattern: ${pattern}</arg>
<doc>Runs the given keyword with the given arguments, if ``condition`` is true.</doc>
<status status="PASS" start="2025-07-28T22:42:11.855124" elapsed="0.000000"/>
</kw>
<var name="${pattern}">déconnexion</var>
<status status="PASS" start="2025-07-28T22:42:07.740097" elapsed="4.115027"/>
</iter>
<var>${pattern}</var>
<value>@{logout_patterns}</value>
<status status="PASS" start="2025-07-28T22:41:55.379901" elapsed="16.475223"/>
</for>
<status status="PASS" start="2025-07-28T22:41:51.354531" elapsed="20.500593"/>
</kw>
<kw name="Close Browser And Capture On Failure" type="TEARDOWN">
<kw name="Run Keyword If Test Failed" owner="BuiltIn">
<arg>Capture Page Screenshot</arg>
<arg>failure-{index}.png</arg>
<doc>Runs the given keyword with the given arguments, if the test failed.</doc>
<status status="PASS" start="2025-07-28T22:42:11.856124" elapsed="0.000000"/>
</kw>
<kw name="Run Keyword If Test Failed" owner="BuiltIn">
<arg>Log Source</arg>
<doc>Runs the given keyword with the given arguments, if the test failed.</doc>
<status status="PASS" start="2025-07-28T22:42:11.856124" elapsed="0.000000"/>
</kw>
<kw name="Close Browser" owner="SeleniumLibrary">
<doc>Closes the current browser.</doc>
<status status="PASS" start="2025-07-28T22:42:11.857123" elapsed="2.940601"/>
</kw>
<status status="PASS" start="2025-07-28T22:42:11.856124" elapsed="2.941600"/>
</kw>
<doc>Test pour déboguer les éléments de la page après inscription</doc>
<tag>debug</tag>
<status status="PASS" start="2025-07-28T22:41:11.445959" elapsed="63.352760"/>
</test>
<kw name="Log" owner="BuiltIn" type="TEARDOWN">
<msg time="2025-07-28T22:42:14.806718" level="INFO">Suite de tests e-commerce terminée</msg>
<arg>Suite de tests e-commerce terminée</arg>
<doc>Logs the given message with the given level.</doc>
<status status="PASS" start="2025-07-28T22:42:14.805724" elapsed="0.000994"/>
</kw>
<doc>Tests automatisés pour application e-commerce Angular</doc>
<status status="PASS" start="2025-07-28T22:30:54.307655" elapsed="680.499063"/>
</suite>
<statistics>
<total>
<stat pass="12" fail="0" skip="0">All Tests</stat>
</total>
<tag>
<stat pass="3" fail="0" skip="0">authentication</stat>
<stat pass="1" fail="0" skip="0">complete</stat>
<stat pass="3" fail="0" skip="0">critical</stat>
<stat pass="1" fail="0" skip="0">debug</stat>
<stat pass="1" fail="0" skip="0">functional</stat>
<stat pass="3" fail="0" skip="0">navigation</stat>
<stat pass="3" fail="0" skip="0">negative</stat>
<stat pass="1" fail="0" skip="0">prerequisite</stat>
<stat pass="2" fail="0" skip="0">registration</stat>
<stat pass="1" fail="0" skip="0">smoke</stat>
<stat pass="5" fail="0" skip="0">ui</stat>
<stat pass="1" fail="0" skip="0">workflow</stat>
</tag>
<suite>
<stat name="Hello" id="s1" pass="12" fail="0" skip="0">Hello</stat>
</suite>
</statistics>
<errors>
<msg time="2025-07-28T22:30:54.297469" level="WARN">Error in file 'C:\Users\LENOVO\E-commerce-App-main\robot-tests\hello.robot' on line 202: The '[Return]' setting is deprecated. Use the 'RETURN' statement instead.</msg>
</errors>
</robot>
